{
  "uid" : "101b667a082da8de",
  "name" : "test_remove_domain_admin",
  "fullName" : "testcase.test_20_remove_domain_admin.TestRemoveDomainAdmin#test_remove_domain_admin",
  "historyId" : "854d146f14dd1df4a61b299bf2691584",
  "time" : {
    "start" : 1572678076159,
    "stop" : 1572678089925,
    "duration" : 13766
  },
  "status" : "broken",
  "statusMessage" : "selenium.common.exceptions.TimeoutException: Message: Element: xpath->//a[contains(text(),'河南分公司')] not found in 5 seconds.",
  "statusTrace" : "self = <test_20_remove_domain_admin.TestRemoveDomainAdmin object at 0x00766370>\n\n    @pytest.mark.flaky(reruns=3)\n    def test_remove_domain_admin(self):\n    \n        login = Login(self.dr)\n        login.login(\"系统管理员\",'123456')\n        datas = datainfo.get_xls_to_dict(\"user.xlsx\", \"Sheet1\")[0]\n        upage = sysUorgMgrPage.SysUorgMgrPage(self.dr)\n        ua = userAction.UserAction(self.dr)\n>       ua.remove_domain_administrator(datas[\"mgrname\"],datas[\"username\"])\n\ntestcase\\test_20_remove_domain_admin.py:29: \n_ _ _ _ _ _ _ _ _ _ _ _ _ _ _ _ _ _ _ _ _ _ _ _ _ _ _ _ _ _ _ _ _ _ _ _ _ _ _ _\npublic\\appModel\\userAction.py:64: in remove_domain_administrator\n    self.mgrpage.select_mgr(mgrname)\npublic\\pages\\sysMorgMgrPage.py:19: in select_mgr\n    self.dr.click(\"xpath->//a[contains(text(),'%s分公司')]\"%value)\npublic\\common\\pyselenium.py:213: in click\n    self.element_wait(css)\npublic\\common\\pyselenium.py:91: in element_wait\n    WebDriverWait(self.driver, secs, 1).until(EC.presence_of_element_located((By.XPATH, value)), messages)\n_ _ _ _ _ _ _ _ _ _ _ _ _ _ _ _ _ _ _ _ _ _ _ _ _ _ _ _ _ _ _ _ _ _ _ _ _ _ _ _\n\nself = <selenium.webdriver.support.wait.WebDriverWait (session=\"d54b242c-3dd6-4bdc-9f8d-0d231799210f\")>\nmethod = <selenium.webdriver.support.expected_conditions.presence_of_element_located object at 0x007555B0>\nmessage = \"Element: xpath->//a[contains(text(),'河南分公司')] not found in 5 seconds.\"\n\n    def until(self, method, message=''):\n        \"\"\"Calls the method provided with the driver as an argument until the \\\n        return value is not False.\"\"\"\n        screen = None\n        stacktrace = None\n    \n        end_time = time.time() + self._timeout\n        while True:\n            try:\n                value = method(self._driver)\n                if value:\n                    return value\n            except self._ignored_exceptions as exc:\n                screen = getattr(exc, 'screen', None)\n                stacktrace = getattr(exc, 'stacktrace', None)\n            time.sleep(self._poll)\n            if time.time() > end_time:\n                break\n>       raise TimeoutException(message, screen, stacktrace)\nE       selenium.common.exceptions.TimeoutException: Message: Element: xpath->//a[contains(text(),'河南分公司')] not found in 5 seconds.\n\nD:\\Env\\ui_auto\\lib\\site-packages\\selenium\\webdriver\\support\\wait.py:80: TimeoutException",
  "flaky" : false,
  "newFailed" : false,
  "beforeStages" : [ {
    "name" : "_Class__pytest_setup_class",
    "time" : {
      "start" : 1572678066575,
      "stop" : 1572678076158,
      "duration" : 9583
    },
    "status" : "passed",
    "steps" : [ ],
    "attachments" : [ ],
    "parameters" : [ ],
    "shouldDisplayMessage" : false,
    "attachmentsCount" : 0,
    "hasContent" : false,
    "stepsCount" : 0
  } ],
  "testStage" : {
    "status" : "broken",
    "statusMessage" : "selenium.common.exceptions.TimeoutException: Message: Element: xpath->//a[contains(text(),'河南分公司')] not found in 5 seconds.",
    "statusTrace" : "self = <test_20_remove_domain_admin.TestRemoveDomainAdmin object at 0x00766370>\n\n    @pytest.mark.flaky(reruns=3)\n    def test_remove_domain_admin(self):\n    \n        login = Login(self.dr)\n        login.login(\"系统管理员\",'123456')\n        datas = datainfo.get_xls_to_dict(\"user.xlsx\", \"Sheet1\")[0]\n        upage = sysUorgMgrPage.SysUorgMgrPage(self.dr)\n        ua = userAction.UserAction(self.dr)\n>       ua.remove_domain_administrator(datas[\"mgrname\"],datas[\"username\"])\n\ntestcase\\test_20_remove_domain_admin.py:29: \n_ _ _ _ _ _ _ _ _ _ _ _ _ _ _ _ _ _ _ _ _ _ _ _ _ _ _ _ _ _ _ _ _ _ _ _ _ _ _ _\npublic\\appModel\\userAction.py:64: in remove_domain_administrator\n    self.mgrpage.select_mgr(mgrname)\npublic\\pages\\sysMorgMgrPage.py:19: in select_mgr\n    self.dr.click(\"xpath->//a[contains(text(),'%s分公司')]\"%value)\npublic\\common\\pyselenium.py:213: in click\n    self.element_wait(css)\npublic\\common\\pyselenium.py:91: in element_wait\n    WebDriverWait(self.driver, secs, 1).until(EC.presence_of_element_located((By.XPATH, value)), messages)\n_ _ _ _ _ _ _ _ _ _ _ _ _ _ _ _ _ _ _ _ _ _ _ _ _ _ _ _ _ _ _ _ _ _ _ _ _ _ _ _\n\nself = <selenium.webdriver.support.wait.WebDriverWait (session=\"d54b242c-3dd6-4bdc-9f8d-0d231799210f\")>\nmethod = <selenium.webdriver.support.expected_conditions.presence_of_element_located object at 0x007555B0>\nmessage = \"Element: xpath->//a[contains(text(),'河南分公司')] not found in 5 seconds.\"\n\n    def until(self, method, message=''):\n        \"\"\"Calls the method provided with the driver as an argument until the \\\n        return value is not False.\"\"\"\n        screen = None\n        stacktrace = None\n    \n        end_time = time.time() + self._timeout\n        while True:\n            try:\n                value = method(self._driver)\n                if value:\n                    return value\n            except self._ignored_exceptions as exc:\n                screen = getattr(exc, 'screen', None)\n                stacktrace = getattr(exc, 'stacktrace', None)\n            time.sleep(self._poll)\n            if time.time() > end_time:\n                break\n>       raise TimeoutException(message, screen, stacktrace)\nE       selenium.common.exceptions.TimeoutException: Message: Element: xpath->//a[contains(text(),'河南分公司')] not found in 5 seconds.\n\nD:\\Env\\ui_auto\\lib\\site-packages\\selenium\\webdriver\\support\\wait.py:80: TimeoutException",
    "steps" : [ ],
    "attachments" : [ {
      "uid" : "bdf914da16625f2f",
      "name" : "log",
      "source" : "bdf914da16625f2f.txt",
      "type" : "text/plain",
      "size" : 26324
    } ],
    "parameters" : [ ],
    "shouldDisplayMessage" : true,
    "attachmentsCount" : 1,
    "hasContent" : true,
    "stepsCount" : 0
  },
  "afterStages" : [ {
    "name" : "_Class__pytest_setup_class::0",
    "time" : {
      "start" : 1572678089990,
      "stop" : 1572678090956,
      "duration" : 966
    },
    "status" : "passed",
    "steps" : [ ],
    "attachments" : [ ],
    "parameters" : [ ],
    "shouldDisplayMessage" : false,
    "attachmentsCount" : 0,
    "hasContent" : false,
    "stepsCount" : 0
  } ],
  "labels" : [ {
    "name" : "parentSuite",
    "value" : "testcase"
  }, {
    "name" : "suite",
    "value" : "test_20_remove_domain_admin"
  }, {
    "name" : "subSuite",
    "value" : "TestRemoveDomainAdmin"
  }, {
    "name" : "host",
    "value" : "wuzs"
  }, {
    "name" : "thread",
    "value" : "7064-MainThread"
  }, {
    "name" : "framework",
    "value" : "pytest"
  }, {
    "name" : "language",
    "value" : "cpython3"
  }, {
    "name" : "package",
    "value" : "testcase.test_20_remove_domain_admin"
  }, {
    "name" : "resultFormat",
    "value" : "allure2"
  } ],
  "parameters" : [ ],
  "links" : [ ],
  "hidden" : true,
  "retry" : true,
  "extra" : {
    "categories" : [ ],
    "tags" : [ ]
  },
  "source" : "101b667a082da8de.json",
  "parameterValues" : [ ]
}