{
  "uid" : "10aa1f92a698b2c4",
  "name" : "test_create_vdc",
  "fullName" : "testcase.test_10_craete_vdc.TestCreateVDC#test_create_vdc",
  "historyId" : "923cb143f731349d5e04c092a5921a20",
  "time" : {
    "start" : 1572677061624,
    "stop" : 1572677075330,
    "duration" : 13706
  },
  "status" : "broken",
  "statusMessage" : "selenium.common.exceptions.TimeoutException: Message: Element: xpath->//div[3]/button not found in 5 seconds.",
  "statusTrace" : "self = <test_10_craete_vdc.TestCreateVDC object at 0x0079BD10>\n\n    @pytest.mark.flaky(reruns=3)\n    def test_create_vdc(self):\n        vdc_a = vdcAction.VdcACction(self.dr)\n        vdc_pg = vdcPage.VdcPage(self.dr)\n        login = Login(self.dr)\n        datas = datainfo.get_xls_to_dict(\"user.xlsx\", \"Sheet1\")[0]\n        p_data = datainfo.get_xls_to_dict(\"vdc_vpool.xlsx\",\"Sheet1\")[0]\n        login.login(datas[\"username\"], datas[\"password\"])\n>       vdc_a.ceate_vdc(p_data[\"vdcname\"])\n\ntestcase\\test_10_craete_vdc.py:28: \n_ _ _ _ _ _ _ _ _ _ _ _ _ _ _ _ _ _ _ _ _ _ _ _ _ _ _ _ _ _ _ _ _ _ _ _ _ _ _ _\npublic\\appModel\\vdcAction.py:21: in ceate_vdc\n    self.vdcpage.click_new_vdc_buttun()\npublic\\pages\\vdcPage.py:19: in click_new_vdc_buttun\n    self.dr.click(\"xpath->//div[3]/button\")\npublic\\common\\pyselenium.py:213: in click\n    self.element_wait(css)\npublic\\common\\pyselenium.py:91: in element_wait\n    WebDriverWait(self.driver, secs, 1).until(EC.presence_of_element_located((By.XPATH, value)), messages)\n_ _ _ _ _ _ _ _ _ _ _ _ _ _ _ _ _ _ _ _ _ _ _ _ _ _ _ _ _ _ _ _ _ _ _ _ _ _ _ _\n\nself = <selenium.webdriver.support.wait.WebDriverWait (session=\"78bbc31f-035a-47e6-a568-3fc92f045dfb\")>\nmethod = <selenium.webdriver.support.expected_conditions.presence_of_element_located object at 0x05120570>\nmessage = 'Element: xpath->//div[3]/button not found in 5 seconds.'\n\n    def until(self, method, message=''):\n        \"\"\"Calls the method provided with the driver as an argument until the \\\n        return value is not False.\"\"\"\n        screen = None\n        stacktrace = None\n    \n        end_time = time.time() + self._timeout\n        while True:\n            try:\n                value = method(self._driver)\n                if value:\n                    return value\n            except self._ignored_exceptions as exc:\n                screen = getattr(exc, 'screen', None)\n                stacktrace = getattr(exc, 'stacktrace', None)\n            time.sleep(self._poll)\n            if time.time() > end_time:\n                break\n>       raise TimeoutException(message, screen, stacktrace)\nE       selenium.common.exceptions.TimeoutException: Message: Element: xpath->//div[3]/button not found in 5 seconds.\n\nD:\\Env\\ui_auto\\lib\\site-packages\\selenium\\webdriver\\support\\wait.py:80: TimeoutException",
  "flaky" : false,
  "newFailed" : false,
  "beforeStages" : [ {
    "name" : "_Class__pytest_setup_class",
    "time" : {
      "start" : 1572677052614,
      "stop" : 1572677061624,
      "duration" : 9010
    },
    "status" : "passed",
    "steps" : [ ],
    "attachments" : [ ],
    "parameters" : [ ],
    "shouldDisplayMessage" : false,
    "attachmentsCount" : 0,
    "hasContent" : false,
    "stepsCount" : 0
  } ],
  "testStage" : {
    "status" : "broken",
    "statusMessage" : "selenium.common.exceptions.TimeoutException: Message: Element: xpath->//div[3]/button not found in 5 seconds.",
    "statusTrace" : "self = <test_10_craete_vdc.TestCreateVDC object at 0x0079BD10>\n\n    @pytest.mark.flaky(reruns=3)\n    def test_create_vdc(self):\n        vdc_a = vdcAction.VdcACction(self.dr)\n        vdc_pg = vdcPage.VdcPage(self.dr)\n        login = Login(self.dr)\n        datas = datainfo.get_xls_to_dict(\"user.xlsx\", \"Sheet1\")[0]\n        p_data = datainfo.get_xls_to_dict(\"vdc_vpool.xlsx\",\"Sheet1\")[0]\n        login.login(datas[\"username\"], datas[\"password\"])\n>       vdc_a.ceate_vdc(p_data[\"vdcname\"])\n\ntestcase\\test_10_craete_vdc.py:28: \n_ _ _ _ _ _ _ _ _ _ _ _ _ _ _ _ _ _ _ _ _ _ _ _ _ _ _ _ _ _ _ _ _ _ _ _ _ _ _ _\npublic\\appModel\\vdcAction.py:21: in ceate_vdc\n    self.vdcpage.click_new_vdc_buttun()\npublic\\pages\\vdcPage.py:19: in click_new_vdc_buttun\n    self.dr.click(\"xpath->//div[3]/button\")\npublic\\common\\pyselenium.py:213: in click\n    self.element_wait(css)\npublic\\common\\pyselenium.py:91: in element_wait\n    WebDriverWait(self.driver, secs, 1).until(EC.presence_of_element_located((By.XPATH, value)), messages)\n_ _ _ _ _ _ _ _ _ _ _ _ _ _ _ _ _ _ _ _ _ _ _ _ _ _ _ _ _ _ _ _ _ _ _ _ _ _ _ _\n\nself = <selenium.webdriver.support.wait.WebDriverWait (session=\"78bbc31f-035a-47e6-a568-3fc92f045dfb\")>\nmethod = <selenium.webdriver.support.expected_conditions.presence_of_element_located object at 0x05120570>\nmessage = 'Element: xpath->//div[3]/button not found in 5 seconds.'\n\n    def until(self, method, message=''):\n        \"\"\"Calls the method provided with the driver as an argument until the \\\n        return value is not False.\"\"\"\n        screen = None\n        stacktrace = None\n    \n        end_time = time.time() + self._timeout\n        while True:\n            try:\n                value = method(self._driver)\n                if value:\n                    return value\n            except self._ignored_exceptions as exc:\n                screen = getattr(exc, 'screen', None)\n                stacktrace = getattr(exc, 'stacktrace', None)\n            time.sleep(self._poll)\n            if time.time() > end_time:\n                break\n>       raise TimeoutException(message, screen, stacktrace)\nE       selenium.common.exceptions.TimeoutException: Message: Element: xpath->//div[3]/button not found in 5 seconds.\n\nD:\\Env\\ui_auto\\lib\\site-packages\\selenium\\webdriver\\support\\wait.py:80: TimeoutException",
    "steps" : [ ],
    "attachments" : [ {
      "uid" : "9749a815ee16b082",
      "name" : "log",
      "source" : "9749a815ee16b082.txt",
      "type" : "text/plain",
      "size" : 39390
    } ],
    "parameters" : [ ],
    "shouldDisplayMessage" : true,
    "attachmentsCount" : 1,
    "hasContent" : true,
    "stepsCount" : 0
  },
  "afterStages" : [ {
    "name" : "_Class__pytest_setup_class::0",
    "time" : {
      "start" : 1572677075431,
      "stop" : 1572677076475,
      "duration" : 1044
    },
    "status" : "passed",
    "steps" : [ ],
    "attachments" : [ ],
    "parameters" : [ ],
    "shouldDisplayMessage" : false,
    "attachmentsCount" : 0,
    "hasContent" : false,
    "stepsCount" : 0
  } ],
  "labels" : [ {
    "name" : "parentSuite",
    "value" : "testcase"
  }, {
    "name" : "suite",
    "value" : "test_10_craete_vdc"
  }, {
    "name" : "subSuite",
    "value" : "TestCreateVDC"
  }, {
    "name" : "host",
    "value" : "wuzs"
  }, {
    "name" : "thread",
    "value" : "7064-MainThread"
  }, {
    "name" : "framework",
    "value" : "pytest"
  }, {
    "name" : "language",
    "value" : "cpython3"
  }, {
    "name" : "package",
    "value" : "testcase.test_10_craete_vdc"
  }, {
    "name" : "resultFormat",
    "value" : "allure2"
  } ],
  "parameters" : [ ],
  "links" : [ ],
  "hidden" : true,
  "retry" : true,
  "extra" : {
    "categories" : [ ],
    "tags" : [ ]
  },
  "source" : "10aa1f92a698b2c4.json",
  "parameterValues" : [ ]
}