{
  "uid" : "144fffad2657980c",
  "name" : "test_create",
  "fullName" : "testcase.test_03_create_tenant.TestTeant#test_create",
  "historyId" : "44c6656fe799e7f2ad411208bf6ac383",
  "time" : {
    "start" : 1572676255661,
    "stop" : 1572676270598,
    "duration" : 14937
  },
  "status" : "broken",
  "statusMessage" : "selenium.common.exceptions.TimeoutException: Message: Element: xpath->//button[contains(.,'新建运营部门')] not found in 5 seconds.",
  "statusTrace" : "self = <test_03_create_tenant.TestTeant object at 0x050F9850>\n\n    @pytest.mark.flaky(reruns=3)\n    def test_create(self):\n    \n        login = Login(self.dr)\n        datas = datainfo.get_xls_to_dict(\"user.xlsx\", \"Sheet1\")[0]\n        t_data = datainfo.get_xls_to_dict(\"tenantdata.xlsx\",\"Sheet1\")[0]\n    \n        tpg = authTenantPage.AuthTenantPage(self.dr)\n        ta =  tenantAction.TenantAction(self.dr)\n        # login.login(\"wuzs0001\",\"1qaz!QAZ\")\n        login.login(datas[\"username\"],datas[\"password\"])\n>       ta.create_tenant(t_data[\"tenantname\"],t_data[\"linkmanname\"],t_data[\"linkmanphoneno\"])\n\ntestcase\\test_03_create_tenant.py:34: \n_ _ _ _ _ _ _ _ _ _ _ _ _ _ _ _ _ _ _ _ _ _ _ _ _ _ _ _ _ _ _ _ _ _ _ _ _ _ _ _\npublic\\appModel\\tenantAction.py:30: in create_tenant\n    self.tenantpg.click_create_tenant_button()\npublic\\pages\\authTenantPage.py:19: in click_create_tenant_button\n    self.dr.click(\"xpath->//button[contains(.,'新建运营部门')]\")\npublic\\common\\pyselenium.py:213: in click\n    self.element_wait(css)\npublic\\common\\pyselenium.py:91: in element_wait\n    WebDriverWait(self.driver, secs, 1).until(EC.presence_of_element_located((By.XPATH, value)), messages)\n_ _ _ _ _ _ _ _ _ _ _ _ _ _ _ _ _ _ _ _ _ _ _ _ _ _ _ _ _ _ _ _ _ _ _ _ _ _ _ _\n\nself = <selenium.webdriver.support.wait.WebDriverWait (session=\"381bc7fb-89e3-4fb6-9700-a009974599b1\")>\nmethod = <selenium.webdriver.support.expected_conditions.presence_of_element_located object at 0x050EB6D0>\nmessage = \"Element: xpath->//button[contains(.,'新建运营部门')] not found in 5 seconds.\"\n\n    def until(self, method, message=''):\n        \"\"\"Calls the method provided with the driver as an argument until the \\\n        return value is not False.\"\"\"\n        screen = None\n        stacktrace = None\n    \n        end_time = time.time() + self._timeout\n        while True:\n            try:\n                value = method(self._driver)\n                if value:\n                    return value\n            except self._ignored_exceptions as exc:\n                screen = getattr(exc, 'screen', None)\n                stacktrace = getattr(exc, 'stacktrace', None)\n            time.sleep(self._poll)\n            if time.time() > end_time:\n                break\n>       raise TimeoutException(message, screen, stacktrace)\nE       selenium.common.exceptions.TimeoutException: Message: Element: xpath->//button[contains(.,'新建运营部门')] not found in 5 seconds.\n\nD:\\Env\\ui_auto\\lib\\site-packages\\selenium\\webdriver\\support\\wait.py:80: TimeoutException",
  "flaky" : false,
  "newFailed" : false,
  "beforeStages" : [ {
    "name" : "_Class__pytest_setup_class",
    "time" : {
      "start" : 1572676243517,
      "stop" : 1572676255660,
      "duration" : 12143
    },
    "status" : "passed",
    "steps" : [ ],
    "attachments" : [ ],
    "parameters" : [ ],
    "shouldDisplayMessage" : false,
    "attachmentsCount" : 0,
    "hasContent" : false,
    "stepsCount" : 0
  } ],
  "testStage" : {
    "status" : "broken",
    "statusMessage" : "selenium.common.exceptions.TimeoutException: Message: Element: xpath->//button[contains(.,'新建运营部门')] not found in 5 seconds.",
    "statusTrace" : "self = <test_03_create_tenant.TestTeant object at 0x050F9850>\n\n    @pytest.mark.flaky(reruns=3)\n    def test_create(self):\n    \n        login = Login(self.dr)\n        datas = datainfo.get_xls_to_dict(\"user.xlsx\", \"Sheet1\")[0]\n        t_data = datainfo.get_xls_to_dict(\"tenantdata.xlsx\",\"Sheet1\")[0]\n    \n        tpg = authTenantPage.AuthTenantPage(self.dr)\n        ta =  tenantAction.TenantAction(self.dr)\n        # login.login(\"wuzs0001\",\"1qaz!QAZ\")\n        login.login(datas[\"username\"],datas[\"password\"])\n>       ta.create_tenant(t_data[\"tenantname\"],t_data[\"linkmanname\"],t_data[\"linkmanphoneno\"])\n\ntestcase\\test_03_create_tenant.py:34: \n_ _ _ _ _ _ _ _ _ _ _ _ _ _ _ _ _ _ _ _ _ _ _ _ _ _ _ _ _ _ _ _ _ _ _ _ _ _ _ _\npublic\\appModel\\tenantAction.py:30: in create_tenant\n    self.tenantpg.click_create_tenant_button()\npublic\\pages\\authTenantPage.py:19: in click_create_tenant_button\n    self.dr.click(\"xpath->//button[contains(.,'新建运营部门')]\")\npublic\\common\\pyselenium.py:213: in click\n    self.element_wait(css)\npublic\\common\\pyselenium.py:91: in element_wait\n    WebDriverWait(self.driver, secs, 1).until(EC.presence_of_element_located((By.XPATH, value)), messages)\n_ _ _ _ _ _ _ _ _ _ _ _ _ _ _ _ _ _ _ _ _ _ _ _ _ _ _ _ _ _ _ _ _ _ _ _ _ _ _ _\n\nself = <selenium.webdriver.support.wait.WebDriverWait (session=\"381bc7fb-89e3-4fb6-9700-a009974599b1\")>\nmethod = <selenium.webdriver.support.expected_conditions.presence_of_element_located object at 0x050EB6D0>\nmessage = \"Element: xpath->//button[contains(.,'新建运营部门')] not found in 5 seconds.\"\n\n    def until(self, method, message=''):\n        \"\"\"Calls the method provided with the driver as an argument until the \\\n        return value is not False.\"\"\"\n        screen = None\n        stacktrace = None\n    \n        end_time = time.time() + self._timeout\n        while True:\n            try:\n                value = method(self._driver)\n                if value:\n                    return value\n            except self._ignored_exceptions as exc:\n                screen = getattr(exc, 'screen', None)\n                stacktrace = getattr(exc, 'stacktrace', None)\n            time.sleep(self._poll)\n            if time.time() > end_time:\n                break\n>       raise TimeoutException(message, screen, stacktrace)\nE       selenium.common.exceptions.TimeoutException: Message: Element: xpath->//button[contains(.,'新建运营部门')] not found in 5 seconds.\n\nD:\\Env\\ui_auto\\lib\\site-packages\\selenium\\webdriver\\support\\wait.py:80: TimeoutException",
    "steps" : [ ],
    "attachments" : [ {
      "uid" : "b6df8e690b75b8b1",
      "name" : "log",
      "source" : "b6df8e690b75b8b1.txt",
      "type" : "text/plain",
      "size" : 26319
    } ],
    "parameters" : [ ],
    "shouldDisplayMessage" : true,
    "attachmentsCount" : 1,
    "hasContent" : true,
    "stepsCount" : 0
  },
  "afterStages" : [ {
    "name" : "_Class__pytest_setup_class::0",
    "time" : {
      "start" : 1572676270678,
      "stop" : 1572676271803,
      "duration" : 1125
    },
    "status" : "passed",
    "steps" : [ ],
    "attachments" : [ ],
    "parameters" : [ ],
    "shouldDisplayMessage" : false,
    "attachmentsCount" : 0,
    "hasContent" : false,
    "stepsCount" : 0
  } ],
  "labels" : [ {
    "name" : "parentSuite",
    "value" : "testcase"
  }, {
    "name" : "suite",
    "value" : "test_03_create_tenant"
  }, {
    "name" : "subSuite",
    "value" : "TestTeant"
  }, {
    "name" : "host",
    "value" : "wuzs"
  }, {
    "name" : "thread",
    "value" : "7064-MainThread"
  }, {
    "name" : "framework",
    "value" : "pytest"
  }, {
    "name" : "language",
    "value" : "cpython3"
  }, {
    "name" : "package",
    "value" : "testcase.test_03_create_tenant"
  }, {
    "name" : "resultFormat",
    "value" : "allure2"
  } ],
  "parameters" : [ ],
  "links" : [ ],
  "hidden" : true,
  "retry" : true,
  "extra" : {
    "categories" : [ ],
    "tags" : [ ]
  },
  "source" : "144fffad2657980c.json",
  "parameterValues" : [ ]
}