{
  "uid" : "1d30c32f8822dabb",
  "name" : "test_create_vpool",
  "fullName" : "testcase.test_11_ceate_crate_vpool.TestCreateVpool#test_create_vpool",
  "historyId" : "cf96f0fa38cf85928985b0aacdd2379e",
  "time" : {
    "start" : 1572677134877,
    "stop" : 1572677149169,
    "duration" : 14292
  },
  "status" : "broken",
  "statusMessage" : "selenium.common.exceptions.TimeoutException: Message: Element: xpath->(//input[@type='text'])[12] not found in 5 seconds.",
  "statusTrace" : "self = <test_11_ceate_crate_vpool.TestCreateVpool object at 0x007839F0>\n\n    @pytest.mark.flaky(reruns=3)\n    def test_create_vpool(self):\n        vdc_a = vdcAction.VdcACction(self.dr)\n        vdc_pg = vdcPage.VdcPage(self.dr)\n        login = Login(self.dr)\n        datas = datainfo.get_xls_to_dict(\"user.xlsx\", \"Sheet1\")[0]\n        p_data = datainfo.get_xls_to_dict(\"vdc_vpool.xlsx\",\"Sheet1\")[0]\n        login.login(datas[\"username\"], datas[\"password\"])\n        vdc_a.create_vpool(p_data[\"vdcname\"],p_data[\"vpoolname\"],\"虚拟资源\",\"数据中心\",\n>                          \"DC1\",p_data[\"vpooldesc\"])\n\ntestcase\\test_11_ceate_crate_vpool.py:30: \n_ _ _ _ _ _ _ _ _ _ _ _ _ _ _ _ _ _ _ _ _ _ _ _ _ _ _ _ _ _ _ _ _ _ _ _ _ _ _ _\npublic\\appModel\\vdcAction.py:36: in create_vpool\n    self.vdcpage.search_vdc(vdcname)\npublic\\pages\\vdcPage.py:28: in search_vdc\n    self.dr.type_and_enter(\"xpath->(//input[@type='text'])[12]\",value)\npublic\\common\\pyselenium.py:588: in type_and_enter\n    self.element_wait(css)\npublic\\common\\pyselenium.py:91: in element_wait\n    WebDriverWait(self.driver, secs, 1).until(EC.presence_of_element_located((By.XPATH, value)), messages)\n_ _ _ _ _ _ _ _ _ _ _ _ _ _ _ _ _ _ _ _ _ _ _ _ _ _ _ _ _ _ _ _ _ _ _ _ _ _ _ _\n\nself = <selenium.webdriver.support.wait.WebDriverWait (session=\"b7f448f4-aa75-4ba3-b9e8-120f55eff3f5\")>\nmethod = <selenium.webdriver.support.expected_conditions.presence_of_element_located object at 0x050EB350>\nmessage = \"Element: xpath->(//input[@type='text'])[12] not found in 5 seconds.\"\n\n    def until(self, method, message=''):\n        \"\"\"Calls the method provided with the driver as an argument until the \\\n        return value is not False.\"\"\"\n        screen = None\n        stacktrace = None\n    \n        end_time = time.time() + self._timeout\n        while True:\n            try:\n                value = method(self._driver)\n                if value:\n                    return value\n            except self._ignored_exceptions as exc:\n                screen = getattr(exc, 'screen', None)\n                stacktrace = getattr(exc, 'stacktrace', None)\n            time.sleep(self._poll)\n            if time.time() > end_time:\n                break\n>       raise TimeoutException(message, screen, stacktrace)\nE       selenium.common.exceptions.TimeoutException: Message: Element: xpath->(//input[@type='text'])[12] not found in 5 seconds.\n\nD:\\Env\\ui_auto\\lib\\site-packages\\selenium\\webdriver\\support\\wait.py:80: TimeoutException",
  "flaky" : false,
  "newFailed" : false,
  "beforeStages" : [ {
    "name" : "_Class__pytest_setup_class",
    "time" : {
      "start" : 1572677125342,
      "stop" : 1572677134876,
      "duration" : 9534
    },
    "status" : "passed",
    "steps" : [ ],
    "attachments" : [ ],
    "parameters" : [ ],
    "shouldDisplayMessage" : false,
    "attachmentsCount" : 0,
    "hasContent" : false,
    "stepsCount" : 0
  } ],
  "testStage" : {
    "status" : "broken",
    "statusMessage" : "selenium.common.exceptions.TimeoutException: Message: Element: xpath->(//input[@type='text'])[12] not found in 5 seconds.",
    "statusTrace" : "self = <test_11_ceate_crate_vpool.TestCreateVpool object at 0x007839F0>\n\n    @pytest.mark.flaky(reruns=3)\n    def test_create_vpool(self):\n        vdc_a = vdcAction.VdcACction(self.dr)\n        vdc_pg = vdcPage.VdcPage(self.dr)\n        login = Login(self.dr)\n        datas = datainfo.get_xls_to_dict(\"user.xlsx\", \"Sheet1\")[0]\n        p_data = datainfo.get_xls_to_dict(\"vdc_vpool.xlsx\",\"Sheet1\")[0]\n        login.login(datas[\"username\"], datas[\"password\"])\n        vdc_a.create_vpool(p_data[\"vdcname\"],p_data[\"vpoolname\"],\"虚拟资源\",\"数据中心\",\n>                          \"DC1\",p_data[\"vpooldesc\"])\n\ntestcase\\test_11_ceate_crate_vpool.py:30: \n_ _ _ _ _ _ _ _ _ _ _ _ _ _ _ _ _ _ _ _ _ _ _ _ _ _ _ _ _ _ _ _ _ _ _ _ _ _ _ _\npublic\\appModel\\vdcAction.py:36: in create_vpool\n    self.vdcpage.search_vdc(vdcname)\npublic\\pages\\vdcPage.py:28: in search_vdc\n    self.dr.type_and_enter(\"xpath->(//input[@type='text'])[12]\",value)\npublic\\common\\pyselenium.py:588: in type_and_enter\n    self.element_wait(css)\npublic\\common\\pyselenium.py:91: in element_wait\n    WebDriverWait(self.driver, secs, 1).until(EC.presence_of_element_located((By.XPATH, value)), messages)\n_ _ _ _ _ _ _ _ _ _ _ _ _ _ _ _ _ _ _ _ _ _ _ _ _ _ _ _ _ _ _ _ _ _ _ _ _ _ _ _\n\nself = <selenium.webdriver.support.wait.WebDriverWait (session=\"b7f448f4-aa75-4ba3-b9e8-120f55eff3f5\")>\nmethod = <selenium.webdriver.support.expected_conditions.presence_of_element_located object at 0x050EB350>\nmessage = \"Element: xpath->(//input[@type='text'])[12] not found in 5 seconds.\"\n\n    def until(self, method, message=''):\n        \"\"\"Calls the method provided with the driver as an argument until the \\\n        return value is not False.\"\"\"\n        screen = None\n        stacktrace = None\n    \n        end_time = time.time() + self._timeout\n        while True:\n            try:\n                value = method(self._driver)\n                if value:\n                    return value\n            except self._ignored_exceptions as exc:\n                screen = getattr(exc, 'screen', None)\n                stacktrace = getattr(exc, 'stacktrace', None)\n            time.sleep(self._poll)\n            if time.time() > end_time:\n                break\n>       raise TimeoutException(message, screen, stacktrace)\nE       selenium.common.exceptions.TimeoutException: Message: Element: xpath->(//input[@type='text'])[12] not found in 5 seconds.\n\nD:\\Env\\ui_auto\\lib\\site-packages\\selenium\\webdriver\\support\\wait.py:80: TimeoutException",
    "steps" : [ ],
    "attachments" : [ {
      "uid" : "d660983bf46c638a",
      "name" : "log",
      "source" : "d660983bf46c638a.txt",
      "type" : "text/plain",
      "size" : 26429
    } ],
    "parameters" : [ ],
    "shouldDisplayMessage" : true,
    "attachmentsCount" : 1,
    "hasContent" : true,
    "stepsCount" : 0
  },
  "afterStages" : [ {
    "name" : "_Class__pytest_setup_class::0",
    "time" : {
      "start" : 1572677149282,
      "stop" : 1572677150327,
      "duration" : 1045
    },
    "status" : "passed",
    "steps" : [ ],
    "attachments" : [ ],
    "parameters" : [ ],
    "shouldDisplayMessage" : false,
    "attachmentsCount" : 0,
    "hasContent" : false,
    "stepsCount" : 0
  } ],
  "labels" : [ {
    "name" : "parentSuite",
    "value" : "testcase"
  }, {
    "name" : "suite",
    "value" : "test_11_ceate_crate_vpool"
  }, {
    "name" : "subSuite",
    "value" : "TestCreateVpool"
  }, {
    "name" : "host",
    "value" : "wuzs"
  }, {
    "name" : "thread",
    "value" : "7064-MainThread"
  }, {
    "name" : "framework",
    "value" : "pytest"
  }, {
    "name" : "language",
    "value" : "cpython3"
  }, {
    "name" : "package",
    "value" : "testcase.test_11_ceate_crate_vpool"
  }, {
    "name" : "resultFormat",
    "value" : "allure2"
  } ],
  "parameters" : [ ],
  "links" : [ ],
  "hidden" : true,
  "retry" : true,
  "extra" : {
    "categories" : [ ],
    "tags" : [ ]
  },
  "source" : "1d30c32f8822dabb.json",
  "parameterValues" : [ ]
}