{
  "uid" : "1f059b4323c0605b",
  "name" : "test_create_user",
  "fullName" : "testcase.test_01_create_user.TestCreateUser#test_create_user",
  "historyId" : "eeff835bc94316153805f2a10f989d72",
  "time" : {
    "start" : 1572676076463,
    "stop" : 1572676090555,
    "duration" : 14092
  },
  "status" : "broken",
  "statusMessage" : "selenium.common.exceptions.TimeoutException: Message: Element: xpath->//div[3]/button not found in 5 seconds.",
  "statusTrace" : "self = <test_01_create_user.TestCreateUser object at 0x00766A10>\n\n    @pytest.mark.flaky(reruns=3)\n    def test_create_user(self):\n    \n        login = Login(self.dr)\n        login.login(\"系统管理员\",'123456')\n    \n        datas = datainfo.get_xls_to_dict(\"user.xlsx\", \"Sheet1\")[0]\n        upage = sysUorgMgrPage.SysUorgMgrPage(self.dr)\n        ua = userAction.UserAction(self.dr)\n    \n>       ua.create_user(datas[\"mgrname\"],datas[\"username\"],datas[\"firstname\"],datas[\"password\"],datas[\"repassword\"],datas[\"email\"])\n\ntestcase\\test_01_create_user.py:32: \n_ _ _ _ _ _ _ _ _ _ _ _ _ _ _ _ _ _ _ _ _ _ _ _ _ _ _ _ _ _ _ _ _ _ _ _ _ _ _ _\npublic\\appModel\\userAction.py:24: in create_user\n    self.userpage.click_new_user_buttun()\npublic\\pages\\sysUorgMgrPage.py:20: in click_new_user_buttun\n    self.dr.click(\"xpath->//div[3]/button\")\npublic\\common\\pyselenium.py:213: in click\n    self.element_wait(css)\npublic\\common\\pyselenium.py:91: in element_wait\n    WebDriverWait(self.driver, secs, 1).until(EC.presence_of_element_located((By.XPATH, value)), messages)\n_ _ _ _ _ _ _ _ _ _ _ _ _ _ _ _ _ _ _ _ _ _ _ _ _ _ _ _ _ _ _ _ _ _ _ _ _ _ _ _\n\nself = <selenium.webdriver.support.wait.WebDriverWait (session=\"abf17701-759b-4dc1-9ef3-1bdbfc8637e8\")>\nmethod = <selenium.webdriver.support.expected_conditions.presence_of_element_located object at 0x048F87D0>\nmessage = 'Element: xpath->//div[3]/button not found in 5 seconds.'\n\n    def until(self, method, message=''):\n        \"\"\"Calls the method provided with the driver as an argument until the \\\n        return value is not False.\"\"\"\n        screen = None\n        stacktrace = None\n    \n        end_time = time.time() + self._timeout\n        while True:\n            try:\n                value = method(self._driver)\n                if value:\n                    return value\n            except self._ignored_exceptions as exc:\n                screen = getattr(exc, 'screen', None)\n                stacktrace = getattr(exc, 'stacktrace', None)\n            time.sleep(self._poll)\n            if time.time() > end_time:\n                break\n>       raise TimeoutException(message, screen, stacktrace)\nE       selenium.common.exceptions.TimeoutException: Message: Element: xpath->//div[3]/button not found in 5 seconds.\n\nD:\\Env\\ui_auto\\lib\\site-packages\\selenium\\webdriver\\support\\wait.py:80: TimeoutException",
  "flaky" : false,
  "newFailed" : false,
  "beforeStages" : [ {
    "name" : "_Class__pytest_setup_class",
    "time" : {
      "start" : 1572676066383,
      "stop" : 1572676076462,
      "duration" : 10079
    },
    "status" : "passed",
    "steps" : [ ],
    "attachments" : [ ],
    "parameters" : [ ],
    "shouldDisplayMessage" : false,
    "attachmentsCount" : 0,
    "hasContent" : false,
    "stepsCount" : 0
  } ],
  "testStage" : {
    "status" : "broken",
    "statusMessage" : "selenium.common.exceptions.TimeoutException: Message: Element: xpath->//div[3]/button not found in 5 seconds.",
    "statusTrace" : "self = <test_01_create_user.TestCreateUser object at 0x00766A10>\n\n    @pytest.mark.flaky(reruns=3)\n    def test_create_user(self):\n    \n        login = Login(self.dr)\n        login.login(\"系统管理员\",'123456')\n    \n        datas = datainfo.get_xls_to_dict(\"user.xlsx\", \"Sheet1\")[0]\n        upage = sysUorgMgrPage.SysUorgMgrPage(self.dr)\n        ua = userAction.UserAction(self.dr)\n    \n>       ua.create_user(datas[\"mgrname\"],datas[\"username\"],datas[\"firstname\"],datas[\"password\"],datas[\"repassword\"],datas[\"email\"])\n\ntestcase\\test_01_create_user.py:32: \n_ _ _ _ _ _ _ _ _ _ _ _ _ _ _ _ _ _ _ _ _ _ _ _ _ _ _ _ _ _ _ _ _ _ _ _ _ _ _ _\npublic\\appModel\\userAction.py:24: in create_user\n    self.userpage.click_new_user_buttun()\npublic\\pages\\sysUorgMgrPage.py:20: in click_new_user_buttun\n    self.dr.click(\"xpath->//div[3]/button\")\npublic\\common\\pyselenium.py:213: in click\n    self.element_wait(css)\npublic\\common\\pyselenium.py:91: in element_wait\n    WebDriverWait(self.driver, secs, 1).until(EC.presence_of_element_located((By.XPATH, value)), messages)\n_ _ _ _ _ _ _ _ _ _ _ _ _ _ _ _ _ _ _ _ _ _ _ _ _ _ _ _ _ _ _ _ _ _ _ _ _ _ _ _\n\nself = <selenium.webdriver.support.wait.WebDriverWait (session=\"abf17701-759b-4dc1-9ef3-1bdbfc8637e8\")>\nmethod = <selenium.webdriver.support.expected_conditions.presence_of_element_located object at 0x048F87D0>\nmessage = 'Element: xpath->//div[3]/button not found in 5 seconds.'\n\n    def until(self, method, message=''):\n        \"\"\"Calls the method provided with the driver as an argument until the \\\n        return value is not False.\"\"\"\n        screen = None\n        stacktrace = None\n    \n        end_time = time.time() + self._timeout\n        while True:\n            try:\n                value = method(self._driver)\n                if value:\n                    return value\n            except self._ignored_exceptions as exc:\n                screen = getattr(exc, 'screen', None)\n                stacktrace = getattr(exc, 'stacktrace', None)\n            time.sleep(self._poll)\n            if time.time() > end_time:\n                break\n>       raise TimeoutException(message, screen, stacktrace)\nE       selenium.common.exceptions.TimeoutException: Message: Element: xpath->//div[3]/button not found in 5 seconds.\n\nD:\\Env\\ui_auto\\lib\\site-packages\\selenium\\webdriver\\support\\wait.py:80: TimeoutException",
    "steps" : [ ],
    "attachments" : [ {
      "uid" : "3ad0d029138321af",
      "name" : "log",
      "source" : "3ad0d029138321af.txt",
      "type" : "text/plain",
      "size" : 39148
    } ],
    "parameters" : [ ],
    "shouldDisplayMessage" : true,
    "attachmentsCount" : 1,
    "hasContent" : true,
    "stepsCount" : 0
  },
  "afterStages" : [ {
    "name" : "_Class__pytest_setup_class::0",
    "time" : {
      "start" : 1572676090627,
      "stop" : 1572676091843,
      "duration" : 1216
    },
    "status" : "passed",
    "steps" : [ ],
    "attachments" : [ ],
    "parameters" : [ ],
    "shouldDisplayMessage" : false,
    "attachmentsCount" : 0,
    "hasContent" : false,
    "stepsCount" : 0
  } ],
  "labels" : [ {
    "name" : "parentSuite",
    "value" : "testcase"
  }, {
    "name" : "suite",
    "value" : "test_01_create_user"
  }, {
    "name" : "subSuite",
    "value" : "TestCreateUser"
  }, {
    "name" : "host",
    "value" : "wuzs"
  }, {
    "name" : "thread",
    "value" : "7064-MainThread"
  }, {
    "name" : "framework",
    "value" : "pytest"
  }, {
    "name" : "language",
    "value" : "cpython3"
  }, {
    "name" : "package",
    "value" : "testcase.test_01_create_user"
  }, {
    "name" : "resultFormat",
    "value" : "allure2"
  } ],
  "parameters" : [ ],
  "links" : [ ],
  "hidden" : true,
  "retry" : true,
  "extra" : {
    "categories" : [ ],
    "tags" : [ ]
  },
  "source" : "1f059b4323c0605b.json",
  "parameterValues" : [ ]
}