{
  "uid" : "23757daba5c80c94",
  "name" : "test_create_user",
  "fullName" : "testcase.test_01_create_user.TestCreateUser#test_create_user",
  "historyId" : "eeff835bc94316153805f2a10f989d72",
  "time" : {
    "start" : 1572683126540,
    "stop" : 1572683146402,
    "duration" : 19862
  },
  "status" : "broken",
  "statusMessage" : "selenium.common.exceptions.TimeoutException: Message: Element: xpath->//div[@class='table-toolbar']/div/div//form/div/div/input not found in 5 seconds.",
  "statusTrace" : "self = <test_01_create_user.TestCreateUser object at 0x0581B3B0>\n\n    @pytest.mark.flaky(reruns=3)\n    def test_create_user(self):\n    \n        login = Login(self.dr)\n        login.login(\"系统管理员\",'123456')\n    \n        datas = datainfo.get_xls_to_dict(\"user.xlsx\", \"Sheet1\")[0]\n        upage = sysUorgMgrPage.SysUorgMgrPage(self.dr)\n        ua = userAction.UserAction(self.dr)\n    \n        ua.create_user(datas[\"mgrname\"],datas[\"username\"],datas[\"firstname\"],datas[\"password\"],datas[\"repassword\"],datas[\"email\"])\n        # upage.input_select_user(datas[\"username\"])\n        #查看用户，进行校验\n>       upage.input_select_user(datas[\"username\"])\n\ntestcase\\test_01_create_user.py:35: \n_ _ _ _ _ _ _ _ _ _ _ _ _ _ _ _ _ _ _ _ _ _ _ _ _ _ _ _ _ _ _ _ _ _ _ _ _ _ _ _\npublic\\pages\\sysUorgMgrPage.py:48: in input_select_user\n    self.dr.type_and_enter(\"xpath->//div[@class='table-toolbar']/div/div//form/div/div/input\",value)\npublic\\common\\pyselenium.py:588: in type_and_enter\n    self.element_wait(css)\npublic\\common\\pyselenium.py:91: in element_wait\n    WebDriverWait(self.driver, secs, 1).until(EC.presence_of_element_located((By.XPATH, value)), messages)\n_ _ _ _ _ _ _ _ _ _ _ _ _ _ _ _ _ _ _ _ _ _ _ _ _ _ _ _ _ _ _ _ _ _ _ _ _ _ _ _\n\nself = <selenium.webdriver.support.wait.WebDriverWait (session=\"d5e08524-dd75-45c4-a1d6-5d1e56731b33\")>\nmethod = <selenium.webdriver.support.expected_conditions.presence_of_element_located object at 0x058B6D90>\nmessage = \"Element: xpath->//div[@class='table-toolbar']/div/div//form/div/div/input not found in 5 seconds.\"\n\n    def until(self, method, message=''):\n        \"\"\"Calls the method provided with the driver as an argument until the \\\n        return value is not False.\"\"\"\n        screen = None\n        stacktrace = None\n    \n        end_time = time.time() + self._timeout\n        while True:\n            try:\n                value = method(self._driver)\n                if value:\n                    return value\n            except self._ignored_exceptions as exc:\n                screen = getattr(exc, 'screen', None)\n                stacktrace = getattr(exc, 'stacktrace', None)\n            time.sleep(self._poll)\n            if time.time() > end_time:\n                break\n>       raise TimeoutException(message, screen, stacktrace)\nE       selenium.common.exceptions.TimeoutException: Message: Element: xpath->//div[@class='table-toolbar']/div/div//form/div/div/input not found in 5 seconds.\n\nD:\\Env\\ui_auto\\lib\\site-packages\\selenium\\webdriver\\support\\wait.py:80: TimeoutException",
  "flaky" : false,
  "newFailed" : false,
  "beforeStages" : [ {
    "name" : "_Class__pytest_setup_class",
    "time" : {
      "start" : 1572683115369,
      "stop" : 1572683126539,
      "duration" : 11170
    },
    "status" : "passed",
    "steps" : [ ],
    "attachments" : [ ],
    "parameters" : [ ],
    "shouldDisplayMessage" : false,
    "attachmentsCount" : 0,
    "hasContent" : false,
    "stepsCount" : 0
  } ],
  "testStage" : {
    "status" : "broken",
    "statusMessage" : "selenium.common.exceptions.TimeoutException: Message: Element: xpath->//div[@class='table-toolbar']/div/div//form/div/div/input not found in 5 seconds.",
    "statusTrace" : "self = <test_01_create_user.TestCreateUser object at 0x0581B3B0>\n\n    @pytest.mark.flaky(reruns=3)\n    def test_create_user(self):\n    \n        login = Login(self.dr)\n        login.login(\"系统管理员\",'123456')\n    \n        datas = datainfo.get_xls_to_dict(\"user.xlsx\", \"Sheet1\")[0]\n        upage = sysUorgMgrPage.SysUorgMgrPage(self.dr)\n        ua = userAction.UserAction(self.dr)\n    \n        ua.create_user(datas[\"mgrname\"],datas[\"username\"],datas[\"firstname\"],datas[\"password\"],datas[\"repassword\"],datas[\"email\"])\n        # upage.input_select_user(datas[\"username\"])\n        #查看用户，进行校验\n>       upage.input_select_user(datas[\"username\"])\n\ntestcase\\test_01_create_user.py:35: \n_ _ _ _ _ _ _ _ _ _ _ _ _ _ _ _ _ _ _ _ _ _ _ _ _ _ _ _ _ _ _ _ _ _ _ _ _ _ _ _\npublic\\pages\\sysUorgMgrPage.py:48: in input_select_user\n    self.dr.type_and_enter(\"xpath->//div[@class='table-toolbar']/div/div//form/div/div/input\",value)\npublic\\common\\pyselenium.py:588: in type_and_enter\n    self.element_wait(css)\npublic\\common\\pyselenium.py:91: in element_wait\n    WebDriverWait(self.driver, secs, 1).until(EC.presence_of_element_located((By.XPATH, value)), messages)\n_ _ _ _ _ _ _ _ _ _ _ _ _ _ _ _ _ _ _ _ _ _ _ _ _ _ _ _ _ _ _ _ _ _ _ _ _ _ _ _\n\nself = <selenium.webdriver.support.wait.WebDriverWait (session=\"d5e08524-dd75-45c4-a1d6-5d1e56731b33\")>\nmethod = <selenium.webdriver.support.expected_conditions.presence_of_element_located object at 0x058B6D90>\nmessage = \"Element: xpath->//div[@class='table-toolbar']/div/div//form/div/div/input not found in 5 seconds.\"\n\n    def until(self, method, message=''):\n        \"\"\"Calls the method provided with the driver as an argument until the \\\n        return value is not False.\"\"\"\n        screen = None\n        stacktrace = None\n    \n        end_time = time.time() + self._timeout\n        while True:\n            try:\n                value = method(self._driver)\n                if value:\n                    return value\n            except self._ignored_exceptions as exc:\n                screen = getattr(exc, 'screen', None)\n                stacktrace = getattr(exc, 'stacktrace', None)\n            time.sleep(self._poll)\n            if time.time() > end_time:\n                break\n>       raise TimeoutException(message, screen, stacktrace)\nE       selenium.common.exceptions.TimeoutException: Message: Element: xpath->//div[@class='table-toolbar']/div/div//form/div/div/input not found in 5 seconds.\n\nD:\\Env\\ui_auto\\lib\\site-packages\\selenium\\webdriver\\support\\wait.py:80: TimeoutException",
    "steps" : [ ],
    "attachments" : [ {
      "uid" : "21faa778f3cda7ca",
      "name" : "log",
      "source" : "21faa778f3cda7ca.txt",
      "type" : "text/plain",
      "size" : 91838
    } ],
    "parameters" : [ ],
    "shouldDisplayMessage" : true,
    "attachmentsCount" : 1,
    "hasContent" : true,
    "stepsCount" : 0
  },
  "afterStages" : [ {
    "name" : "_Class__pytest_setup_class::0",
    "time" : {
      "start" : 1572683146452,
      "stop" : 1572683149142,
      "duration" : 2690
    },
    "status" : "passed",
    "steps" : [ ],
    "attachments" : [ ],
    "parameters" : [ ],
    "shouldDisplayMessage" : false,
    "attachmentsCount" : 0,
    "hasContent" : false,
    "stepsCount" : 0
  } ],
  "labels" : [ {
    "name" : "parentSuite",
    "value" : "testcase"
  }, {
    "name" : "suite",
    "value" : "test_01_create_user"
  }, {
    "name" : "subSuite",
    "value" : "TestCreateUser"
  }, {
    "name" : "host",
    "value" : "wuzs"
  }, {
    "name" : "thread",
    "value" : "5348-MainThread"
  }, {
    "name" : "framework",
    "value" : "pytest"
  }, {
    "name" : "language",
    "value" : "cpython3"
  }, {
    "name" : "package",
    "value" : "testcase.test_01_create_user"
  }, {
    "name" : "resultFormat",
    "value" : "allure2"
  } ],
  "parameters" : [ ],
  "links" : [ ],
  "hidden" : true,
  "retry" : true,
  "extra" : {
    "categories" : [ ],
    "tags" : [ ]
  },
  "source" : "23757daba5c80c94.json",
  "parameterValues" : [ ]
}