{
  "uid" : "356ad85eef0c979c",
  "name" : "test_delete_project",
  "fullName" : "testcase.test_15_delete_project.TestProjectDelete#test_delete_project",
  "historyId" : "9c075488994ee6ae32a30f69a525744b",
  "time" : {
    "start" : 1572677575707,
    "stop" : 1572677589461,
    "duration" : 13754
  },
  "status" : "broken",
  "statusMessage" : "selenium.common.exceptions.TimeoutException: Message: Element: xpath->//div[@class='table-toolbar']/div/div//form/div/div/input not found in 5 seconds.",
  "statusTrace" : "self = <test_15_delete_project.TestProjectDelete object at 0x051043B0>\n\n    @pytest.mark.flaky(reruns=3)\n    def test_delete_project(self):\n    \n        login = Login(self.dr)\n        datas = datainfo.get_xls_to_dict(\"user.xlsx\", \"Sheet1\")[0]\n        p_data = datainfo.get_xls_to_dict(\"projectdata.xlsx\",\"Sheet1\")[0]\n    \n        ppg = authProjectPage.AuthProjectPage(self.dr)\n        pac = projectAction.PojectAction(self.dr)\n        # login.login(\"wuzs0001\",\"1qaz!QAZ\")\n        login.login(datas[\"username\"],datas[\"password\"])\n        #tenantname,projectname,projectdesc\n>       pac.delete_project(p_data[\"projectname\"])\n\ntestcase\\test_15_delete_project.py:31: \n_ _ _ _ _ _ _ _ _ _ _ _ _ _ _ _ _ _ _ _ _ _ _ _ _ _ _ _ _ _ _ _ _ _ _ _ _ _ _ _\npublic\\appModel\\projectAction.py:36: in delete_project\n    self.propg.input_and_search_project(projectname)\npublic\\pages\\authProjectPage.py:42: in input_and_search_project\n    self.dr.type_and_enter(\"xpath->//div[@class='table-toolbar']/div/div//form/div/div/input\",value)\npublic\\common\\pyselenium.py:588: in type_and_enter\n    self.element_wait(css)\npublic\\common\\pyselenium.py:91: in element_wait\n    WebDriverWait(self.driver, secs, 1).until(EC.presence_of_element_located((By.XPATH, value)), messages)\n_ _ _ _ _ _ _ _ _ _ _ _ _ _ _ _ _ _ _ _ _ _ _ _ _ _ _ _ _ _ _ _ _ _ _ _ _ _ _ _\n\nself = <selenium.webdriver.support.wait.WebDriverWait (session=\"d3bdea6a-16c1-4fbd-b0d9-98b78635c4ca\")>\nmethod = <selenium.webdriver.support.expected_conditions.presence_of_element_located object at 0x007CB670>\nmessage = \"Element: xpath->//div[@class='table-toolbar']/div/div//form/div/div/input not found in 5 seconds.\"\n\n    def until(self, method, message=''):\n        \"\"\"Calls the method provided with the driver as an argument until the \\\n        return value is not False.\"\"\"\n        screen = None\n        stacktrace = None\n    \n        end_time = time.time() + self._timeout\n        while True:\n            try:\n                value = method(self._driver)\n                if value:\n                    return value\n            except self._ignored_exceptions as exc:\n                screen = getattr(exc, 'screen', None)\n                stacktrace = getattr(exc, 'stacktrace', None)\n            time.sleep(self._poll)\n            if time.time() > end_time:\n                break\n>       raise TimeoutException(message, screen, stacktrace)\nE       selenium.common.exceptions.TimeoutException: Message: Element: xpath->//div[@class='table-toolbar']/div/div//form/div/div/input not found in 5 seconds.\n\nD:\\Env\\ui_auto\\lib\\site-packages\\selenium\\webdriver\\support\\wait.py:80: TimeoutException",
  "flaky" : false,
  "newFailed" : false,
  "beforeStages" : [ {
    "name" : "_Class__pytest_setup_class",
    "time" : {
      "start" : 1572677566668,
      "stop" : 1572677575706,
      "duration" : 9038
    },
    "status" : "passed",
    "steps" : [ ],
    "attachments" : [ ],
    "parameters" : [ ],
    "shouldDisplayMessage" : false,
    "attachmentsCount" : 0,
    "hasContent" : false,
    "stepsCount" : 0
  } ],
  "testStage" : {
    "status" : "broken",
    "statusMessage" : "selenium.common.exceptions.TimeoutException: Message: Element: xpath->//div[@class='table-toolbar']/div/div//form/div/div/input not found in 5 seconds.",
    "statusTrace" : "self = <test_15_delete_project.TestProjectDelete object at 0x051043B0>\n\n    @pytest.mark.flaky(reruns=3)\n    def test_delete_project(self):\n    \n        login = Login(self.dr)\n        datas = datainfo.get_xls_to_dict(\"user.xlsx\", \"Sheet1\")[0]\n        p_data = datainfo.get_xls_to_dict(\"projectdata.xlsx\",\"Sheet1\")[0]\n    \n        ppg = authProjectPage.AuthProjectPage(self.dr)\n        pac = projectAction.PojectAction(self.dr)\n        # login.login(\"wuzs0001\",\"1qaz!QAZ\")\n        login.login(datas[\"username\"],datas[\"password\"])\n        #tenantname,projectname,projectdesc\n>       pac.delete_project(p_data[\"projectname\"])\n\ntestcase\\test_15_delete_project.py:31: \n_ _ _ _ _ _ _ _ _ _ _ _ _ _ _ _ _ _ _ _ _ _ _ _ _ _ _ _ _ _ _ _ _ _ _ _ _ _ _ _\npublic\\appModel\\projectAction.py:36: in delete_project\n    self.propg.input_and_search_project(projectname)\npublic\\pages\\authProjectPage.py:42: in input_and_search_project\n    self.dr.type_and_enter(\"xpath->//div[@class='table-toolbar']/div/div//form/div/div/input\",value)\npublic\\common\\pyselenium.py:588: in type_and_enter\n    self.element_wait(css)\npublic\\common\\pyselenium.py:91: in element_wait\n    WebDriverWait(self.driver, secs, 1).until(EC.presence_of_element_located((By.XPATH, value)), messages)\n_ _ _ _ _ _ _ _ _ _ _ _ _ _ _ _ _ _ _ _ _ _ _ _ _ _ _ _ _ _ _ _ _ _ _ _ _ _ _ _\n\nself = <selenium.webdriver.support.wait.WebDriverWait (session=\"d3bdea6a-16c1-4fbd-b0d9-98b78635c4ca\")>\nmethod = <selenium.webdriver.support.expected_conditions.presence_of_element_located object at 0x007CB670>\nmessage = \"Element: xpath->//div[@class='table-toolbar']/div/div//form/div/div/input not found in 5 seconds.\"\n\n    def until(self, method, message=''):\n        \"\"\"Calls the method provided with the driver as an argument until the \\\n        return value is not False.\"\"\"\n        screen = None\n        stacktrace = None\n    \n        end_time = time.time() + self._timeout\n        while True:\n            try:\n                value = method(self._driver)\n                if value:\n                    return value\n            except self._ignored_exceptions as exc:\n                screen = getattr(exc, 'screen', None)\n                stacktrace = getattr(exc, 'stacktrace', None)\n            time.sleep(self._poll)\n            if time.time() > end_time:\n                break\n>       raise TimeoutException(message, screen, stacktrace)\nE       selenium.common.exceptions.TimeoutException: Message: Element: xpath->//div[@class='table-toolbar']/div/div//form/div/div/input not found in 5 seconds.\n\nD:\\Env\\ui_auto\\lib\\site-packages\\selenium\\webdriver\\support\\wait.py:80: TimeoutException",
    "steps" : [ ],
    "attachments" : [ {
      "uid" : "f6cdcfc9d96217ad",
      "name" : "log",
      "source" : "f6cdcfc9d96217ad.txt",
      "type" : "text/plain",
      "size" : 55308
    } ],
    "parameters" : [ ],
    "shouldDisplayMessage" : true,
    "attachmentsCount" : 1,
    "hasContent" : true,
    "stepsCount" : 0
  },
  "afterStages" : [ {
    "name" : "_Class__pytest_setup_class::0",
    "time" : {
      "start" : 1572677589543,
      "stop" : 1572677591081,
      "duration" : 1538
    },
    "status" : "passed",
    "steps" : [ ],
    "attachments" : [ ],
    "parameters" : [ ],
    "shouldDisplayMessage" : false,
    "attachmentsCount" : 0,
    "hasContent" : false,
    "stepsCount" : 0
  } ],
  "labels" : [ {
    "name" : "parentSuite",
    "value" : "testcase"
  }, {
    "name" : "suite",
    "value" : "test_15_delete_project"
  }, {
    "name" : "subSuite",
    "value" : "TestProjectDelete"
  }, {
    "name" : "host",
    "value" : "wuzs"
  }, {
    "name" : "thread",
    "value" : "7064-MainThread"
  }, {
    "name" : "framework",
    "value" : "pytest"
  }, {
    "name" : "language",
    "value" : "cpython3"
  }, {
    "name" : "package",
    "value" : "testcase.test_15_delete_project"
  }, {
    "name" : "resultFormat",
    "value" : "allure2"
  } ],
  "parameters" : [ ],
  "links" : [ ],
  "hidden" : true,
  "retry" : true,
  "extra" : {
    "categories" : [ ],
    "tags" : [ ]
  },
  "source" : "356ad85eef0c979c.json",
  "parameterValues" : [ ]
}