{
  "uid" : "44147ac02b0ea1bb",
  "name" : "test_delete_service_openstack",
  "fullName" : "testcase.test_18_delete_service.TestDeleteService#test_delete_service_openstack",
  "historyId" : "e8f3f57c13f500e14663253dd9722fd2",
  "time" : {
    "start" : 1572677937723,
    "stop" : 1572677945095,
    "duration" : 7372
  },
  "status" : "broken",
  "statusMessage" : "selenium.common.exceptions.TimeoutException: Message: Element: xpath->//a[contains(.,'河南')]/parent::li//child::i not found in 5 seconds.",
  "statusTrace" : "self = <test_18_delete_service.TestDeleteService object at 0x050B55D0>\n\n    @pytest.mark.flaky(reruns=3)\n    def test_delete_service_openstack(self):\n        p_data = datainfo.get_xls_to_dict(\"res_node_data.xlsx\", \"openstackapi\")[0]\n>       self.arn.delete_service(p_data[\"regionname\"], p_data[\"nodename\"], p_data[\"servicename\"])\n\ntestcase\\test_18_delete_service.py:54: \n_ _ _ _ _ _ _ _ _ _ _ _ _ _ _ _ _ _ _ _ _ _ _ _ _ _ _ _ _ _ _ _ _ _ _ _ _ _ _ _\npublic\\appModel\\resNodeAction.py:151: in delete_service\n    self.regionpg.click_region_tree(reginname)\npublic\\pages\\sys_regionMgrPage.py:60: in click_region_tree\n    self.dr.click(\"xpath->//a[contains(.,'%s')]/parent::li//child::i\"%value)\npublic\\common\\pyselenium.py:213: in click\n    self.element_wait(css)\npublic\\common\\pyselenium.py:91: in element_wait\n    WebDriverWait(self.driver, secs, 1).until(EC.presence_of_element_located((By.XPATH, value)), messages)\n_ _ _ _ _ _ _ _ _ _ _ _ _ _ _ _ _ _ _ _ _ _ _ _ _ _ _ _ _ _ _ _ _ _ _ _ _ _ _ _\n\nself = <selenium.webdriver.support.wait.WebDriverWait (session=\"a7e943f1-94c3-4fc4-bcd0-908b459c49b4\")>\nmethod = <selenium.webdriver.support.expected_conditions.presence_of_element_located object at 0x050B94D0>\nmessage = \"Element: xpath->//a[contains(.,'河南')]/parent::li//child::i not found in 5 seconds.\"\n\n    def until(self, method, message=''):\n        \"\"\"Calls the method provided with the driver as an argument until the \\\n        return value is not False.\"\"\"\n        screen = None\n        stacktrace = None\n    \n        end_time = time.time() + self._timeout\n        while True:\n            try:\n                value = method(self._driver)\n                if value:\n                    return value\n            except self._ignored_exceptions as exc:\n                screen = getattr(exc, 'screen', None)\n                stacktrace = getattr(exc, 'stacktrace', None)\n            time.sleep(self._poll)\n            if time.time() > end_time:\n                break\n>       raise TimeoutException(message, screen, stacktrace)\nE       selenium.common.exceptions.TimeoutException: Message: Element: xpath->//a[contains(.,'河南')]/parent::li//child::i not found in 5 seconds.\n\nD:\\Env\\ui_auto\\lib\\site-packages\\selenium\\webdriver\\support\\wait.py:80: TimeoutException",
  "flaky" : false,
  "newFailed" : false,
  "beforeStages" : [ {
    "name" : "_Class__pytest_setup_class",
    "time" : {
      "start" : 1572677927275,
      "stop" : 1572677937721,
      "duration" : 10446
    },
    "status" : "passed",
    "steps" : [ ],
    "attachments" : [ ],
    "parameters" : [ ],
    "shouldDisplayMessage" : false,
    "attachmentsCount" : 0,
    "hasContent" : false,
    "stepsCount" : 0
  } ],
  "testStage" : {
    "status" : "broken",
    "statusMessage" : "selenium.common.exceptions.TimeoutException: Message: Element: xpath->//a[contains(.,'河南')]/parent::li//child::i not found in 5 seconds.",
    "statusTrace" : "self = <test_18_delete_service.TestDeleteService object at 0x050B55D0>\n\n    @pytest.mark.flaky(reruns=3)\n    def test_delete_service_openstack(self):\n        p_data = datainfo.get_xls_to_dict(\"res_node_data.xlsx\", \"openstackapi\")[0]\n>       self.arn.delete_service(p_data[\"regionname\"], p_data[\"nodename\"], p_data[\"servicename\"])\n\ntestcase\\test_18_delete_service.py:54: \n_ _ _ _ _ _ _ _ _ _ _ _ _ _ _ _ _ _ _ _ _ _ _ _ _ _ _ _ _ _ _ _ _ _ _ _ _ _ _ _\npublic\\appModel\\resNodeAction.py:151: in delete_service\n    self.regionpg.click_region_tree(reginname)\npublic\\pages\\sys_regionMgrPage.py:60: in click_region_tree\n    self.dr.click(\"xpath->//a[contains(.,'%s')]/parent::li//child::i\"%value)\npublic\\common\\pyselenium.py:213: in click\n    self.element_wait(css)\npublic\\common\\pyselenium.py:91: in element_wait\n    WebDriverWait(self.driver, secs, 1).until(EC.presence_of_element_located((By.XPATH, value)), messages)\n_ _ _ _ _ _ _ _ _ _ _ _ _ _ _ _ _ _ _ _ _ _ _ _ _ _ _ _ _ _ _ _ _ _ _ _ _ _ _ _\n\nself = <selenium.webdriver.support.wait.WebDriverWait (session=\"a7e943f1-94c3-4fc4-bcd0-908b459c49b4\")>\nmethod = <selenium.webdriver.support.expected_conditions.presence_of_element_located object at 0x050B94D0>\nmessage = \"Element: xpath->//a[contains(.,'河南')]/parent::li//child::i not found in 5 seconds.\"\n\n    def until(self, method, message=''):\n        \"\"\"Calls the method provided with the driver as an argument until the \\\n        return value is not False.\"\"\"\n        screen = None\n        stacktrace = None\n    \n        end_time = time.time() + self._timeout\n        while True:\n            try:\n                value = method(self._driver)\n                if value:\n                    return value\n            except self._ignored_exceptions as exc:\n                screen = getattr(exc, 'screen', None)\n                stacktrace = getattr(exc, 'stacktrace', None)\n            time.sleep(self._poll)\n            if time.time() > end_time:\n                break\n>       raise TimeoutException(message, screen, stacktrace)\nE       selenium.common.exceptions.TimeoutException: Message: Element: xpath->//a[contains(.,'河南')]/parent::li//child::i not found in 5 seconds.\n\nD:\\Env\\ui_auto\\lib\\site-packages\\selenium\\webdriver\\support\\wait.py:80: TimeoutException",
    "steps" : [ ],
    "attachments" : [ {
      "uid" : "1c560309dc725f15",
      "name" : "log",
      "source" : "1c560309dc725f15.txt",
      "type" : "text/plain",
      "size" : 43815
    } ],
    "parameters" : [ ],
    "shouldDisplayMessage" : true,
    "attachmentsCount" : 1,
    "hasContent" : true,
    "stepsCount" : 0
  },
  "afterStages" : [ {
    "name" : "_Class__pytest_setup_class::0",
    "time" : {
      "start" : 1572677945192,
      "stop" : 1572677946205,
      "duration" : 1013
    },
    "status" : "passed",
    "steps" : [ ],
    "attachments" : [ ],
    "parameters" : [ ],
    "shouldDisplayMessage" : false,
    "attachmentsCount" : 0,
    "hasContent" : false,
    "stepsCount" : 0
  } ],
  "labels" : [ {
    "name" : "parentSuite",
    "value" : "testcase"
  }, {
    "name" : "suite",
    "value" : "test_18_delete_service"
  }, {
    "name" : "subSuite",
    "value" : "TestDeleteService"
  }, {
    "name" : "host",
    "value" : "wuzs"
  }, {
    "name" : "thread",
    "value" : "7064-MainThread"
  }, {
    "name" : "framework",
    "value" : "pytest"
  }, {
    "name" : "language",
    "value" : "cpython3"
  }, {
    "name" : "package",
    "value" : "testcase.test_18_delete_service"
  }, {
    "name" : "resultFormat",
    "value" : "allure2"
  } ],
  "parameters" : [ ],
  "links" : [ ],
  "hidden" : true,
  "retry" : true,
  "extra" : {
    "categories" : [ ],
    "tags" : [ ]
  },
  "source" : "44147ac02b0ea1bb.json",
  "parameterValues" : [ ]
}