{
  "uid" : "5c839b8fd6fc747d",
  "name" : "test_delete_user",
  "fullName" : "testcase.test_21_delete_user.TestDeleteUser#test_delete_user",
  "historyId" : "0b4c26d5055a1ad901cab62ff829434f",
  "time" : {
    "start" : 1572678172691,
    "stop" : 1572678186411,
    "duration" : 13720
  },
  "status" : "broken",
  "statusMessage" : "selenium.common.exceptions.TimeoutException: Message: Element: xpath->//div[@class='table-toolbar']/div/div//form/div/div/input not found in 5 seconds.",
  "statusTrace" : "self = <test_21_delete_user.TestDeleteUser object at 0x050BBE10>\n\n    @pytest.mark.flaky(reruns=3)\n    def test_delete_user(self):\n    \n        login = Login(self.dr)\n        login.login(\"系统管理员\",'123456')\n    \n        datas = datainfo.get_xls_to_dict(\"user.xlsx\", \"Sheet1\")[0]\n        upage = sysUorgMgrPage.SysUorgMgrPage(self.dr)\n        ua = userAction.UserAction(self.dr)\n>       ua.delete_user(datas[\"username\"])\n\ntestcase\\test_21_delete_user.py:29: \n_ _ _ _ _ _ _ _ _ _ _ _ _ _ _ _ _ _ _ _ _ _ _ _ _ _ _ _ _ _ _ _ _ _ _ _ _ _ _ _\npublic\\appModel\\userAction.py:38: in delete_user\n    self.userpage.input_select_user(username)\npublic\\pages\\sysUorgMgrPage.py:48: in input_select_user\n    self.dr.type_and_enter(\"xpath->//div[@class='table-toolbar']/div/div//form/div/div/input\",value)\npublic\\common\\pyselenium.py:588: in type_and_enter\n    self.element_wait(css)\npublic\\common\\pyselenium.py:91: in element_wait\n    WebDriverWait(self.driver, secs, 1).until(EC.presence_of_element_located((By.XPATH, value)), messages)\n_ _ _ _ _ _ _ _ _ _ _ _ _ _ _ _ _ _ _ _ _ _ _ _ _ _ _ _ _ _ _ _ _ _ _ _ _ _ _ _\n\nself = <selenium.webdriver.support.wait.WebDriverWait (session=\"f5947947-5b61-4c12-95e4-d568465d4505\")>\nmethod = <selenium.webdriver.support.expected_conditions.presence_of_element_located object at 0x007554B0>\nmessage = \"Element: xpath->//div[@class='table-toolbar']/div/div//form/div/div/input not found in 5 seconds.\"\n\n    def until(self, method, message=''):\n        \"\"\"Calls the method provided with the driver as an argument until the \\\n        return value is not False.\"\"\"\n        screen = None\n        stacktrace = None\n    \n        end_time = time.time() + self._timeout\n        while True:\n            try:\n                value = method(self._driver)\n                if value:\n                    return value\n            except self._ignored_exceptions as exc:\n                screen = getattr(exc, 'screen', None)\n                stacktrace = getattr(exc, 'stacktrace', None)\n            time.sleep(self._poll)\n            if time.time() > end_time:\n                break\n>       raise TimeoutException(message, screen, stacktrace)\nE       selenium.common.exceptions.TimeoutException: Message: Element: xpath->//div[@class='table-toolbar']/div/div//form/div/div/input not found in 5 seconds.\n\nD:\\Env\\ui_auto\\lib\\site-packages\\selenium\\webdriver\\support\\wait.py:80: TimeoutException",
  "flaky" : false,
  "newFailed" : false,
  "beforeStages" : [ {
    "name" : "_Class__pytest_setup_class",
    "time" : {
      "start" : 1572678163676,
      "stop" : 1572678172691,
      "duration" : 9015
    },
    "status" : "passed",
    "steps" : [ ],
    "attachments" : [ ],
    "parameters" : [ ],
    "shouldDisplayMessage" : false,
    "attachmentsCount" : 0,
    "hasContent" : false,
    "stepsCount" : 0
  } ],
  "testStage" : {
    "status" : "broken",
    "statusMessage" : "selenium.common.exceptions.TimeoutException: Message: Element: xpath->//div[@class='table-toolbar']/div/div//form/div/div/input not found in 5 seconds.",
    "statusTrace" : "self = <test_21_delete_user.TestDeleteUser object at 0x050BBE10>\n\n    @pytest.mark.flaky(reruns=3)\n    def test_delete_user(self):\n    \n        login = Login(self.dr)\n        login.login(\"系统管理员\",'123456')\n    \n        datas = datainfo.get_xls_to_dict(\"user.xlsx\", \"Sheet1\")[0]\n        upage = sysUorgMgrPage.SysUorgMgrPage(self.dr)\n        ua = userAction.UserAction(self.dr)\n>       ua.delete_user(datas[\"username\"])\n\ntestcase\\test_21_delete_user.py:29: \n_ _ _ _ _ _ _ _ _ _ _ _ _ _ _ _ _ _ _ _ _ _ _ _ _ _ _ _ _ _ _ _ _ _ _ _ _ _ _ _\npublic\\appModel\\userAction.py:38: in delete_user\n    self.userpage.input_select_user(username)\npublic\\pages\\sysUorgMgrPage.py:48: in input_select_user\n    self.dr.type_and_enter(\"xpath->//div[@class='table-toolbar']/div/div//form/div/div/input\",value)\npublic\\common\\pyselenium.py:588: in type_and_enter\n    self.element_wait(css)\npublic\\common\\pyselenium.py:91: in element_wait\n    WebDriverWait(self.driver, secs, 1).until(EC.presence_of_element_located((By.XPATH, value)), messages)\n_ _ _ _ _ _ _ _ _ _ _ _ _ _ _ _ _ _ _ _ _ _ _ _ _ _ _ _ _ _ _ _ _ _ _ _ _ _ _ _\n\nself = <selenium.webdriver.support.wait.WebDriverWait (session=\"f5947947-5b61-4c12-95e4-d568465d4505\")>\nmethod = <selenium.webdriver.support.expected_conditions.presence_of_element_located object at 0x007554B0>\nmessage = \"Element: xpath->//div[@class='table-toolbar']/div/div//form/div/div/input not found in 5 seconds.\"\n\n    def until(self, method, message=''):\n        \"\"\"Calls the method provided with the driver as an argument until the \\\n        return value is not False.\"\"\"\n        screen = None\n        stacktrace = None\n    \n        end_time = time.time() + self._timeout\n        while True:\n            try:\n                value = method(self._driver)\n                if value:\n                    return value\n            except self._ignored_exceptions as exc:\n                screen = getattr(exc, 'screen', None)\n                stacktrace = getattr(exc, 'stacktrace', None)\n            time.sleep(self._poll)\n            if time.time() > end_time:\n                break\n>       raise TimeoutException(message, screen, stacktrace)\nE       selenium.common.exceptions.TimeoutException: Message: Element: xpath->//div[@class='table-toolbar']/div/div//form/div/div/input not found in 5 seconds.\n\nD:\\Env\\ui_auto\\lib\\site-packages\\selenium\\webdriver\\support\\wait.py:80: TimeoutException",
    "steps" : [ ],
    "attachments" : [ {
      "uid" : "b0072178b811ac48",
      "name" : "log",
      "source" : "b0072178b811ac48.txt",
      "type" : "text/plain",
      "size" : 26478
    } ],
    "parameters" : [ ],
    "shouldDisplayMessage" : true,
    "attachmentsCount" : 1,
    "hasContent" : true,
    "stepsCount" : 0
  },
  "afterStages" : [ {
    "name" : "_Class__pytest_setup_class::0",
    "time" : {
      "start" : 1572678186465,
      "stop" : 1572678187406,
      "duration" : 941
    },
    "status" : "passed",
    "steps" : [ ],
    "attachments" : [ ],
    "parameters" : [ ],
    "shouldDisplayMessage" : false,
    "attachmentsCount" : 0,
    "hasContent" : false,
    "stepsCount" : 0
  } ],
  "labels" : [ {
    "name" : "parentSuite",
    "value" : "testcase"
  }, {
    "name" : "suite",
    "value" : "test_21_delete_user"
  }, {
    "name" : "subSuite",
    "value" : "TestDeleteUser"
  }, {
    "name" : "host",
    "value" : "wuzs"
  }, {
    "name" : "thread",
    "value" : "7064-MainThread"
  }, {
    "name" : "framework",
    "value" : "pytest"
  }, {
    "name" : "language",
    "value" : "cpython3"
  }, {
    "name" : "package",
    "value" : "testcase.test_21_delete_user"
  }, {
    "name" : "resultFormat",
    "value" : "allure2"
  } ],
  "parameters" : [ ],
  "links" : [ ],
  "hidden" : true,
  "retry" : true,
  "extra" : {
    "categories" : [ ],
    "tags" : [ ]
  },
  "source" : "5c839b8fd6fc747d.json",
  "parameterValues" : [ ]
}