{
  "uid" : "870163bd66fcc65b",
  "name" : "test_delete_tenant_user",
  "fullName" : "testcase.test_14_delete_tenant_user.TestDeleteUser#test_delete_tenant_user",
  "historyId" : "b9e3bb7f20f4cd13fb429a642dff2600",
  "time" : {
    "start" : 1572686990057,
    "stop" : 1572687012381,
    "duration" : 22324
  },
  "status" : "broken",
  "statusMessage" : "selenium.common.exceptions.TimeoutException: Message: Element: xpath->//span[contains(.,'更多')] not found in 5 seconds.",
  "statusTrace" : "self = <test_14_delete_tenant_user.TestDeleteUser object at 0x00A3FE50>\n\n    @pytest.mark.flaky(reruns=3)\n    def test_delete_tenant_user(self):\n    \n        login = Login(self.dr)\n        datas = datainfo.get_xls_to_dict(\"user.xlsx\", \"Sheet1\")[0]\n        data1s = datainfo.get_xls_to_dict(\"user.xlsx\", \"authuser\")[0]\n        aupg = authUserPage.AuthUsertPage(self.dr)\n        ta = userAction.UserAction(self.dr)\n        # t_data = datainfo.get_xls_to_dict(\"tenantdata.xlsx\",\"Sheet1\")[0]\n        login.login(datas[\"username\"], datas[\"password\"])\n        # ta.create_tenant_user(data1s[\"tenantname\"],data1s[\"username\"],data1s[\"firstname\"],data1s[\"password\"],data1s[\"repassword\"],data1s[\"email\"])\n>       ta.delete_tenant_user(data1s[\"username\"])\n\ntestcase\\test_14_delete_tenant_user.py:30: \n_ _ _ _ _ _ _ _ _ _ _ _ _ _ _ _ _ _ _ _ _ _ _ _ _ _ _ _ _ _ _ _ _ _ _ _ _ _ _ _\npublic\\appModel\\userAction.py:114: in delete_tenant_user\n    self.a_u_pg.click_user_more_button()\npublic\\pages\\authUserPage.py:60: in click_user_more_button\n    self.dr.click(\"xpath->//span[contains(.,'更多')]\")\npublic\\common\\pyselenium.py:213: in click\n    self.element_wait(css)\npublic\\common\\pyselenium.py:91: in element_wait\n    WebDriverWait(self.driver, secs, 1).until(EC.presence_of_element_located((By.XPATH, value)), messages)\n_ _ _ _ _ _ _ _ _ _ _ _ _ _ _ _ _ _ _ _ _ _ _ _ _ _ _ _ _ _ _ _ _ _ _ _ _ _ _ _\n\nself = <selenium.webdriver.support.wait.WebDriverWait (session=\"fe43742d-51a4-4101-97dd-ac309891496e\")>\nmethod = <selenium.webdriver.support.expected_conditions.presence_of_element_located object at 0x045880B0>\nmessage = \"Element: xpath->//span[contains(.,'更多')] not found in 5 seconds.\"\n\n    def until(self, method, message=''):\n        \"\"\"Calls the method provided with the driver as an argument until the \\\n        return value is not False.\"\"\"\n        screen = None\n        stacktrace = None\n    \n        end_time = time.time() + self._timeout\n        while True:\n            try:\n                value = method(self._driver)\n                if value:\n                    return value\n            except self._ignored_exceptions as exc:\n                screen = getattr(exc, 'screen', None)\n                stacktrace = getattr(exc, 'stacktrace', None)\n            time.sleep(self._poll)\n            if time.time() > end_time:\n                break\n>       raise TimeoutException(message, screen, stacktrace)\nE       selenium.common.exceptions.TimeoutException: Message: Element: xpath->//span[contains(.,'更多')] not found in 5 seconds.\n\nD:\\Env\\ui_auto\\lib\\site-packages\\selenium\\webdriver\\support\\wait.py:80: TimeoutException",
  "flaky" : false,
  "newFailed" : false,
  "beforeStages" : [ {
    "name" : "_Class__pytest_setup_class",
    "time" : {
      "start" : 1572686979990,
      "stop" : 1572686990056,
      "duration" : 10066
    },
    "status" : "passed",
    "steps" : [ ],
    "attachments" : [ ],
    "parameters" : [ ],
    "shouldDisplayMessage" : false,
    "attachmentsCount" : 0,
    "hasContent" : false,
    "stepsCount" : 0
  } ],
  "testStage" : {
    "status" : "broken",
    "statusMessage" : "selenium.common.exceptions.TimeoutException: Message: Element: xpath->//span[contains(.,'更多')] not found in 5 seconds.",
    "statusTrace" : "self = <test_14_delete_tenant_user.TestDeleteUser object at 0x00A3FE50>\n\n    @pytest.mark.flaky(reruns=3)\n    def test_delete_tenant_user(self):\n    \n        login = Login(self.dr)\n        datas = datainfo.get_xls_to_dict(\"user.xlsx\", \"Sheet1\")[0]\n        data1s = datainfo.get_xls_to_dict(\"user.xlsx\", \"authuser\")[0]\n        aupg = authUserPage.AuthUsertPage(self.dr)\n        ta = userAction.UserAction(self.dr)\n        # t_data = datainfo.get_xls_to_dict(\"tenantdata.xlsx\",\"Sheet1\")[0]\n        login.login(datas[\"username\"], datas[\"password\"])\n        # ta.create_tenant_user(data1s[\"tenantname\"],data1s[\"username\"],data1s[\"firstname\"],data1s[\"password\"],data1s[\"repassword\"],data1s[\"email\"])\n>       ta.delete_tenant_user(data1s[\"username\"])\n\ntestcase\\test_14_delete_tenant_user.py:30: \n_ _ _ _ _ _ _ _ _ _ _ _ _ _ _ _ _ _ _ _ _ _ _ _ _ _ _ _ _ _ _ _ _ _ _ _ _ _ _ _\npublic\\appModel\\userAction.py:114: in delete_tenant_user\n    self.a_u_pg.click_user_more_button()\npublic\\pages\\authUserPage.py:60: in click_user_more_button\n    self.dr.click(\"xpath->//span[contains(.,'更多')]\")\npublic\\common\\pyselenium.py:213: in click\n    self.element_wait(css)\npublic\\common\\pyselenium.py:91: in element_wait\n    WebDriverWait(self.driver, secs, 1).until(EC.presence_of_element_located((By.XPATH, value)), messages)\n_ _ _ _ _ _ _ _ _ _ _ _ _ _ _ _ _ _ _ _ _ _ _ _ _ _ _ _ _ _ _ _ _ _ _ _ _ _ _ _\n\nself = <selenium.webdriver.support.wait.WebDriverWait (session=\"fe43742d-51a4-4101-97dd-ac309891496e\")>\nmethod = <selenium.webdriver.support.expected_conditions.presence_of_element_located object at 0x045880B0>\nmessage = \"Element: xpath->//span[contains(.,'更多')] not found in 5 seconds.\"\n\n    def until(self, method, message=''):\n        \"\"\"Calls the method provided with the driver as an argument until the \\\n        return value is not False.\"\"\"\n        screen = None\n        stacktrace = None\n    \n        end_time = time.time() + self._timeout\n        while True:\n            try:\n                value = method(self._driver)\n                if value:\n                    return value\n            except self._ignored_exceptions as exc:\n                screen = getattr(exc, 'screen', None)\n                stacktrace = getattr(exc, 'stacktrace', None)\n            time.sleep(self._poll)\n            if time.time() > end_time:\n                break\n>       raise TimeoutException(message, screen, stacktrace)\nE       selenium.common.exceptions.TimeoutException: Message: Element: xpath->//span[contains(.,'更多')] not found in 5 seconds.\n\nD:\\Env\\ui_auto\\lib\\site-packages\\selenium\\webdriver\\support\\wait.py:80: TimeoutException",
    "steps" : [ ],
    "attachments" : [ {
      "uid" : "4f5a2e1553235078",
      "name" : "log",
      "source" : "4f5a2e1553235078.txt",
      "type" : "text/plain",
      "size" : 55189
    } ],
    "parameters" : [ ],
    "shouldDisplayMessage" : true,
    "attachmentsCount" : 1,
    "hasContent" : true,
    "stepsCount" : 0
  },
  "afterStages" : [ {
    "name" : "_Class__pytest_setup_class::0",
    "time" : {
      "start" : 1572687012429,
      "stop" : 1572687013746,
      "duration" : 1317
    },
    "status" : "passed",
    "steps" : [ ],
    "attachments" : [ ],
    "parameters" : [ ],
    "shouldDisplayMessage" : false,
    "attachmentsCount" : 0,
    "hasContent" : false,
    "stepsCount" : 0
  } ],
  "labels" : [ {
    "name" : "parentSuite",
    "value" : "testcase"
  }, {
    "name" : "suite",
    "value" : "test_14_delete_tenant_user"
  }, {
    "name" : "subSuite",
    "value" : "TestDeleteUser"
  }, {
    "name" : "host",
    "value" : "wuzs"
  }, {
    "name" : "thread",
    "value" : "18804-MainThread"
  }, {
    "name" : "framework",
    "value" : "pytest"
  }, {
    "name" : "language",
    "value" : "cpython3"
  }, {
    "name" : "package",
    "value" : "testcase.test_14_delete_tenant_user"
  }, {
    "name" : "resultFormat",
    "value" : "allure2"
  } ],
  "parameters" : [ ],
  "links" : [ ],
  "hidden" : true,
  "retry" : true,
  "extra" : {
    "categories" : [ ],
    "tags" : [ ]
  },
  "source" : "870163bd66fcc65b.json",
  "parameterValues" : [ ]
}