{
  "uid" : "95a66bccc48e7160",
  "name" : "test_sync_phy_res",
  "fullName" : "testcase.test_09_sync_phy_resource.TestPhySunc#test_sync_phy_res",
  "historyId" : "bfc8f5de669fe7437eb149ff23841f95",
  "time" : {
    "start" : 1572683635574,
    "stop" : 1572683654972,
    "duration" : 19398
  },
  "status" : "broken",
  "statusMessage" : "selenium.common.exceptions.TimeoutException: Message: Element: xpath->//span[text()='DC1']/parent::div/parent::td/parent::tr/child::td/child::div/child::span/child::input not found in 5 seconds.",
  "statusTrace" : "self = <test_09_sync_phy_resource.TestPhySunc object at 0x014300F0>\n\n    @pytest.mark.flaky(reruns=3)\n    def test_sync_phy_res(self):\n        datas = datainfo.get_xls_to_dict(\"user.xlsx\", \"Sheet1\")[0]\n        p_data = datainfo.get_xls_to_dict(\"res_node_data.xlsx\", \"region\")[0]\n    \n        self.login.login(datas[\"username\"], datas[\"password\"])\n        sync_a =  resSyncAction.ResSync(self.dr)\n        sync_pg = resSyncPage.ResSyncPage(self.dr)\n>       sync_a.phy_res_sync(p_data[\"regionname\"],p_data[\"nodename\"],\"DC1\",\"DC2\")\n\ntestcase\\test_09_sync_phy_resource.py:29: \n_ _ _ _ _ _ _ _ _ _ _ _ _ _ _ _ _ _ _ _ _ _ _ _ _ _ _ _ _ _ _ _ _ _ _ _ _ _ _ _\npublic\\appModel\\resSyncAction.py:39: in phy_res_sync\n    self.syncPage.select_and_click_data_center(DC)\npublic\\pages\\resSyncPage.py:39: in select_and_click_data_center\n    self.dr.click(\"xpath->//span[text()='%s']/parent::div/parent::td/parent::tr/child::td/child::div/child::span/child::input\"%value)\npublic\\common\\pyselenium.py:213: in click\n    self.element_wait(css)\npublic\\common\\pyselenium.py:91: in element_wait\n    WebDriverWait(self.driver, secs, 1).until(EC.presence_of_element_located((By.XPATH, value)), messages)\n_ _ _ _ _ _ _ _ _ _ _ _ _ _ _ _ _ _ _ _ _ _ _ _ _ _ _ _ _ _ _ _ _ _ _ _ _ _ _ _\n\nself = <selenium.webdriver.support.wait.WebDriverWait (session=\"c5f122f1-4cf2-471d-8092-0a793e7855eb\")>\nmethod = <selenium.webdriver.support.expected_conditions.presence_of_element_located object at 0x01430790>\nmessage = \"Element: xpath->//span[text()='DC1']/parent::div/parent::td/parent::tr/child::td/child::div/child::span/child::input not found in 5 seconds.\"\n\n    def until(self, method, message=''):\n        \"\"\"Calls the method provided with the driver as an argument until the \\\n        return value is not False.\"\"\"\n        screen = None\n        stacktrace = None\n    \n        end_time = time.time() + self._timeout\n        while True:\n            try:\n                value = method(self._driver)\n                if value:\n                    return value\n            except self._ignored_exceptions as exc:\n                screen = getattr(exc, 'screen', None)\n                stacktrace = getattr(exc, 'stacktrace', None)\n            time.sleep(self._poll)\n            if time.time() > end_time:\n                break\n>       raise TimeoutException(message, screen, stacktrace)\nE       selenium.common.exceptions.TimeoutException: Message: Element: xpath->//span[text()='DC1']/parent::div/parent::td/parent::tr/child::td/child::div/child::span/child::input not found in 5 seconds.\n\nD:\\Env\\ui_auto\\lib\\site-packages\\selenium\\webdriver\\support\\wait.py:80: TimeoutException",
  "flaky" : false,
  "newFailed" : false,
  "beforeStages" : [ {
    "name" : "_Class__pytest_setup_class",
    "time" : {
      "start" : 1572683625504,
      "stop" : 1572683635574,
      "duration" : 10070
    },
    "status" : "passed",
    "steps" : [ ],
    "attachments" : [ ],
    "parameters" : [ ],
    "shouldDisplayMessage" : false,
    "attachmentsCount" : 0,
    "hasContent" : false,
    "stepsCount" : 0
  } ],
  "testStage" : {
    "status" : "broken",
    "statusMessage" : "selenium.common.exceptions.TimeoutException: Message: Element: xpath->//span[text()='DC1']/parent::div/parent::td/parent::tr/child::td/child::div/child::span/child::input not found in 5 seconds.",
    "statusTrace" : "self = <test_09_sync_phy_resource.TestPhySunc object at 0x014300F0>\n\n    @pytest.mark.flaky(reruns=3)\n    def test_sync_phy_res(self):\n        datas = datainfo.get_xls_to_dict(\"user.xlsx\", \"Sheet1\")[0]\n        p_data = datainfo.get_xls_to_dict(\"res_node_data.xlsx\", \"region\")[0]\n    \n        self.login.login(datas[\"username\"], datas[\"password\"])\n        sync_a =  resSyncAction.ResSync(self.dr)\n        sync_pg = resSyncPage.ResSyncPage(self.dr)\n>       sync_a.phy_res_sync(p_data[\"regionname\"],p_data[\"nodename\"],\"DC1\",\"DC2\")\n\ntestcase\\test_09_sync_phy_resource.py:29: \n_ _ _ _ _ _ _ _ _ _ _ _ _ _ _ _ _ _ _ _ _ _ _ _ _ _ _ _ _ _ _ _ _ _ _ _ _ _ _ _\npublic\\appModel\\resSyncAction.py:39: in phy_res_sync\n    self.syncPage.select_and_click_data_center(DC)\npublic\\pages\\resSyncPage.py:39: in select_and_click_data_center\n    self.dr.click(\"xpath->//span[text()='%s']/parent::div/parent::td/parent::tr/child::td/child::div/child::span/child::input\"%value)\npublic\\common\\pyselenium.py:213: in click\n    self.element_wait(css)\npublic\\common\\pyselenium.py:91: in element_wait\n    WebDriverWait(self.driver, secs, 1).until(EC.presence_of_element_located((By.XPATH, value)), messages)\n_ _ _ _ _ _ _ _ _ _ _ _ _ _ _ _ _ _ _ _ _ _ _ _ _ _ _ _ _ _ _ _ _ _ _ _ _ _ _ _\n\nself = <selenium.webdriver.support.wait.WebDriverWait (session=\"c5f122f1-4cf2-471d-8092-0a793e7855eb\")>\nmethod = <selenium.webdriver.support.expected_conditions.presence_of_element_located object at 0x01430790>\nmessage = \"Element: xpath->//span[text()='DC1']/parent::div/parent::td/parent::tr/child::td/child::div/child::span/child::input not found in 5 seconds.\"\n\n    def until(self, method, message=''):\n        \"\"\"Calls the method provided with the driver as an argument until the \\\n        return value is not False.\"\"\"\n        screen = None\n        stacktrace = None\n    \n        end_time = time.time() + self._timeout\n        while True:\n            try:\n                value = method(self._driver)\n                if value:\n                    return value\n            except self._ignored_exceptions as exc:\n                screen = getattr(exc, 'screen', None)\n                stacktrace = getattr(exc, 'stacktrace', None)\n            time.sleep(self._poll)\n            if time.time() > end_time:\n                break\n>       raise TimeoutException(message, screen, stacktrace)\nE       selenium.common.exceptions.TimeoutException: Message: Element: xpath->//span[text()='DC1']/parent::div/parent::td/parent::tr/child::td/child::div/child::span/child::input not found in 5 seconds.\n\nD:\\Env\\ui_auto\\lib\\site-packages\\selenium\\webdriver\\support\\wait.py:80: TimeoutException",
    "steps" : [ ],
    "attachments" : [ {
      "uid" : "1d0768bc362c9af3",
      "name" : "log",
      "source" : "1d0768bc362c9af3.txt",
      "type" : "text/plain",
      "size" : 67612
    } ],
    "parameters" : [ ],
    "shouldDisplayMessage" : true,
    "attachmentsCount" : 1,
    "hasContent" : true,
    "stepsCount" : 0
  },
  "afterStages" : [ {
    "name" : "_Class__pytest_setup_class::0",
    "time" : {
      "start" : 1572683655033,
      "stop" : 1572683656757,
      "duration" : 1724
    },
    "status" : "passed",
    "steps" : [ ],
    "attachments" : [ ],
    "parameters" : [ ],
    "shouldDisplayMessage" : false,
    "attachmentsCount" : 0,
    "hasContent" : false,
    "stepsCount" : 0
  } ],
  "labels" : [ {
    "name" : "parentSuite",
    "value" : "testcase"
  }, {
    "name" : "suite",
    "value" : "test_09_sync_phy_resource"
  }, {
    "name" : "subSuite",
    "value" : "TestPhySunc"
  }, {
    "name" : "host",
    "value" : "wuzs"
  }, {
    "name" : "thread",
    "value" : "5348-MainThread"
  }, {
    "name" : "framework",
    "value" : "pytest"
  }, {
    "name" : "language",
    "value" : "cpython3"
  }, {
    "name" : "package",
    "value" : "testcase.test_09_sync_phy_resource"
  }, {
    "name" : "resultFormat",
    "value" : "allure2"
  } ],
  "parameters" : [ ],
  "links" : [ ],
  "hidden" : true,
  "retry" : true,
  "extra" : {
    "categories" : [ ],
    "tags" : [ ]
  },
  "source" : "95a66bccc48e7160.json",
  "parameterValues" : [ ]
}