{
  "uid" : "c2f25dd88276b0d3",
  "name" : "test_create_project",
  "fullName" : "testcase.test_05_create_project.TestProject#test_create_project",
  "historyId" : "36008615de03d35fb38c69ee59470008",
  "time" : {
    "start" : 1572676429408,
    "stop" : 1572676443156,
    "duration" : 13748
  },
  "status" : "broken",
  "statusMessage" : "selenium.common.exceptions.TimeoutException: Message: Element: xpath->//div[5]/button/i not found in 5 seconds.",
  "statusTrace" : "self = <test_05_create_project.TestProject object at 0x051209B0>\n\n    @pytest.mark.flaky(reruns=3)\n    def test_create_project(self):\n    \n        login = Login(self.dr)\n        datas = datainfo.get_xls_to_dict(\"user.xlsx\", \"Sheet1\")[0]\n        p_data = datainfo.get_xls_to_dict(\"projectdata.xlsx\",\"Sheet1\")[0]\n    \n        ppg = authProjectPage.AuthProjectPage(self.dr)\n        pac = projectAction.PojectAction(self.dr)\n        # login.login(\"wuzs0001\",\"1qaz!QAZ\")\n        login.login(datas[\"username\"],datas[\"password\"])\n        #tenantname,projectname,projectdesc\n>       pac.create_project(p_data[\"tenantname\"],p_data[\"projectname\"],p_data[\"projectdesc\"])\n\ntestcase\\test_05_create_project.py:33: \n_ _ _ _ _ _ _ _ _ _ _ _ _ _ _ _ _ _ _ _ _ _ _ _ _ _ _ _ _ _ _ _ _ _ _ _ _ _ _ _\npublic\\appModel\\projectAction.py:23: in create_project\n    self.propg.click_new_create_buttun()\npublic\\pages\\authProjectPage.py:18: in click_new_create_buttun\n    self.dr.click(\"xpath->//div[5]/button/i\")\npublic\\common\\pyselenium.py:213: in click\n    self.element_wait(css)\npublic\\common\\pyselenium.py:91: in element_wait\n    WebDriverWait(self.driver, secs, 1).until(EC.presence_of_element_located((By.XPATH, value)), messages)\n_ _ _ _ _ _ _ _ _ _ _ _ _ _ _ _ _ _ _ _ _ _ _ _ _ _ _ _ _ _ _ _ _ _ _ _ _ _ _ _\n\nself = <selenium.webdriver.support.wait.WebDriverWait (session=\"c6367b7c-f42e-4f82-bb96-d4599b245a5c\")>\nmethod = <selenium.webdriver.support.expected_conditions.presence_of_element_located object at 0x0497FBB0>\nmessage = 'Element: xpath->//div[5]/button/i not found in 5 seconds.'\n\n    def until(self, method, message=''):\n        \"\"\"Calls the method provided with the driver as an argument until the \\\n        return value is not False.\"\"\"\n        screen = None\n        stacktrace = None\n    \n        end_time = time.time() + self._timeout\n        while True:\n            try:\n                value = method(self._driver)\n                if value:\n                    return value\n            except self._ignored_exceptions as exc:\n                screen = getattr(exc, 'screen', None)\n                stacktrace = getattr(exc, 'stacktrace', None)\n            time.sleep(self._poll)\n            if time.time() > end_time:\n                break\n>       raise TimeoutException(message, screen, stacktrace)\nE       selenium.common.exceptions.TimeoutException: Message: Element: xpath->//div[5]/button/i not found in 5 seconds.\n\nD:\\Env\\ui_auto\\lib\\site-packages\\selenium\\webdriver\\support\\wait.py:80: TimeoutException",
  "flaky" : false,
  "newFailed" : false,
  "beforeStages" : [ {
    "name" : "_Class__pytest_setup_class",
    "time" : {
      "start" : 1572676420355,
      "stop" : 1572676429407,
      "duration" : 9052
    },
    "status" : "passed",
    "steps" : [ ],
    "attachments" : [ ],
    "parameters" : [ ],
    "shouldDisplayMessage" : false,
    "attachmentsCount" : 0,
    "hasContent" : false,
    "stepsCount" : 0
  } ],
  "testStage" : {
    "status" : "broken",
    "statusMessage" : "selenium.common.exceptions.TimeoutException: Message: Element: xpath->//div[5]/button/i not found in 5 seconds.",
    "statusTrace" : "self = <test_05_create_project.TestProject object at 0x051209B0>\n\n    @pytest.mark.flaky(reruns=3)\n    def test_create_project(self):\n    \n        login = Login(self.dr)\n        datas = datainfo.get_xls_to_dict(\"user.xlsx\", \"Sheet1\")[0]\n        p_data = datainfo.get_xls_to_dict(\"projectdata.xlsx\",\"Sheet1\")[0]\n    \n        ppg = authProjectPage.AuthProjectPage(self.dr)\n        pac = projectAction.PojectAction(self.dr)\n        # login.login(\"wuzs0001\",\"1qaz!QAZ\")\n        login.login(datas[\"username\"],datas[\"password\"])\n        #tenantname,projectname,projectdesc\n>       pac.create_project(p_data[\"tenantname\"],p_data[\"projectname\"],p_data[\"projectdesc\"])\n\ntestcase\\test_05_create_project.py:33: \n_ _ _ _ _ _ _ _ _ _ _ _ _ _ _ _ _ _ _ _ _ _ _ _ _ _ _ _ _ _ _ _ _ _ _ _ _ _ _ _\npublic\\appModel\\projectAction.py:23: in create_project\n    self.propg.click_new_create_buttun()\npublic\\pages\\authProjectPage.py:18: in click_new_create_buttun\n    self.dr.click(\"xpath->//div[5]/button/i\")\npublic\\common\\pyselenium.py:213: in click\n    self.element_wait(css)\npublic\\common\\pyselenium.py:91: in element_wait\n    WebDriverWait(self.driver, secs, 1).until(EC.presence_of_element_located((By.XPATH, value)), messages)\n_ _ _ _ _ _ _ _ _ _ _ _ _ _ _ _ _ _ _ _ _ _ _ _ _ _ _ _ _ _ _ _ _ _ _ _ _ _ _ _\n\nself = <selenium.webdriver.support.wait.WebDriverWait (session=\"c6367b7c-f42e-4f82-bb96-d4599b245a5c\")>\nmethod = <selenium.webdriver.support.expected_conditions.presence_of_element_located object at 0x0497FBB0>\nmessage = 'Element: xpath->//div[5]/button/i not found in 5 seconds.'\n\n    def until(self, method, message=''):\n        \"\"\"Calls the method provided with the driver as an argument until the \\\n        return value is not False.\"\"\"\n        screen = None\n        stacktrace = None\n    \n        end_time = time.time() + self._timeout\n        while True:\n            try:\n                value = method(self._driver)\n                if value:\n                    return value\n            except self._ignored_exceptions as exc:\n                screen = getattr(exc, 'screen', None)\n                stacktrace = getattr(exc, 'stacktrace', None)\n            time.sleep(self._poll)\n            if time.time() > end_time:\n                break\n>       raise TimeoutException(message, screen, stacktrace)\nE       selenium.common.exceptions.TimeoutException: Message: Element: xpath->//div[5]/button/i not found in 5 seconds.\n\nD:\\Env\\ui_auto\\lib\\site-packages\\selenium\\webdriver\\support\\wait.py:80: TimeoutException",
    "steps" : [ ],
    "attachments" : [ {
      "uid" : "e12071005c07672b",
      "name" : "log",
      "source" : "e12071005c07672b.txt",
      "type" : "text/plain",
      "size" : 13683
    } ],
    "parameters" : [ ],
    "shouldDisplayMessage" : true,
    "attachmentsCount" : 1,
    "hasContent" : true,
    "stepsCount" : 0
  },
  "afterStages" : [ {
    "name" : "_Class__pytest_setup_class::0",
    "time" : {
      "start" : 1572676443249,
      "stop" : 1572676444285,
      "duration" : 1036
    },
    "status" : "passed",
    "steps" : [ ],
    "attachments" : [ ],
    "parameters" : [ ],
    "shouldDisplayMessage" : false,
    "attachmentsCount" : 0,
    "hasContent" : false,
    "stepsCount" : 0
  } ],
  "labels" : [ {
    "name" : "parentSuite",
    "value" : "testcase"
  }, {
    "name" : "suite",
    "value" : "test_05_create_project"
  }, {
    "name" : "subSuite",
    "value" : "TestProject"
  }, {
    "name" : "host",
    "value" : "wuzs"
  }, {
    "name" : "thread",
    "value" : "7064-MainThread"
  }, {
    "name" : "framework",
    "value" : "pytest"
  }, {
    "name" : "language",
    "value" : "cpython3"
  }, {
    "name" : "package",
    "value" : "testcase.test_05_create_project"
  }, {
    "name" : "resultFormat",
    "value" : "allure2"
  } ],
  "parameters" : [ ],
  "links" : [ ],
  "hidden" : true,
  "retry" : true,
  "extra" : {
    "categories" : [ ],
    "tags" : [ ]
  },
  "source" : "c2f25dd88276b0d3.json",
  "parameterValues" : [ ]
}