{
  "uid" : "e4286cadbd583bd5",
  "name" : "test_sync_phy_res",
  "fullName" : "testcase.test_09_sync_phy_resource.TestPhySunc#test_sync_phy_res",
  "historyId" : "bfc8f5de669fe7437eb149ff23841f95",
  "time" : {
    "start" : 1572676908475,
    "stop" : 1572676924467,
    "duration" : 15992
  },
  "status" : "broken",
  "statusMessage" : "selenium.common.exceptions.TimeoutException: Message: Element: xpath->//div/div/div/div/div/div/span/span[2]/span not found in 5 seconds.",
  "statusTrace" : "self = <test_09_sync_phy_resource.TestPhySunc object at 0x00CC7E70>\n\n    @pytest.mark.flaky(reruns=3)\n    def test_sync_phy_res(self):\n        datas = datainfo.get_xls_to_dict(\"user.xlsx\", \"Sheet1\")[0]\n        p_data = datainfo.get_xls_to_dict(\"res_node_data.xlsx\", \"region\")[0]\n    \n        self.login.login(datas[\"username\"], datas[\"password\"])\n        sync_a =  resSyncAction.ResSync(self.dr)\n        sync_pg = resSyncPage.ResSyncPage(self.dr)\n>       sync_a.phy_res_sync(p_data[\"regionname\"],p_data[\"nodename\"],\"DC1\",\"DC2\")\n\ntestcase\\test_09_sync_phy_resource.py:29: \n_ _ _ _ _ _ _ _ _ _ _ _ _ _ _ _ _ _ _ _ _ _ _ _ _ _ _ _ _ _ _ _ _ _ _ _ _ _ _ _\npublic\\appModel\\resSyncAction.py:33: in phy_res_sync\n    self.syncPage.click_select_region()\npublic\\pages\\resSyncPage.py:27: in click_select_region\n    self.dr.click(\"xpath->//div/div/div/div/div/div/span/span[2]/span\")\npublic\\common\\pyselenium.py:213: in click\n    self.element_wait(css)\npublic\\common\\pyselenium.py:91: in element_wait\n    WebDriverWait(self.driver, secs, 1).until(EC.presence_of_element_located((By.XPATH, value)), messages)\n_ _ _ _ _ _ _ _ _ _ _ _ _ _ _ _ _ _ _ _ _ _ _ _ _ _ _ _ _ _ _ _ _ _ _ _ _ _ _ _\n\nself = <selenium.webdriver.support.wait.WebDriverWait (session=\"51a2bf9e-0d49-4d17-b783-956dff934fb0\")>\nmethod = <selenium.webdriver.support.expected_conditions.presence_of_element_located object at 0x00CE6F90>\nmessage = 'Element: xpath->//div/div/div/div/div/div/span/span[2]/span not found in 5 seconds.'\n\n    def until(self, method, message=''):\n        \"\"\"Calls the method provided with the driver as an argument until the \\\n        return value is not False.\"\"\"\n        screen = None\n        stacktrace = None\n    \n        end_time = time.time() + self._timeout\n        while True:\n            try:\n                value = method(self._driver)\n                if value:\n                    return value\n            except self._ignored_exceptions as exc:\n                screen = getattr(exc, 'screen', None)\n                stacktrace = getattr(exc, 'stacktrace', None)\n            time.sleep(self._poll)\n            if time.time() > end_time:\n                break\n>       raise TimeoutException(message, screen, stacktrace)\nE       selenium.common.exceptions.TimeoutException: Message: Element: xpath->//div/div/div/div/div/div/span/span[2]/span not found in 5 seconds.\n\nD:\\Env\\ui_auto\\lib\\site-packages\\selenium\\webdriver\\support\\wait.py:80: TimeoutException",
  "flaky" : false,
  "newFailed" : false,
  "beforeStages" : [ {
    "name" : "_Class__pytest_setup_class",
    "time" : {
      "start" : 1572676899401,
      "stop" : 1572676908475,
      "duration" : 9074
    },
    "status" : "passed",
    "steps" : [ ],
    "attachments" : [ ],
    "parameters" : [ ],
    "shouldDisplayMessage" : false,
    "attachmentsCount" : 0,
    "hasContent" : false,
    "stepsCount" : 0
  } ],
  "testStage" : {
    "status" : "broken",
    "statusMessage" : "selenium.common.exceptions.TimeoutException: Message: Element: xpath->//div/div/div/div/div/div/span/span[2]/span not found in 5 seconds.",
    "statusTrace" : "self = <test_09_sync_phy_resource.TestPhySunc object at 0x00CC7E70>\n\n    @pytest.mark.flaky(reruns=3)\n    def test_sync_phy_res(self):\n        datas = datainfo.get_xls_to_dict(\"user.xlsx\", \"Sheet1\")[0]\n        p_data = datainfo.get_xls_to_dict(\"res_node_data.xlsx\", \"region\")[0]\n    \n        self.login.login(datas[\"username\"], datas[\"password\"])\n        sync_a =  resSyncAction.ResSync(self.dr)\n        sync_pg = resSyncPage.ResSyncPage(self.dr)\n>       sync_a.phy_res_sync(p_data[\"regionname\"],p_data[\"nodename\"],\"DC1\",\"DC2\")\n\ntestcase\\test_09_sync_phy_resource.py:29: \n_ _ _ _ _ _ _ _ _ _ _ _ _ _ _ _ _ _ _ _ _ _ _ _ _ _ _ _ _ _ _ _ _ _ _ _ _ _ _ _\npublic\\appModel\\resSyncAction.py:33: in phy_res_sync\n    self.syncPage.click_select_region()\npublic\\pages\\resSyncPage.py:27: in click_select_region\n    self.dr.click(\"xpath->//div/div/div/div/div/div/span/span[2]/span\")\npublic\\common\\pyselenium.py:213: in click\n    self.element_wait(css)\npublic\\common\\pyselenium.py:91: in element_wait\n    WebDriverWait(self.driver, secs, 1).until(EC.presence_of_element_located((By.XPATH, value)), messages)\n_ _ _ _ _ _ _ _ _ _ _ _ _ _ _ _ _ _ _ _ _ _ _ _ _ _ _ _ _ _ _ _ _ _ _ _ _ _ _ _\n\nself = <selenium.webdriver.support.wait.WebDriverWait (session=\"51a2bf9e-0d49-4d17-b783-956dff934fb0\")>\nmethod = <selenium.webdriver.support.expected_conditions.presence_of_element_located object at 0x00CE6F90>\nmessage = 'Element: xpath->//div/div/div/div/div/div/span/span[2]/span not found in 5 seconds.'\n\n    def until(self, method, message=''):\n        \"\"\"Calls the method provided with the driver as an argument until the \\\n        return value is not False.\"\"\"\n        screen = None\n        stacktrace = None\n    \n        end_time = time.time() + self._timeout\n        while True:\n            try:\n                value = method(self._driver)\n                if value:\n                    return value\n            except self._ignored_exceptions as exc:\n                screen = getattr(exc, 'screen', None)\n                stacktrace = getattr(exc, 'stacktrace', None)\n            time.sleep(self._poll)\n            if time.time() > end_time:\n                break\n>       raise TimeoutException(message, screen, stacktrace)\nE       selenium.common.exceptions.TimeoutException: Message: Element: xpath->//div/div/div/div/div/div/span/span[2]/span not found in 5 seconds.\n\nD:\\Env\\ui_auto\\lib\\site-packages\\selenium\\webdriver\\support\\wait.py:80: TimeoutException",
    "steps" : [ ],
    "attachments" : [ {
      "uid" : "8936460f68ab6c55",
      "name" : "log",
      "source" : "8936460f68ab6c55.txt",
      "type" : "text/plain",
      "size" : 14009
    } ],
    "parameters" : [ ],
    "shouldDisplayMessage" : true,
    "attachmentsCount" : 1,
    "hasContent" : true,
    "stepsCount" : 0
  },
  "afterStages" : [ {
    "name" : "_Class__pytest_setup_class::0",
    "time" : {
      "start" : 1572676924510,
      "stop" : 1572676925570,
      "duration" : 1060
    },
    "status" : "passed",
    "steps" : [ ],
    "attachments" : [ ],
    "parameters" : [ ],
    "shouldDisplayMessage" : false,
    "attachmentsCount" : 0,
    "hasContent" : false,
    "stepsCount" : 0
  } ],
  "labels" : [ {
    "name" : "parentSuite",
    "value" : "testcase"
  }, {
    "name" : "suite",
    "value" : "test_09_sync_phy_resource"
  }, {
    "name" : "subSuite",
    "value" : "TestPhySunc"
  }, {
    "name" : "host",
    "value" : "wuzs"
  }, {
    "name" : "thread",
    "value" : "7064-MainThread"
  }, {
    "name" : "framework",
    "value" : "pytest"
  }, {
    "name" : "language",
    "value" : "cpython3"
  }, {
    "name" : "package",
    "value" : "testcase.test_09_sync_phy_resource"
  }, {
    "name" : "resultFormat",
    "value" : "allure2"
  } ],
  "parameters" : [ ],
  "links" : [ ],
  "hidden" : true,
  "retry" : true,
  "extra" : {
    "categories" : [ ],
    "tags" : [ ]
  },
  "source" : "e4286cadbd583bd5.json",
  "parameterValues" : [ ]
}