<?xml version="1.0" encoding="UTF-8"?>
<!DOCTYPE html PUBLIC "-//W3C//DTD XHTML 1.0 Strict//EN" "http://www.w3.org/TR/xhtml1/DTD/xhtml1-strict.dtd">
<html xmlns="http://www.w3.org/1999/xhtml">
<head>
    <title>测试报告</title>
    <meta name="generator" content="HTMLTestRunner 0.8.2"/>
    <meta http-equiv="Content-Type" content="text/html; charset=UTF-8"/>
    
<style type="text/css" media="screen">
body        { font-family: verdana, arial, helvetica, sans-serif; font-size: 80%; }
table       { font-size: 100%; }
pre         { }

/* -- heading ---------------------------------------------------------------------- */
h1 {
	font-size: 16pt;
	color: gray;
}
.heading {
    margin-top: 0ex;
    margin-bottom: 1ex;
}

.heading .attribute {
    margin-top: 1ex;
    margin-bottom: 0;
}

.heading .description {
    margin-top: 4ex;
    margin-bottom: 6ex;
}

/* -- css div popup ------------------------------------------------------------------------ */
a.popup_link {
}

a.popup_link:hover {
    color: red;
}

.popup_window {
    display: none;
    position: relative;
    left: 0px;
    top: 0px;
    /*border: solid #627173 1px; */
    padding: 10px;
    background-color: #E6E6D6;
    font-family: "Lucida Console", "Courier New", Courier, monospace;
    text-align: left;
    font-size: 8pt;
    width: 500px;
}

}
/* -- report ------------------------------------------------------------------------ */
#show_detail_line {
    margin-top: 3ex;
    margin-bottom: 1ex;
}
#result_table {
    width: 80%;
    border-collapse: collapse;
    border: 1px solid #777;
}
#header_row {
    font-weight: bold;
    color: white;
    background-color: #777;
}
#result_table td {
    border: 1px solid #777;
    padding: 2px;
}
#total_row  { font-weight: bold; }
.passClass  { background-color: #6c6; }
.failClass  { background-color: #c60; }
.errorClass { background-color: #c00; }
.passCase   { color: #6c6; }
.failCase   { color: #c60; font-weight: bold; }
.errorCase  { color: #c00; font-weight: bold; }
.hiddenRow  { display: none; }
.testcase   { margin-left: 2em; }


/* -- ending ---------------------------------------------------------------------- */
#ending {
}

</style>

</head>
<body>
<script language="javascript" type="text/javascript"><!--
output_list = Array();

/* level - 0:Summary; 1:Failed; 2:All */
function showCase(level) {
    trs = document.getElementsByTagName("tr");
    for (var i = 0; i < trs.length; i++) {
        tr = trs[i];
        id = tr.id;
        if (id.substr(0,2) == 'ft') {
            if (level < 1) {
                tr.className = 'hiddenRow';
            }
            else {
                tr.className = '';
            }
        }
        if (id.substr(0,2) == 'pt') {
            if (level > 1) {
                tr.className = '';
            }
            else {
                tr.className = 'hiddenRow';
            }
        }
    }
}


function showClassDetail(cid, count) {
    var id_list = Array(count);
    var toHide = 1;
    for (var i = 0; i < count; i++) {
        tid0 = 't' + cid.substr(1) + '.' + (i+1);
        tid = 'f' + tid0;
        tr = document.getElementById(tid);
        if (!tr) {
            tid = 'p' + tid0;
            tr = document.getElementById(tid);
        }
        id_list[i] = tid;
        if (tr.className) {
            toHide = 0;
        }
    }
    for (var i = 0; i < count; i++) {
        tid = id_list[i];
        if (toHide) {
            document.getElementById('div_'+tid).style.display = 'none'
            document.getElementById(tid).className = 'hiddenRow';
        }
        else {
            document.getElementById(tid).className = '';
        }
    }
}


function showTestDetail(div_id){
    var details_div = document.getElementById(div_id)
    var displayState = details_div.style.display
    // alert(displayState)
    if (displayState != 'block' ) {
        displayState = 'block'
        details_div.style.display = 'block'
    }
    else {
        details_div.style.display = 'none'
    }
}


function html_escape(s) {
    s = s.replace(/&/g,'&amp;');
    s = s.replace(/</g,'&lt;');
    s = s.replace(/>/g,'&gt;');
    return s;
}

/* obsoleted by detail in <div>
function showOutput(id, name) {
    var w = window.open("", //url
                    name,
                    "resizable,scrollbars,status,width=800,height=450");
    d = w.document;
    d.write("<pre>");
    d.write(html_escape(output_list[id]));
    d.write("\n");
    d.write("<a href='javascript:window.close()'>close</a>\n");
    d.write("</pre>\n");
    d.close();
}
*/
--></script>

<div class='heading'>
<h1>测试报告</h1>
<p class='attribute'><strong>Start Time:</strong> 2019-11-01 14:42:42</p>
<p class='attribute'><strong>Duration:</strong> 0:09:29.907202</p>
<p class='attribute'><strong>Status:</strong> Pass 8 Failure 2 Error 16</p>

<p class='description'>Test the import testcase</p>
</div>



<p id='show_detail_line'>Show
<a href='javascript:showCase(0)'>Summary</a>
<a href='javascript:showCase(1)'>Failed</a>
<a href='javascript:showCase(2)'>All</a>
</p>
<table id='result_table'>
<colgroup>
<col align='left' />
<col align='right' />
<col align='right' />
<col align='right' />
<col align='right' />
<col align='right' />
</colgroup>
<tr id='header_row'>
    <td>Test Group/Test case</td>
    <td>Count</td>
    <td>Pass</td>
    <td>Fail</td>
    <td>Error</td>
    <td>View</td>
</tr>

<tr class='errorClass'>
    <td>test_01_create_user.TestCreateUser: 登录测试</td>
    <td>1</td>
    <td>0</td>
    <td>0</td>
    <td>1</td>
    <td><a href="javascript:showClassDetail('c1',1)">Detail</a></td>
</tr>

<tr id='ft1.1' class='none'>
    <td class='errorCase'><div class='testcase'>test_create_user</div></td>
    <td colspan='5' align='center'>

    <!--css div popup start-->
    <a class="popup_link" onfocus='this.blur();' href="javascript:showTestDetail('div_ft1.1')" >
        error</a>

    <div id='div_ft1.1' class="popup_window">
        <div style='text-align: right; color:red;cursor:pointer'>
        <a onfocus='this.blur();' onclick="document.getElementById('div_ft1.1').style.display = 'none' " >
           [x]</a>
        </div>
        <pre>
        
ft1.1: Traceback (most recent call last):
  File "H:\cmp\testcase\test_01_create_user.py", line 31, in test_create_user
    ua.create_user(datas["mgrname"],datas["username"],datas["firstname"],datas["password"],datas["repassword"],datas["email"])
  File "H:\cmp\public\appModel\userAction.py", line 24, in create_user
    self.userpage.click_new_user_buttun()
  File "H:\cmp\public\pages\sysUorgMgrPage.py", line 20, in click_new_user_buttun
    self.dr.click("xpath-&gt;//div[3]/button")
  File "H:\cmp\public\common\pyselenium.py", line 213, in click
    self.element_wait(css)
  File "H:\cmp\public\common\pyselenium.py", line 91, in element_wait
    WebDriverWait(self.driver, secs, 1).until(EC.presence_of_element_located((By.XPATH, value)), messages)
  File "D:\Env\ui_auto\lib\site-packages\selenium\webdriver\support\wait.py", line 80, in until
    raise TimeoutException(message, screen, stacktrace)
selenium.common.exceptions.TimeoutException: Message: Element: xpath-&gt;//div[3]/button not found in 5 seconds.

Traceback (most recent call last):
  File "H:\cmp\testcase\test_01_create_user.py", line 31, in test_create_user
    ua.create_user(datas["mgrname"],datas["username"],datas["firstname"],datas["password"],datas["repassword"],datas["email"])
  File "H:\cmp\public\appModel\userAction.py", line 24, in create_user
    self.userpage.click_new_user_buttun()
  File "H:\cmp\public\pages\sysUorgMgrPage.py", line 20, in click_new_user_buttun
    self.dr.click("xpath-&gt;//div[3]/button")
  File "H:\cmp\public\common\pyselenium.py", line 213, in click
    self.element_wait(css)
  File "H:\cmp\public\common\pyselenium.py", line 91, in element_wait
    WebDriverWait(self.driver, secs, 1).until(EC.presence_of_element_located((By.XPATH, value)), messages)
  File "D:\Env\ui_auto\lib\site-packages\selenium\webdriver\support\wait.py", line 80, in until
    raise TimeoutException(message, screen, stacktrace)
selenium.common.exceptions.TimeoutException: Message: Element: xpath-&gt;//div[3]/button not found in 5 seconds.



        </pre>
    </div>
    <!--css div popup end-->

    </td>
</tr>

<tr class='passClass'>
    <td>test_02_allocation_domain_administrator.TestAllDomainAdmin: 登录测试</td>
    <td>1</td>
    <td>1</td>
    <td>0</td>
    <td>0</td>
    <td><a href="javascript:showClassDetail('c2',1)">Detail</a></td>
</tr>

<tr id='pt2.1' class='hiddenRow'>
    <td class='none'><div class='testcase'>test_allocation_domain_admin</div></td>
    <td colspan='5' align='center'>

    <!--css div popup start-->
    <a class="popup_link" onfocus='this.blur();' href="javascript:showTestDetail('div_pt2.1')" >
        pass</a>

    <div id='div_pt2.1' class="popup_window">
        <div style='text-align: right; color:red;cursor:pointer'>
        <a onfocus='this.blur();' onclick="document.getElementById('div_pt2.1').style.display = 'none' " >
           [x]</a>
        </div>
        <pre>
        
pt2.1: 

        </pre>
    </div>
    <!--css div popup end-->

    </td>
</tr>

<tr class='errorClass'>
    <td>test_03_create_tenant.TestTeant: 登录测试</td>
    <td>1</td>
    <td>0</td>
    <td>0</td>
    <td>1</td>
    <td><a href="javascript:showClassDetail('c3',1)">Detail</a></td>
</tr>

<tr id='ft3.1' class='none'>
    <td class='errorCase'><div class='testcase'>test_create</div></td>
    <td colspan='5' align='center'>

    <!--css div popup start-->
    <a class="popup_link" onfocus='this.blur();' href="javascript:showTestDetail('div_ft3.1')" >
        error</a>

    <div id='div_ft3.1' class="popup_window">
        <div style='text-align: right; color:red;cursor:pointer'>
        <a onfocus='this.blur();' onclick="document.getElementById('div_ft3.1').style.display = 'none' " >
           [x]</a>
        </div>
        <pre>
        
ft3.1: Traceback (most recent call last):
  File "H:\cmp\testcase\test_03_create_tenant.py", line 36, in test_create
    a = self.dr.get_text("id-&gt;card")
  File "H:\cmp\public\common\pyselenium.py", line 404, in get_text
    text = self.get_element(css).text
  File "D:\Env\ui_auto\lib\site-packages\selenium\webdriver\remote\webelement.py", line 76, in text
    return self._execute(Command.GET_ELEMENT_TEXT)['value']
  File "D:\Env\ui_auto\lib\site-packages\selenium\webdriver\remote\webelement.py", line 633, in _execute
    return self._parent.execute(command, params)
  File "D:\Env\ui_auto\lib\site-packages\selenium\webdriver\remote\webdriver.py", line 321, in execute
    self.error_handler.check_response(response)
  File "D:\Env\ui_auto\lib\site-packages\selenium\webdriver\remote\errorhandler.py", line 242, in check_response
    raise exception_class(message, screen, stacktrace)
selenium.common.exceptions.StaleElementReferenceException: Message: The element reference of &lt;div id="card" class="col-xs-12 col-sm-6 col-md-4 col-lg-4 ng-scope"&gt; is stale; either the element is no longer attached to the DOM, it is not in the current frame context, or the document has been refreshed

Traceback (most recent call last):
  File "H:\cmp\testcase\test_03_create_tenant.py", line 36, in test_create
    a = self.dr.get_text("id-&gt;card")
  File "H:\cmp\public\common\pyselenium.py", line 404, in get_text
    text = self.get_element(css).text
  File "D:\Env\ui_auto\lib\site-packages\selenium\webdriver\remote\webelement.py", line 76, in text
    return self._execute(Command.GET_ELEMENT_TEXT)['value']
  File "D:\Env\ui_auto\lib\site-packages\selenium\webdriver\remote\webelement.py", line 633, in _execute
    return self._parent.execute(command, params)
  File "D:\Env\ui_auto\lib\site-packages\selenium\webdriver\remote\webdriver.py", line 321, in execute
    self.error_handler.check_response(response)
  File "D:\Env\ui_auto\lib\site-packages\selenium\webdriver\remote\errorhandler.py", line 242, in check_response
    raise exception_class(message, screen, stacktrace)
selenium.common.exceptions.StaleElementReferenceException: Message: The element reference of &lt;div id="card" class="col-xs-12 col-sm-6 col-md-4 col-lg-4 ng-scope"&gt; is stale; either the element is no longer attached to the DOM, it is not in the current frame context, or the document has been refreshed



        </pre>
    </div>
    <!--css div popup end-->

    </td>
</tr>

<tr class='errorClass'>
    <td>test_04_create_auth_user.TestCreateUser: 创建租户下的用户测试</td>
    <td>1</td>
    <td>0</td>
    <td>0</td>
    <td>1</td>
    <td><a href="javascript:showClassDetail('c4',1)">Detail</a></td>
</tr>

<tr id='ft4.1' class='none'>
    <td class='errorCase'><div class='testcase'>test_create_authuser</div></td>
    <td colspan='5' align='center'>

    <!--css div popup start-->
    <a class="popup_link" onfocus='this.blur();' href="javascript:showTestDetail('div_ft4.1')" >
        error</a>

    <div id='div_ft4.1' class="popup_window">
        <div style='text-align: right; color:red;cursor:pointer'>
        <a onfocus='this.blur();' onclick="document.getElementById('div_ft4.1').style.display = 'none' " >
           [x]</a>
        </div>
        <pre>
        
ft4.1: Traceback (most recent call last):
  File "H:\cmp\testcase\test_04_create_auth_user.py", line 28, in test_create_authuser
    ta.create_tenant_user(data1s["tenantname"],data1s["username"],data1s["firstname"],data1s["password"],data1s["repassword"],data1s["email"])
  File "H:\cmp\public\appModel\userAction.py", line 93, in create_tenant_user
    self.a_u_pg.click_radio_tenant_name()
  File "H:\cmp\public\pages\authUserPage.py", line 31, in click_radio_tenant_name
    self.dr.click("xpath-&gt;//div[@id='selectClientModal']/div[@class='modal-body']/div[@class='box-body form']/"
  File "H:\cmp\public\common\pyselenium.py", line 213, in click
    self.element_wait(css)
  File "H:\cmp\public\common\pyselenium.py", line 91, in element_wait
    WebDriverWait(self.driver, secs, 1).until(EC.presence_of_element_located((By.XPATH, value)), messages)
  File "D:\Env\ui_auto\lib\site-packages\selenium\webdriver\support\wait.py", line 80, in until
    raise TimeoutException(message, screen, stacktrace)
selenium.common.exceptions.TimeoutException: Message: Element: xpath-&gt;//div[@id='selectClientModal']/div[@class='modal-body']/div[@class='box-body form']/table-component/div/table/tbody/tr/td[1]/div/span/input[@type='radio'] not found in 5 seconds.

Traceback (most recent call last):
  File "H:\cmp\testcase\test_04_create_auth_user.py", line 28, in test_create_authuser
    ta.create_tenant_user(data1s["tenantname"],data1s["username"],data1s["firstname"],data1s["password"],data1s["repassword"],data1s["email"])
  File "H:\cmp\public\appModel\userAction.py", line 93, in create_tenant_user
    self.a_u_pg.click_radio_tenant_name()
  File "H:\cmp\public\pages\authUserPage.py", line 31, in click_radio_tenant_name
    self.dr.click("xpath-&gt;//div[@id='selectClientModal']/div[@class='modal-body']/div[@class='box-body form']/"
  File "H:\cmp\public\common\pyselenium.py", line 213, in click
    self.element_wait(css)
  File "H:\cmp\public\common\pyselenium.py", line 91, in element_wait
    WebDriverWait(self.driver, secs, 1).until(EC.presence_of_element_located((By.XPATH, value)), messages)
  File "D:\Env\ui_auto\lib\site-packages\selenium\webdriver\support\wait.py", line 80, in until
    raise TimeoutException(message, screen, stacktrace)
selenium.common.exceptions.TimeoutException: Message: Element: xpath-&gt;//div[@id='selectClientModal']/div[@class='modal-body']/div[@class='box-body form']/table-component/div/table/tbody/tr/td[1]/div/span/input[@type='radio'] not found in 5 seconds.



        </pre>
    </div>
    <!--css div popup end-->

    </td>
</tr>

<tr class='passClass'>
    <td>test_05_create_project.TestProject: 登录测试</td>
    <td>1</td>
    <td>1</td>
    <td>0</td>
    <td>0</td>
    <td><a href="javascript:showClassDetail('c5',1)">Detail</a></td>
</tr>

<tr id='pt5.1' class='hiddenRow'>
    <td class='none'><div class='testcase'>test_create_project</div></td>
    <td colspan='5' align='center'>

    <!--css div popup start-->
    <a class="popup_link" onfocus='this.blur();' href="javascript:showTestDetail('div_pt5.1')" >
        pass</a>

    <div id='div_pt5.1' class="popup_window">
        <div style='text-align: right; color:red;cursor:pointer'>
        <a onfocus='this.blur();' onclick="document.getElementById('div_pt5.1').style.display = 'none' " >
           [x]</a>
        </div>
        <pre>
        
pt5.1: 

        </pre>
    </div>
    <!--css div popup end-->

    </td>
</tr>

<tr class='errorClass'>
    <td>test_06_create_region.TestCreateRegion: 测试添加资源节点</td>
    <td>1</td>
    <td>0</td>
    <td>0</td>
    <td>1</td>
    <td><a href="javascript:showClassDetail('c6',1)">Detail</a></td>
</tr>

<tr id='ft6.1' class='none'>
    <td class='errorCase'><div class='testcase'>test_create_region</div></td>
    <td colspan='5' align='center'>

    <!--css div popup start-->
    <a class="popup_link" onfocus='this.blur();' href="javascript:showTestDetail('div_ft6.1')" >
        error</a>

    <div id='div_ft6.1' class="popup_window">
        <div style='text-align: right; color:red;cursor:pointer'>
        <a onfocus='this.blur();' onclick="document.getElementById('div_ft6.1').style.display = 'none' " >
           [x]</a>
        </div>
        <pre>
        
ft6.1: Traceback (most recent call last):
  File "H:\cmp\testcase\test_06_create_region.py", line 33, in test_create_region
    ,platform=p_data["platform"],virtual_type=p_data["virtual_type"],regDesc=p_data["regDesc"])
  File "H:\cmp\public\appModel\resNodeAction.py", line 33, in add_res_node
    self.regionpg.click_new_resource_node()
  File "H:\cmp\public\pages\sys_regionMgrPage.py", line 19, in click_new_resource_node
    self.dr.click("xpath-&gt;//button/i")
  File "H:\cmp\public\common\pyselenium.py", line 213, in click
    self.element_wait(css)
  File "H:\cmp\public\common\pyselenium.py", line 91, in element_wait
    WebDriverWait(self.driver, secs, 1).until(EC.presence_of_element_located((By.XPATH, value)), messages)
  File "D:\Env\ui_auto\lib\site-packages\selenium\webdriver\support\wait.py", line 80, in until
    raise TimeoutException(message, screen, stacktrace)
selenium.common.exceptions.TimeoutException: Message: Element: xpath-&gt;//button/i not found in 5 seconds.

Traceback (most recent call last):
  File "H:\cmp\testcase\test_06_create_region.py", line 33, in test_create_region
    ,platform=p_data["platform"],virtual_type=p_data["virtual_type"],regDesc=p_data["regDesc"])
  File "H:\cmp\public\appModel\resNodeAction.py", line 33, in add_res_node
    self.regionpg.click_new_resource_node()
  File "H:\cmp\public\pages\sys_regionMgrPage.py", line 19, in click_new_resource_node
    self.dr.click("xpath-&gt;//button/i")
  File "H:\cmp\public\common\pyselenium.py", line 213, in click
    self.element_wait(css)
  File "H:\cmp\public\common\pyselenium.py", line 91, in element_wait
    WebDriverWait(self.driver, secs, 1).until(EC.presence_of_element_located((By.XPATH, value)), messages)
  File "D:\Env\ui_auto\lib\site-packages\selenium\webdriver\support\wait.py", line 80, in until
    raise TimeoutException(message, screen, stacktrace)
selenium.common.exceptions.TimeoutException: Message: Element: xpath-&gt;//button/i not found in 5 seconds.



        </pre>
    </div>
    <!--css div popup end-->

    </td>
</tr>

<tr class='errorClass'>
    <td>test_07_create_service.TestCreateService: 测试添加service</td>
    <td>2</td>
    <td>0</td>
    <td>0</td>
    <td>2</td>
    <td><a href="javascript:showClassDetail('c7',2)">Detail</a></td>
</tr>

<tr id='ft7.1' class='none'>
    <td class='errorCase'><div class='testcase'>test_create_service_openstack</div></td>
    <td colspan='5' align='center'>

    <!--css div popup start-->
    <a class="popup_link" onfocus='this.blur();' href="javascript:showTestDetail('div_ft7.1')" >
        error</a>

    <div id='div_ft7.1' class="popup_window">
        <div style='text-align: right; color:red;cursor:pointer'>
        <a onfocus='this.blur();' onclick="document.getElementById('div_ft7.1').style.display = 'none' " >
           [x]</a>
        </div>
        <pre>
        
ft7.1: Traceback (most recent call last):
  File "H:\cmp\testcase\test_07_create_service.py", line 56, in test_create_service_openstack
    p_data["servicetype"], p_data["username"], p_data["passwrd"])
  File "H:\cmp\public\appModel\resNodeAction.py", line 65, in add_resource_service_node_vmware
    self.regionpg.click_region_tree(reginname)
  File "H:\cmp\public\pages\sys_regionMgrPage.py", line 60, in click_region_tree
    self.dr.click("xpath-&gt;//a[contains(.,'%s')]/parent::li//child::i"%value)
  File "H:\cmp\public\common\pyselenium.py", line 213, in click
    self.element_wait(css)
  File "H:\cmp\public\common\pyselenium.py", line 91, in element_wait
    WebDriverWait(self.driver, secs, 1).until(EC.presence_of_element_located((By.XPATH, value)), messages)
  File "D:\Env\ui_auto\lib\site-packages\selenium\webdriver\support\wait.py", line 80, in until
    raise TimeoutException(message, screen, stacktrace)
selenium.common.exceptions.TimeoutException: Message: Element: xpath-&gt;//a[contains(.,'上海')]/parent::li//child::i not found in 5 seconds.

Traceback (most recent call last):
  File "H:\cmp\testcase\test_07_create_service.py", line 56, in test_create_service_openstack
    p_data["servicetype"], p_data["username"], p_data["passwrd"])
  File "H:\cmp\public\appModel\resNodeAction.py", line 65, in add_resource_service_node_vmware
    self.regionpg.click_region_tree(reginname)
  File "H:\cmp\public\pages\sys_regionMgrPage.py", line 60, in click_region_tree
    self.dr.click("xpath-&gt;//a[contains(.,'%s')]/parent::li//child::i"%value)
  File "H:\cmp\public\common\pyselenium.py", line 213, in click
    self.element_wait(css)
  File "H:\cmp\public\common\pyselenium.py", line 91, in element_wait
    WebDriverWait(self.driver, secs, 1).until(EC.presence_of_element_located((By.XPATH, value)), messages)
  File "D:\Env\ui_auto\lib\site-packages\selenium\webdriver\support\wait.py", line 80, in until
    raise TimeoutException(message, screen, stacktrace)
selenium.common.exceptions.TimeoutException: Message: Element: xpath-&gt;//a[contains(.,'上海')]/parent::li//child::i not found in 5 seconds.



        </pre>
    </div>
    <!--css div popup end-->

    </td>
</tr>

<tr id='ft7.2' class='none'>
    <td class='errorCase'><div class='testcase'>test_create_service_vmware</div></td>
    <td colspan='5' align='center'>

    <!--css div popup start-->
    <a class="popup_link" onfocus='this.blur();' href="javascript:showTestDetail('div_ft7.2')" >
        error</a>

    <div id='div_ft7.2' class="popup_window">
        <div style='text-align: right; color:red;cursor:pointer'>
        <a onfocus='this.blur();' onclick="document.getElementById('div_ft7.2').style.display = 'none' " >
           [x]</a>
        </div>
        <pre>
        
ft7.2: Traceback (most recent call last):
  File "H:\cmp\testcase\test_07_create_service.py", line 41, in test_create_service_vmware
    p_data["servicetype"],p_data["username"],p_data["passwrd"])
  File "H:\cmp\public\appModel\resNodeAction.py", line 65, in add_resource_service_node_vmware
    self.regionpg.click_region_tree(reginname)
  File "H:\cmp\public\pages\sys_regionMgrPage.py", line 60, in click_region_tree
    self.dr.click("xpath-&gt;//a[contains(.,'%s')]/parent::li//child::i"%value)
  File "H:\cmp\public\common\pyselenium.py", line 213, in click
    self.element_wait(css)
  File "H:\cmp\public\common\pyselenium.py", line 91, in element_wait
    WebDriverWait(self.driver, secs, 1).until(EC.presence_of_element_located((By.XPATH, value)), messages)
  File "D:\Env\ui_auto\lib\site-packages\selenium\webdriver\support\wait.py", line 80, in until
    raise TimeoutException(message, screen, stacktrace)
selenium.common.exceptions.TimeoutException: Message: Element: xpath-&gt;//a[contains(.,'河南')]/parent::li//child::i not found in 5 seconds.

Traceback (most recent call last):
  File "H:\cmp\testcase\test_07_create_service.py", line 41, in test_create_service_vmware
    p_data["servicetype"],p_data["username"],p_data["passwrd"])
  File "H:\cmp\public\appModel\resNodeAction.py", line 65, in add_resource_service_node_vmware
    self.regionpg.click_region_tree(reginname)
  File "H:\cmp\public\pages\sys_regionMgrPage.py", line 60, in click_region_tree
    self.dr.click("xpath-&gt;//a[contains(.,'%s')]/parent::li//child::i"%value)
  File "H:\cmp\public\common\pyselenium.py", line 213, in click
    self.element_wait(css)
  File "H:\cmp\public\common\pyselenium.py", line 91, in element_wait
    WebDriverWait(self.driver, secs, 1).until(EC.presence_of_element_located((By.XPATH, value)), messages)
  File "D:\Env\ui_auto\lib\site-packages\selenium\webdriver\support\wait.py", line 80, in until
    raise TimeoutException(message, screen, stacktrace)
selenium.common.exceptions.TimeoutException: Message: Element: xpath-&gt;//a[contains(.,'河南')]/parent::li//child::i not found in 5 seconds.



        </pre>
    </div>
    <!--css div popup end-->

    </td>
</tr>

<tr class='errorClass'>
    <td>test_08_create_endpoint.TestCreateEndpoint: 测试添加Endpoint</td>
    <td>2</td>
    <td>0</td>
    <td>0</td>
    <td>2</td>
    <td><a href="javascript:showClassDetail('c8',2)">Detail</a></td>
</tr>

<tr id='ft8.1' class='none'>
    <td class='errorCase'><div class='testcase'>test_openstack_endpoint</div></td>
    <td colspan='5' align='center'>

    <!--css div popup start-->
    <a class="popup_link" onfocus='this.blur();' href="javascript:showTestDetail('div_ft8.1')" >
        error</a>

    <div id='div_ft8.1' class="popup_window">
        <div style='text-align: right; color:red;cursor:pointer'>
        <a onfocus='this.blur();' onclick="document.getElementById('div_ft8.1').style.display = 'none' " >
           [x]</a>
        </div>
        <pre>
        
ft8.1: Traceback (most recent call last):
  File "H:\cmp\testcase\test_08_create_endpoint.py", line 58, in test_openstack_endpoint
    self.arn.add_endpoint(p_data["regionname"], p_data["nodename"], p_data["servicename"], p_data["url"])
  File "H:\cmp\public\appModel\resNodeAction.py", line 90, in add_endpoint
    self.regionpg.click_region_tree(reginname)
  File "H:\cmp\public\pages\sys_regionMgrPage.py", line 60, in click_region_tree
    self.dr.click("xpath-&gt;//a[contains(.,'%s')]/parent::li//child::i"%value)
  File "H:\cmp\public\common\pyselenium.py", line 213, in click
    self.element_wait(css)
  File "H:\cmp\public\common\pyselenium.py", line 91, in element_wait
    WebDriverWait(self.driver, secs, 1).until(EC.presence_of_element_located((By.XPATH, value)), messages)
  File "D:\Env\ui_auto\lib\site-packages\selenium\webdriver\support\wait.py", line 80, in until
    raise TimeoutException(message, screen, stacktrace)
selenium.common.exceptions.TimeoutException: Message: Element: xpath-&gt;//a[contains(.,'河南')]/parent::li//child::i not found in 5 seconds.

Traceback (most recent call last):
  File "H:\cmp\testcase\test_08_create_endpoint.py", line 58, in test_openstack_endpoint
    self.arn.add_endpoint(p_data["regionname"], p_data["nodename"], p_data["servicename"], p_data["url"])
  File "H:\cmp\public\appModel\resNodeAction.py", line 90, in add_endpoint
    self.regionpg.click_region_tree(reginname)
  File "H:\cmp\public\pages\sys_regionMgrPage.py", line 60, in click_region_tree
    self.dr.click("xpath-&gt;//a[contains(.,'%s')]/parent::li//child::i"%value)
  File "H:\cmp\public\common\pyselenium.py", line 213, in click
    self.element_wait(css)
  File "H:\cmp\public\common\pyselenium.py", line 91, in element_wait
    WebDriverWait(self.driver, secs, 1).until(EC.presence_of_element_located((By.XPATH, value)), messages)
  File "D:\Env\ui_auto\lib\site-packages\selenium\webdriver\support\wait.py", line 80, in until
    raise TimeoutException(message, screen, stacktrace)
selenium.common.exceptions.TimeoutException: Message: Element: xpath-&gt;//a[contains(.,'河南')]/parent::li//child::i not found in 5 seconds.



        </pre>
    </div>
    <!--css div popup end-->

    </td>
</tr>

<tr id='ft8.2' class='none'>
    <td class='errorCase'><div class='testcase'>test_vmware_endpoint</div></td>
    <td colspan='5' align='center'>

    <!--css div popup start-->
    <a class="popup_link" onfocus='this.blur();' href="javascript:showTestDetail('div_ft8.2')" >
        error</a>

    <div id='div_ft8.2' class="popup_window">
        <div style='text-align: right; color:red;cursor:pointer'>
        <a onfocus='this.blur();' onclick="document.getElementById('div_ft8.2').style.display = 'none' " >
           [x]</a>
        </div>
        <pre>
        
ft8.2: Traceback (most recent call last):
  File "H:\cmp\testcase\test_08_create_endpoint.py", line 43, in test_vmware_endpoint
    self.arn.add_endpoint(p_data["regionname"],p_data["nodename"],p_data["servicename"],p_data["url"])
  File "H:\cmp\public\appModel\resNodeAction.py", line 90, in add_endpoint
    self.regionpg.click_region_tree(reginname)
  File "H:\cmp\public\pages\sys_regionMgrPage.py", line 60, in click_region_tree
    self.dr.click("xpath-&gt;//a[contains(.,'%s')]/parent::li//child::i"%value)
  File "H:\cmp\public\common\pyselenium.py", line 213, in click
    self.element_wait(css)
  File "H:\cmp\public\common\pyselenium.py", line 91, in element_wait
    WebDriverWait(self.driver, secs, 1).until(EC.presence_of_element_located((By.XPATH, value)), messages)
  File "D:\Env\ui_auto\lib\site-packages\selenium\webdriver\support\wait.py", line 80, in until
    raise TimeoutException(message, screen, stacktrace)
selenium.common.exceptions.TimeoutException: Message: Element: xpath-&gt;//a[contains(.,'河南')]/parent::li//child::i not found in 5 seconds.

Traceback (most recent call last):
  File "H:\cmp\testcase\test_08_create_endpoint.py", line 43, in test_vmware_endpoint
    self.arn.add_endpoint(p_data["regionname"],p_data["nodename"],p_data["servicename"],p_data["url"])
  File "H:\cmp\public\appModel\resNodeAction.py", line 90, in add_endpoint
    self.regionpg.click_region_tree(reginname)
  File "H:\cmp\public\pages\sys_regionMgrPage.py", line 60, in click_region_tree
    self.dr.click("xpath-&gt;//a[contains(.,'%s')]/parent::li//child::i"%value)
  File "H:\cmp\public\common\pyselenium.py", line 213, in click
    self.element_wait(css)
  File "H:\cmp\public\common\pyselenium.py", line 91, in element_wait
    WebDriverWait(self.driver, secs, 1).until(EC.presence_of_element_located((By.XPATH, value)), messages)
  File "D:\Env\ui_auto\lib\site-packages\selenium\webdriver\support\wait.py", line 80, in until
    raise TimeoutException(message, screen, stacktrace)
selenium.common.exceptions.TimeoutException: Message: Element: xpath-&gt;//a[contains(.,'河南')]/parent::li//child::i not found in 5 seconds.



        </pre>
    </div>
    <!--css div popup end-->

    </td>
</tr>

<tr class='passClass'>
    <td>test_09_sync_phy_resource.TestPhySunc: 物理资源同步</td>
    <td>1</td>
    <td>1</td>
    <td>0</td>
    <td>0</td>
    <td><a href="javascript:showClassDetail('c9',1)">Detail</a></td>
</tr>

<tr id='pt9.1' class='hiddenRow'>
    <td class='none'><div class='testcase'>test_sync_phy_res</div></td>
    <td colspan='5' align='center'>

    <!--css div popup start-->
    <a class="popup_link" onfocus='this.blur();' href="javascript:showTestDetail('div_pt9.1')" >
        pass</a>

    <div id='div_pt9.1' class="popup_window">
        <div style='text-align: right; color:red;cursor:pointer'>
        <a onfocus='this.blur();' onclick="document.getElementById('div_pt9.1').style.display = 'none' " >
           [x]</a>
        </div>
        <pre>
        
pt9.1: 

        </pre>
    </div>
    <!--css div popup end-->

    </td>
</tr>

<tr class='failClass'>
    <td>test_0_login.TestLoin: 登录测试</td>
    <td>1</td>
    <td>0</td>
    <td>1</td>
    <td>0</td>
    <td><a href="javascript:showClassDetail('c10',1)">Detail</a></td>
</tr>

<tr id='ft10.1' class='none'>
    <td class='failCase'><div class='testcase'>test_login</div></td>
    <td colspan='5' align='center'>

    <!--css div popup start-->
    <a class="popup_link" onfocus='this.blur();' href="javascript:showTestDetail('div_ft10.1')" >
        fail</a>

    <div id='div_ft10.1' class="popup_window">
        <div style='text-align: right; color:red;cursor:pointer'>
        <a onfocus='this.blur();' onclick="document.getElementById('div_ft10.1').style.display = 'none' " >
           [x]</a>
        </div>
        <pre>
        
ft10.1: Traceback (most recent call last):
  File "H:\cmp\testcase\test_0_login.py", line 26, in test_login
    self.assertIn("/csdp/portal/#/resourceUsage",self.dr.get_url())
AssertionError: '/csdp/portal/#/resourceUsage' not found in 'http://192.168.54.13/csdp/portal/#/'
Traceback (most recent call last):
  File "H:\cmp\testcase\test_0_login.py", line 26, in test_login
    self.assertIn("/csdp/portal/#/resourceUsage",self.dr.get_url())
AssertionError: '/csdp/portal/#/resourceUsage' not found in 'http://192.168.54.13/csdp/portal/#/'


        </pre>
    </div>
    <!--css div popup end-->

    </td>
</tr>

<tr class='passClass'>
    <td>test_10_craete_vdc.TestCreateVDC</td>
    <td>1</td>
    <td>1</td>
    <td>0</td>
    <td>0</td>
    <td><a href="javascript:showClassDetail('c11',1)">Detail</a></td>
</tr>

<tr id='pt11.1' class='hiddenRow'>
    <td class='none'><div class='testcase'>test_create_vdc</div></td>
    <td colspan='5' align='center'>

    <!--css div popup start-->
    <a class="popup_link" onfocus='this.blur();' href="javascript:showTestDetail('div_pt11.1')" >
        pass</a>

    <div id='div_pt11.1' class="popup_window">
        <div style='text-align: right; color:red;cursor:pointer'>
        <a onfocus='this.blur();' onclick="document.getElementById('div_pt11.1').style.display = 'none' " >
           [x]</a>
        </div>
        <pre>
        
pt11.1: 

        </pre>
    </div>
    <!--css div popup end-->

    </td>
</tr>

<tr class='passClass'>
    <td>test_11_ceate_crate_vpool.TestCreateVpool</td>
    <td>1</td>
    <td>1</td>
    <td>0</td>
    <td>0</td>
    <td><a href="javascript:showClassDetail('c12',1)">Detail</a></td>
</tr>

<tr id='pt12.1' class='hiddenRow'>
    <td class='none'><div class='testcase'>test_create_vpool</div></td>
    <td colspan='5' align='center'>

    <!--css div popup start-->
    <a class="popup_link" onfocus='this.blur();' href="javascript:showTestDetail('div_pt12.1')" >
        pass</a>

    <div id='div_pt12.1' class="popup_window">
        <div style='text-align: right; color:red;cursor:pointer'>
        <a onfocus='this.blur();' onclick="document.getElementById('div_pt12.1').style.display = 'none' " >
           [x]</a>
        </div>
        <pre>
        
pt12.1: 

        </pre>
    </div>
    <!--css div popup end-->

    </td>
</tr>

<tr class='passClass'>
    <td>test_12_delete_vpool.Test_Vpool_Delete</td>
    <td>1</td>
    <td>1</td>
    <td>0</td>
    <td>0</td>
    <td><a href="javascript:showClassDetail('c13',1)">Detail</a></td>
</tr>

<tr id='pt13.1' class='hiddenRow'>
    <td class='none'><div class='testcase'>test_delete_vpool</div></td>
    <td colspan='5' align='center'>

    <!--css div popup start-->
    <a class="popup_link" onfocus='this.blur();' href="javascript:showTestDetail('div_pt13.1')" >
        pass</a>

    <div id='div_pt13.1' class="popup_window">
        <div style='text-align: right; color:red;cursor:pointer'>
        <a onfocus='this.blur();' onclick="document.getElementById('div_pt13.1').style.display = 'none' " >
           [x]</a>
        </div>
        <pre>
        
pt13.1: 

        </pre>
    </div>
    <!--css div popup end-->

    </td>
</tr>

<tr class='failClass'>
    <td>test_13_delete_vdc.Test_Vpool_Vdc</td>
    <td>1</td>
    <td>0</td>
    <td>1</td>
    <td>0</td>
    <td><a href="javascript:showClassDetail('c14',1)">Detail</a></td>
</tr>

<tr id='ft14.1' class='none'>
    <td class='failCase'><div class='testcase'>test_delete_vdc</div></td>
    <td colspan='5' align='center'>

    <!--css div popup start-->
    <a class="popup_link" onfocus='this.blur();' href="javascript:showTestDetail('div_ft14.1')" >
        fail</a>

    <div id='div_ft14.1' class="popup_window">
        <div style='text-align: right; color:red;cursor:pointer'>
        <a onfocus='this.blur();' onclick="document.getElementById('div_ft14.1').style.display = 'none' " >
           [x]</a>
        </div>
        <pre>
        
ft14.1: Traceback (most recent call last):
  File "H:\cmp\testcase\test_13_delete_vdc.py", line 35, in test_delete_vdc
    self.assertFalse(flag)
AssertionError: True is not false
Traceback (most recent call last):
  File "H:\cmp\testcase\test_13_delete_vdc.py", line 35, in test_delete_vdc
    self.assertFalse(flag)
AssertionError: True is not false


        </pre>
    </div>
    <!--css div popup end-->

    </td>
</tr>

<tr class='errorClass'>
    <td>test_14_delete_tenant_user.TestDeleteUser: 创建租户下的用户测试</td>
    <td>1</td>
    <td>0</td>
    <td>0</td>
    <td>1</td>
    <td><a href="javascript:showClassDetail('c15',1)">Detail</a></td>
</tr>

<tr id='ft15.1' class='none'>
    <td class='errorCase'><div class='testcase'>test_delete_tenant_user</div></td>
    <td colspan='5' align='center'>

    <!--css div popup start-->
    <a class="popup_link" onfocus='this.blur();' href="javascript:showTestDetail('div_ft15.1')" >
        error</a>

    <div id='div_ft15.1' class="popup_window">
        <div style='text-align: right; color:red;cursor:pointer'>
        <a onfocus='this.blur();' onclick="document.getElementById('div_ft15.1').style.display = 'none' " >
           [x]</a>
        </div>
        <pre>
        
ft15.1: Traceback (most recent call last):
  File "H:\cmp\testcase\test_14_delete_tenant_user.py", line 29, in test_delete_tenant_user
    ta.delete_tenant_user(data1s["username"])
  File "H:\cmp\public\appModel\userAction.py", line 114, in delete_tenant_user
    self.a_u_pg.click_user_more_button()
  File "H:\cmp\public\pages\authUserPage.py", line 60, in click_user_more_button
    self.dr.click("xpath-&gt;//span[contains(.,'更多')]")
  File "H:\cmp\public\common\pyselenium.py", line 213, in click
    self.element_wait(css)
  File "H:\cmp\public\common\pyselenium.py", line 91, in element_wait
    WebDriverWait(self.driver, secs, 1).until(EC.presence_of_element_located((By.XPATH, value)), messages)
  File "D:\Env\ui_auto\lib\site-packages\selenium\webdriver\support\wait.py", line 80, in until
    raise TimeoutException(message, screen, stacktrace)
selenium.common.exceptions.TimeoutException: Message: Element: xpath-&gt;//span[contains(.,'更多')] not found in 5 seconds.

Traceback (most recent call last):
  File "H:\cmp\testcase\test_14_delete_tenant_user.py", line 29, in test_delete_tenant_user
    ta.delete_tenant_user(data1s["username"])
  File "H:\cmp\public\appModel\userAction.py", line 114, in delete_tenant_user
    self.a_u_pg.click_user_more_button()
  File "H:\cmp\public\pages\authUserPage.py", line 60, in click_user_more_button
    self.dr.click("xpath-&gt;//span[contains(.,'更多')]")
  File "H:\cmp\public\common\pyselenium.py", line 213, in click
    self.element_wait(css)
  File "H:\cmp\public\common\pyselenium.py", line 91, in element_wait
    WebDriverWait(self.driver, secs, 1).until(EC.presence_of_element_located((By.XPATH, value)), messages)
  File "D:\Env\ui_auto\lib\site-packages\selenium\webdriver\support\wait.py", line 80, in until
    raise TimeoutException(message, screen, stacktrace)
selenium.common.exceptions.TimeoutException: Message: Element: xpath-&gt;//span[contains(.,'更多')] not found in 5 seconds.



        </pre>
    </div>
    <!--css div popup end-->

    </td>
</tr>

<tr class='passClass'>
    <td>test_15_delete_project.TestProjectDelete: 登录测试</td>
    <td>1</td>
    <td>1</td>
    <td>0</td>
    <td>0</td>
    <td><a href="javascript:showClassDetail('c16',1)">Detail</a></td>
</tr>

<tr id='pt16.1' class='hiddenRow'>
    <td class='none'><div class='testcase'>test_delete_project</div></td>
    <td colspan='5' align='center'>

    <!--css div popup start-->
    <a class="popup_link" onfocus='this.blur();' href="javascript:showTestDetail('div_pt16.1')" >
        pass</a>

    <div id='div_pt16.1' class="popup_window">
        <div style='text-align: right; color:red;cursor:pointer'>
        <a onfocus='this.blur();' onclick="document.getElementById('div_pt16.1').style.display = 'none' " >
           [x]</a>
        </div>
        <pre>
        
pt16.1: 

        </pre>
    </div>
    <!--css div popup end-->

    </td>
</tr>

<tr class='passClass'>
    <td>test_16_delete_tenant.TestTenantDelete: 登录测试</td>
    <td>1</td>
    <td>1</td>
    <td>0</td>
    <td>0</td>
    <td><a href="javascript:showClassDetail('c17',1)">Detail</a></td>
</tr>

<tr id='pt17.1' class='hiddenRow'>
    <td class='none'><div class='testcase'>test_delete_tenant</div></td>
    <td colspan='5' align='center'>

    <!--css div popup start-->
    <a class="popup_link" onfocus='this.blur();' href="javascript:showTestDetail('div_pt17.1')" >
        pass</a>

    <div id='div_pt17.1' class="popup_window">
        <div style='text-align: right; color:red;cursor:pointer'>
        <a onfocus='this.blur();' onclick="document.getElementById('div_pt17.1').style.display = 'none' " >
           [x]</a>
        </div>
        <pre>
        
pt17.1: 

        </pre>
    </div>
    <!--css div popup end-->

    </td>
</tr>

<tr class='errorClass'>
    <td>test_17_delete_endpoint.TestDeleteEndpoint: 测试删除Endpoint</td>
    <td>2</td>
    <td>0</td>
    <td>0</td>
    <td>2</td>
    <td><a href="javascript:showClassDetail('c18',2)">Detail</a></td>
</tr>

<tr id='ft18.1' class='none'>
    <td class='errorCase'><div class='testcase'>test_delete_openstack_endpoint</div></td>
    <td colspan='5' align='center'>

    <!--css div popup start-->
    <a class="popup_link" onfocus='this.blur();' href="javascript:showTestDetail('div_ft18.1')" >
        error</a>

    <div id='div_ft18.1' class="popup_window">
        <div style='text-align: right; color:red;cursor:pointer'>
        <a onfocus='this.blur();' onclick="document.getElementById('div_ft18.1').style.display = 'none' " >
           [x]</a>
        </div>
        <pre>
        
ft18.1: Traceback (most recent call last):
  File "H:\cmp\testcase\test_17_delete_endpoint.py", line 67, in test_delete_openstack_endpoint
    self.arn.delete_endpoint(p_data["regionname"], p_data["nodename"], p_data["servicename"])
  File "H:\cmp\public\appModel\resNodeAction.py", line 118, in delete_endpoint
    self.regionpg.click_region_tree(reginname)
  File "H:\cmp\public\pages\sys_regionMgrPage.py", line 60, in click_region_tree
    self.dr.click("xpath-&gt;//a[contains(.,'%s')]/parent::li//child::i"%value)
  File "H:\cmp\public\common\pyselenium.py", line 213, in click
    self.element_wait(css)
  File "H:\cmp\public\common\pyselenium.py", line 91, in element_wait
    WebDriverWait(self.driver, secs, 1).until(EC.presence_of_element_located((By.XPATH, value)), messages)
  File "D:\Env\ui_auto\lib\site-packages\selenium\webdriver\support\wait.py", line 80, in until
    raise TimeoutException(message, screen, stacktrace)
selenium.common.exceptions.TimeoutException: Message: Element: xpath-&gt;//a[contains(.,'河南')]/parent::li//child::i not found in 5 seconds.

Traceback (most recent call last):
  File "H:\cmp\testcase\test_17_delete_endpoint.py", line 67, in test_delete_openstack_endpoint
    self.arn.delete_endpoint(p_data["regionname"], p_data["nodename"], p_data["servicename"])
  File "H:\cmp\public\appModel\resNodeAction.py", line 118, in delete_endpoint
    self.regionpg.click_region_tree(reginname)
  File "H:\cmp\public\pages\sys_regionMgrPage.py", line 60, in click_region_tree
    self.dr.click("xpath-&gt;//a[contains(.,'%s')]/parent::li//child::i"%value)
  File "H:\cmp\public\common\pyselenium.py", line 213, in click
    self.element_wait(css)
  File "H:\cmp\public\common\pyselenium.py", line 91, in element_wait
    WebDriverWait(self.driver, secs, 1).until(EC.presence_of_element_located((By.XPATH, value)), messages)
  File "D:\Env\ui_auto\lib\site-packages\selenium\webdriver\support\wait.py", line 80, in until
    raise TimeoutException(message, screen, stacktrace)
selenium.common.exceptions.TimeoutException: Message: Element: xpath-&gt;//a[contains(.,'河南')]/parent::li//child::i not found in 5 seconds.



        </pre>
    </div>
    <!--css div popup end-->

    </td>
</tr>

<tr id='ft18.2' class='none'>
    <td class='errorCase'><div class='testcase'>test_delete_vmware_endpoint</div></td>
    <td colspan='5' align='center'>

    <!--css div popup start-->
    <a class="popup_link" onfocus='this.blur();' href="javascript:showTestDetail('div_ft18.2')" >
        error</a>

    <div id='div_ft18.2' class="popup_window">
        <div style='text-align: right; color:red;cursor:pointer'>
        <a onfocus='this.blur();' onclick="document.getElementById('div_ft18.2').style.display = 'none' " >
           [x]</a>
        </div>
        <pre>
        
ft18.2: Traceback (most recent call last):
  File "H:\cmp\testcase\test_17_delete_endpoint.py", line 42, in test_delete_vmware_endpoint
    self.arn.delete_endpoint(p_data["regionname"],p_data["nodename"],p_data["servicename"])
  File "H:\cmp\public\appModel\resNodeAction.py", line 118, in delete_endpoint
    self.regionpg.click_region_tree(reginname)
  File "H:\cmp\public\pages\sys_regionMgrPage.py", line 60, in click_region_tree
    self.dr.click("xpath-&gt;//a[contains(.,'%s')]/parent::li//child::i"%value)
  File "H:\cmp\public\common\pyselenium.py", line 213, in click
    self.element_wait(css)
  File "H:\cmp\public\common\pyselenium.py", line 91, in element_wait
    WebDriverWait(self.driver, secs, 1).until(EC.presence_of_element_located((By.XPATH, value)), messages)
  File "D:\Env\ui_auto\lib\site-packages\selenium\webdriver\support\wait.py", line 80, in until
    raise TimeoutException(message, screen, stacktrace)
selenium.common.exceptions.TimeoutException: Message: Element: xpath-&gt;//a[contains(.,'河南')]/parent::li//child::i not found in 5 seconds.

Traceback (most recent call last):
  File "H:\cmp\testcase\test_17_delete_endpoint.py", line 42, in test_delete_vmware_endpoint
    self.arn.delete_endpoint(p_data["regionname"],p_data["nodename"],p_data["servicename"])
  File "H:\cmp\public\appModel\resNodeAction.py", line 118, in delete_endpoint
    self.regionpg.click_region_tree(reginname)
  File "H:\cmp\public\pages\sys_regionMgrPage.py", line 60, in click_region_tree
    self.dr.click("xpath-&gt;//a[contains(.,'%s')]/parent::li//child::i"%value)
  File "H:\cmp\public\common\pyselenium.py", line 213, in click
    self.element_wait(css)
  File "H:\cmp\public\common\pyselenium.py", line 91, in element_wait
    WebDriverWait(self.driver, secs, 1).until(EC.presence_of_element_located((By.XPATH, value)), messages)
  File "D:\Env\ui_auto\lib\site-packages\selenium\webdriver\support\wait.py", line 80, in until
    raise TimeoutException(message, screen, stacktrace)
selenium.common.exceptions.TimeoutException: Message: Element: xpath-&gt;//a[contains(.,'河南')]/parent::li//child::i not found in 5 seconds.



        </pre>
    </div>
    <!--css div popup end-->

    </td>
</tr>

<tr class='errorClass'>
    <td>test_18_delete_service.TestDeleteService: 测试添加service</td>
    <td>2</td>
    <td>0</td>
    <td>0</td>
    <td>2</td>
    <td><a href="javascript:showClassDetail('c19',2)">Detail</a></td>
</tr>

<tr id='ft19.1' class='none'>
    <td class='errorCase'><div class='testcase'>test_delete_service_openstack</div></td>
    <td colspan='5' align='center'>

    <!--css div popup start-->
    <a class="popup_link" onfocus='this.blur();' href="javascript:showTestDetail('div_ft19.1')" >
        error</a>

    <div id='div_ft19.1' class="popup_window">
        <div style='text-align: right; color:red;cursor:pointer'>
        <a onfocus='this.blur();' onclick="document.getElementById('div_ft19.1').style.display = 'none' " >
           [x]</a>
        </div>
        <pre>
        
ft19.1: Traceback (most recent call last):
  File "H:\cmp\testcase\test_18_delete_service.py", line 54, in test_delete_service_openstack
    self.arn.delete_service(p_data["regionname"], p_data["nodename"], p_data["servicename"])
  File "H:\cmp\public\appModel\resNodeAction.py", line 139, in delete_service
    self.regionpg.click_region_tree(reginname)
  File "H:\cmp\public\pages\sys_regionMgrPage.py", line 60, in click_region_tree
    self.dr.click("xpath-&gt;//a[contains(.,'%s')]/parent::li//child::i"%value)
  File "H:\cmp\public\common\pyselenium.py", line 213, in click
    self.element_wait(css)
  File "H:\cmp\public\common\pyselenium.py", line 91, in element_wait
    WebDriverWait(self.driver, secs, 1).until(EC.presence_of_element_located((By.XPATH, value)), messages)
  File "D:\Env\ui_auto\lib\site-packages\selenium\webdriver\support\wait.py", line 80, in until
    raise TimeoutException(message, screen, stacktrace)
selenium.common.exceptions.TimeoutException: Message: Element: xpath-&gt;//a[contains(.,'上海')]/parent::li//child::i not found in 5 seconds.

Traceback (most recent call last):
  File "H:\cmp\testcase\test_18_delete_service.py", line 54, in test_delete_service_openstack
    self.arn.delete_service(p_data["regionname"], p_data["nodename"], p_data["servicename"])
  File "H:\cmp\public\appModel\resNodeAction.py", line 139, in delete_service
    self.regionpg.click_region_tree(reginname)
  File "H:\cmp\public\pages\sys_regionMgrPage.py", line 60, in click_region_tree
    self.dr.click("xpath-&gt;//a[contains(.,'%s')]/parent::li//child::i"%value)
  File "H:\cmp\public\common\pyselenium.py", line 213, in click
    self.element_wait(css)
  File "H:\cmp\public\common\pyselenium.py", line 91, in element_wait
    WebDriverWait(self.driver, secs, 1).until(EC.presence_of_element_located((By.XPATH, value)), messages)
  File "D:\Env\ui_auto\lib\site-packages\selenium\webdriver\support\wait.py", line 80, in until
    raise TimeoutException(message, screen, stacktrace)
selenium.common.exceptions.TimeoutException: Message: Element: xpath-&gt;//a[contains(.,'上海')]/parent::li//child::i not found in 5 seconds.



        </pre>
    </div>
    <!--css div popup end-->

    </td>
</tr>

<tr id='ft19.2' class='none'>
    <td class='errorCase'><div class='testcase'>test_delete_service_vmware</div></td>
    <td colspan='5' align='center'>

    <!--css div popup start-->
    <a class="popup_link" onfocus='this.blur();' href="javascript:showTestDetail('div_ft19.2')" >
        error</a>

    <div id='div_ft19.2' class="popup_window">
        <div style='text-align: right; color:red;cursor:pointer'>
        <a onfocus='this.blur();' onclick="document.getElementById('div_ft19.2').style.display = 'none' " >
           [x]</a>
        </div>
        <pre>
        
ft19.2: Traceback (most recent call last):
  File "H:\cmp\testcase\test_18_delete_service.py", line 40, in test_delete_service_vmware
    self.arn.delete_service(p_data["regionname"], p_data["nodename"], p_data["servicename"])
  File "H:\cmp\public\appModel\resNodeAction.py", line 139, in delete_service
    self.regionpg.click_region_tree(reginname)
  File "H:\cmp\public\pages\sys_regionMgrPage.py", line 60, in click_region_tree
    self.dr.click("xpath-&gt;//a[contains(.,'%s')]/parent::li//child::i"%value)
  File "H:\cmp\public\common\pyselenium.py", line 213, in click
    self.element_wait(css)
  File "H:\cmp\public\common\pyselenium.py", line 91, in element_wait
    WebDriverWait(self.driver, secs, 1).until(EC.presence_of_element_located((By.XPATH, value)), messages)
  File "D:\Env\ui_auto\lib\site-packages\selenium\webdriver\support\wait.py", line 80, in until
    raise TimeoutException(message, screen, stacktrace)
selenium.common.exceptions.TimeoutException: Message: Element: xpath-&gt;//a[contains(.,'河南')]/parent::li//child::i not found in 5 seconds.

Traceback (most recent call last):
  File "H:\cmp\testcase\test_18_delete_service.py", line 40, in test_delete_service_vmware
    self.arn.delete_service(p_data["regionname"], p_data["nodename"], p_data["servicename"])
  File "H:\cmp\public\appModel\resNodeAction.py", line 139, in delete_service
    self.regionpg.click_region_tree(reginname)
  File "H:\cmp\public\pages\sys_regionMgrPage.py", line 60, in click_region_tree
    self.dr.click("xpath-&gt;//a[contains(.,'%s')]/parent::li//child::i"%value)
  File "H:\cmp\public\common\pyselenium.py", line 213, in click
    self.element_wait(css)
  File "H:\cmp\public\common\pyselenium.py", line 91, in element_wait
    WebDriverWait(self.driver, secs, 1).until(EC.presence_of_element_located((By.XPATH, value)), messages)
  File "D:\Env\ui_auto\lib\site-packages\selenium\webdriver\support\wait.py", line 80, in until
    raise TimeoutException(message, screen, stacktrace)
selenium.common.exceptions.TimeoutException: Message: Element: xpath-&gt;//a[contains(.,'河南')]/parent::li//child::i not found in 5 seconds.



        </pre>
    </div>
    <!--css div popup end-->

    </td>
</tr>

<tr class='errorClass'>
    <td>test_19_delete_region.TestDeleteRegion: 测试添加资源节点</td>
    <td>1</td>
    <td>0</td>
    <td>0</td>
    <td>1</td>
    <td><a href="javascript:showClassDetail('c20',1)">Detail</a></td>
</tr>

<tr id='ft20.1' class='none'>
    <td class='errorCase'><div class='testcase'>test_delete_region</div></td>
    <td colspan='5' align='center'>

    <!--css div popup start-->
    <a class="popup_link" onfocus='this.blur();' href="javascript:showTestDetail('div_ft20.1')" >
        error</a>

    <div id='div_ft20.1' class="popup_window">
        <div style='text-align: right; color:red;cursor:pointer'>
        <a onfocus='this.blur();' onclick="document.getElementById('div_ft20.1').style.display = 'none' " >
           [x]</a>
        </div>
        <pre>
        
ft20.1: Traceback (most recent call last):
  File "H:\cmp\testcase\test_19_delete_region.py", line 33, in test_delete_region
    arn.delete_res_node(p_data["regionname"],p_data["nodename"])
  File "H:\cmp\public\appModel\resNodeAction.py", line 160, in delete_res_node
    self.regionpg.click_region_tree(reginname)
  File "H:\cmp\public\pages\sys_regionMgrPage.py", line 60, in click_region_tree
    self.dr.click("xpath-&gt;//a[contains(.,'%s')]/parent::li//child::i"%value)
  File "H:\cmp\public\common\pyselenium.py", line 213, in click
    self.element_wait(css)
  File "H:\cmp\public\common\pyselenium.py", line 91, in element_wait
    WebDriverWait(self.driver, secs, 1).until(EC.presence_of_element_located((By.XPATH, value)), messages)
  File "D:\Env\ui_auto\lib\site-packages\selenium\webdriver\support\wait.py", line 80, in until
    raise TimeoutException(message, screen, stacktrace)
selenium.common.exceptions.TimeoutException: Message: Element: xpath-&gt;//a[contains(.,'河南')]/parent::li//child::i not found in 5 seconds.

Traceback (most recent call last):
  File "H:\cmp\testcase\test_19_delete_region.py", line 33, in test_delete_region
    arn.delete_res_node(p_data["regionname"],p_data["nodename"])
  File "H:\cmp\public\appModel\resNodeAction.py", line 160, in delete_res_node
    self.regionpg.click_region_tree(reginname)
  File "H:\cmp\public\pages\sys_regionMgrPage.py", line 60, in click_region_tree
    self.dr.click("xpath-&gt;//a[contains(.,'%s')]/parent::li//child::i"%value)
  File "H:\cmp\public\common\pyselenium.py", line 213, in click
    self.element_wait(css)
  File "H:\cmp\public\common\pyselenium.py", line 91, in element_wait
    WebDriverWait(self.driver, secs, 1).until(EC.presence_of_element_located((By.XPATH, value)), messages)
  File "D:\Env\ui_auto\lib\site-packages\selenium\webdriver\support\wait.py", line 80, in until
    raise TimeoutException(message, screen, stacktrace)
selenium.common.exceptions.TimeoutException: Message: Element: xpath-&gt;//a[contains(.,'河南')]/parent::li//child::i not found in 5 seconds.



        </pre>
    </div>
    <!--css div popup end-->

    </td>
</tr>

<tr class='errorClass'>
    <td>test_20_remove_domain_admin.TestRemoveDomainAdmin: 登录测试</td>
    <td>1</td>
    <td>0</td>
    <td>0</td>
    <td>1</td>
    <td><a href="javascript:showClassDetail('c21',1)">Detail</a></td>
</tr>

<tr id='ft21.1' class='none'>
    <td class='errorCase'><div class='testcase'>test_remove_domain_admin</div></td>
    <td colspan='5' align='center'>

    <!--css div popup start-->
    <a class="popup_link" onfocus='this.blur();' href="javascript:showTestDetail('div_ft21.1')" >
        error</a>

    <div id='div_ft21.1' class="popup_window">
        <div style='text-align: right; color:red;cursor:pointer'>
        <a onfocus='this.blur();' onclick="document.getElementById('div_ft21.1').style.display = 'none' " >
           [x]</a>
        </div>
        <pre>
        
ft21.1: Traceback (most recent call last):
  File "H:\cmp\testcase\test_20_remove_domain_admin.py", line 28, in test_remove_domain_admin
    ua.remove_domain_administrator(datas["mgrname"],datas["username"])
  File "H:\cmp\public\appModel\userAction.py", line 68, in remove_domain_administrator
    self.mgrpage.click_remove_user_button()
  File "H:\cmp\public\pages\sysMorgMgrPage.py", line 43, in click_remove_user_button
    self.dr.click("xpath-&gt;//button[contains(.,'移除')]")
  File "H:\cmp\public\common\pyselenium.py", line 215, in click
    el.click()
  File "D:\Env\ui_auto\lib\site-packages\selenium\webdriver\remote\webelement.py", line 80, in click
    self._execute(Command.CLICK_ELEMENT)
  File "D:\Env\ui_auto\lib\site-packages\selenium\webdriver\remote\webelement.py", line 633, in _execute
    return self._parent.execute(command, params)
  File "D:\Env\ui_auto\lib\site-packages\selenium\webdriver\remote\webdriver.py", line 321, in execute
    self.error_handler.check_response(response)
  File "D:\Env\ui_auto\lib\site-packages\selenium\webdriver\remote\errorhandler.py", line 242, in check_response
    raise exception_class(message, screen, stacktrace)
selenium.common.exceptions.StaleElementReferenceException: Message: The element reference of &lt;button class="btn btn-link ng-binding ng-scope ng-isolate-scope"&gt; is stale; either the element is no longer attached to the DOM, it is not in the current frame context, or the document has been refreshed

Traceback (most recent call last):
  File "H:\cmp\testcase\test_20_remove_domain_admin.py", line 28, in test_remove_domain_admin
    ua.remove_domain_administrator(datas["mgrname"],datas["username"])
  File "H:\cmp\public\appModel\userAction.py", line 68, in remove_domain_administrator
    self.mgrpage.click_remove_user_button()
  File "H:\cmp\public\pages\sysMorgMgrPage.py", line 43, in click_remove_user_button
    self.dr.click("xpath-&gt;//button[contains(.,'移除')]")
  File "H:\cmp\public\common\pyselenium.py", line 215, in click
    el.click()
  File "D:\Env\ui_auto\lib\site-packages\selenium\webdriver\remote\webelement.py", line 80, in click
    self._execute(Command.CLICK_ELEMENT)
  File "D:\Env\ui_auto\lib\site-packages\selenium\webdriver\remote\webelement.py", line 633, in _execute
    return self._parent.execute(command, params)
  File "D:\Env\ui_auto\lib\site-packages\selenium\webdriver\remote\webdriver.py", line 321, in execute
    self.error_handler.check_response(response)
  File "D:\Env\ui_auto\lib\site-packages\selenium\webdriver\remote\errorhandler.py", line 242, in check_response
    raise exception_class(message, screen, stacktrace)
selenium.common.exceptions.StaleElementReferenceException: Message: The element reference of &lt;button class="btn btn-link ng-binding ng-scope ng-isolate-scope"&gt; is stale; either the element is no longer attached to the DOM, it is not in the current frame context, or the document has been refreshed



        </pre>
    </div>
    <!--css div popup end-->

    </td>
</tr>

<tr class='errorClass'>
    <td>test_21_delete_user.TestDeleteUser: 登录测试</td>
    <td>1</td>
    <td>0</td>
    <td>0</td>
    <td>1</td>
    <td><a href="javascript:showClassDetail('c22',1)">Detail</a></td>
</tr>

<tr id='ft22.1' class='none'>
    <td class='errorCase'><div class='testcase'>test_delete_user</div></td>
    <td colspan='5' align='center'>

    <!--css div popup start-->
    <a class="popup_link" onfocus='this.blur();' href="javascript:showTestDetail('div_ft22.1')" >
        error</a>

    <div id='div_ft22.1' class="popup_window">
        <div style='text-align: right; color:red;cursor:pointer'>
        <a onfocus='this.blur();' onclick="document.getElementById('div_ft22.1').style.display = 'none' " >
           [x]</a>
        </div>
        <pre>
        
ft22.1: Traceback (most recent call last):
  File "H:\cmp\testcase\test_21_delete_user.py", line 28, in test_delete_user
    ua.delete_user("wuzs_auto_0001")
  File "H:\cmp\public\appModel\userAction.py", line 40, in delete_user
    self.userpage.click_user_more_button()
  File "H:\cmp\public\pages\sysUorgMgrPage.py", line 54, in click_user_more_button
    self.dr.click("xpath-&gt;//span[contains(.,'更多')]")
  File "H:\cmp\public\common\pyselenium.py", line 213, in click
    self.element_wait(css)
  File "H:\cmp\public\common\pyselenium.py", line 91, in element_wait
    WebDriverWait(self.driver, secs, 1).until(EC.presence_of_element_located((By.XPATH, value)), messages)
  File "D:\Env\ui_auto\lib\site-packages\selenium\webdriver\support\wait.py", line 80, in until
    raise TimeoutException(message, screen, stacktrace)
selenium.common.exceptions.TimeoutException: Message: Element: xpath-&gt;//span[contains(.,'更多')] not found in 5 seconds.

Traceback (most recent call last):
  File "H:\cmp\testcase\test_21_delete_user.py", line 28, in test_delete_user
    ua.delete_user("wuzs_auto_0001")
  File "H:\cmp\public\appModel\userAction.py", line 40, in delete_user
    self.userpage.click_user_more_button()
  File "H:\cmp\public\pages\sysUorgMgrPage.py", line 54, in click_user_more_button
    self.dr.click("xpath-&gt;//span[contains(.,'更多')]")
  File "H:\cmp\public\common\pyselenium.py", line 213, in click
    self.element_wait(css)
  File "H:\cmp\public\common\pyselenium.py", line 91, in element_wait
    WebDriverWait(self.driver, secs, 1).until(EC.presence_of_element_located((By.XPATH, value)), messages)
  File "D:\Env\ui_auto\lib\site-packages\selenium\webdriver\support\wait.py", line 80, in until
    raise TimeoutException(message, screen, stacktrace)
selenium.common.exceptions.TimeoutException: Message: Element: xpath-&gt;//span[contains(.,'更多')] not found in 5 seconds.



        </pre>
    </div>
    <!--css div popup end-->

    </td>
</tr>

<tr id='total_row'>
    <td>Total</td>
    <td>26</td>
    <td>8</td>
    <td>2</td>
    <td>16</td>
    <td>&nbsp;</td>
</tr>
</table>

<div id='ending'>&nbsp;</div>

</body>
</html>
