{"name": "test_create_project", "status": "broken", "statusDetails": {"message": "selenium.common.exceptions.TimeoutException: Message: Element: xpath->//div[5]/button/i not found in 5 seconds.", "trace": "self = <test_05_create_project.TestProject object at 0x0497FD10>\n\n    @pytest.mark.flaky(reruns=3)\n    def test_create_project(self):\n    \n        login = Login(self.dr)\n        datas = datainfo.get_xls_to_dict(\"user.xlsx\", \"Sheet1\")[0]\n        p_data = datainfo.get_xls_to_dict(\"projectdata.xlsx\",\"Sheet1\")[0]\n    \n        ppg = authProjectPage.AuthProjectPage(self.dr)\n        pac = projectAction.PojectAction(self.dr)\n        # login.login(\"wuzs0001\",\"1qaz!QAZ\")\n        login.login(datas[\"username\"],datas[\"password\"])\n        #tenantname,projectname,projectdesc\n>       pac.create_project(p_data[\"tenantname\"],p_data[\"projectname\"],p_data[\"projectdesc\"])\n\ntestcase\\test_05_create_project.py:33: \n_ _ _ _ _ _ _ _ _ _ _ _ _ _ _ _ _ _ _ _ _ _ _ _ _ _ _ _ _ _ _ _ _ _ _ _ _ _ _ _\npublic\\appModel\\projectAction.py:23: in create_project\n    self.propg.click_new_create_buttun()\npublic\\pages\\authProjectPage.py:18: in click_new_create_buttun\n    self.dr.click(\"xpath->//div[5]/button/i\")\npublic\\common\\pyselenium.py:213: in click\n    self.element_wait(css)\npublic\\common\\pyselenium.py:91: in element_wait\n    WebDriverWait(self.driver, secs, 1).until(EC.presence_of_element_located((By.XPATH, value)), messages)\n_ _ _ _ _ _ _ _ _ _ _ _ _ _ _ _ _ _ _ _ _ _ _ _ _ _ _ _ _ _ _ _ _ _ _ _ _ _ _ _\n\nself = <selenium.webdriver.support.wait.WebDriverWait (session=\"89271c69-561e-4f4d-9e81-a213799d1c93\")>\nmethod = <selenium.webdriver.support.expected_conditions.presence_of_element_located object at 0x050B97D0>\nmessage = 'Element: xpath->//div[5]/button/i not found in 5 seconds.'\n\n    def until(self, method, message=''):\n        \"\"\"Calls the method provided with the driver as an argument until the \\\n        return value is not False.\"\"\"\n        screen = None\n        stacktrace = None\n    \n        end_time = time.time() + self._timeout\n        while True:\n            try:\n                value = method(self._driver)\n                if value:\n                    return value\n            except self._ignored_exceptions as exc:\n                screen = getattr(exc, 'screen', None)\n                stacktrace = getattr(exc, 'stacktrace', None)\n            time.sleep(self._poll)\n            if time.time() > end_time:\n                break\n>       raise TimeoutException(message, screen, stacktrace)\nE       selenium.common.exceptions.TimeoutException: Message: Element: xpath->//div[5]/button/i not found in 5 seconds.\n\nD:\\Env\\ui_auto\\lib\\site-packages\\selenium\\webdriver\\support\\wait.py:80: TimeoutException"}, "attachments": [{"name": "log", "source": "64a87ebe-b0b5-4f9b-b891-b4d1eb8cab1e-attachment.txt", "type": "text/plain"}], "start": 1572676453375, "stop": 1572676467205, "uuid": "89b03b6a-b2c7-4d6d-bd54-31ef01452865", "historyId": "36008615de03d35fb38c69ee59470008", "testCaseId": "528084f2169e968e51b2d554c06570a3", "fullName": "testcase.test_05_create_project.TestProject#test_create_project", "labels": [{"name": "parentSuite", "value": "testcase"}, {"name": "suite", "value": "test_05_create_project"}, {"name": "subSuite", "value": "TestProject"}, {"name": "host", "value": "wuzs"}, {"name": "thread", "value": "7064-MainThread"}, {"name": "framework", "value": "pytest"}, {"name": "language", "value": "cpython3"}, {"name": "package", "value": "testcase.test_05_create_project"}]}