{"name": "test_create_user", "status": "broken", "statusDetails": {"message": "selenium.common.exceptions.TimeoutException: Message: Element: xpath->//div[3]/button not found in 5 seconds.", "trace": "self = <test_01_create_user.TestCreateUser object at 0x00755570>\n\n    @pytest.mark.flaky(reruns=3)\n    def test_create_user(self):\n    \n        login = Login(self.dr)\n        login.login(\"系统管理员\",'123456')\n    \n        datas = datainfo.get_xls_to_dict(\"user.xlsx\", \"Sheet1\")[0]\n        upage = sysUorgMgrPage.SysUorgMgrPage(self.dr)\n        ua = userAction.UserAction(self.dr)\n    \n>       ua.create_user(datas[\"mgrname\"],datas[\"username\"],datas[\"firstname\"],datas[\"password\"],datas[\"repassword\"],datas[\"email\"])\n\ntestcase\\test_01_create_user.py:32: \n_ _ _ _ _ _ _ _ _ _ _ _ _ _ _ _ _ _ _ _ _ _ _ _ _ _ _ _ _ _ _ _ _ _ _ _ _ _ _ _\npublic\\appModel\\userAction.py:24: in create_user\n    self.userpage.click_new_user_buttun()\npublic\\pages\\sysUorgMgrPage.py:20: in click_new_user_buttun\n    self.dr.click(\"xpath->//div[3]/button\")\npublic\\common\\pyselenium.py:213: in click\n    self.element_wait(css)\npublic\\common\\pyselenium.py:91: in element_wait\n    WebDriverWait(self.driver, secs, 1).until(EC.presence_of_element_located((By.XPATH, value)), messages)\n_ _ _ _ _ _ _ _ _ _ _ _ _ _ _ _ _ _ _ _ _ _ _ _ _ _ _ _ _ _ _ _ _ _ _ _ _ _ _ _\n\nself = <selenium.webdriver.support.wait.WebDriverWait (session=\"4f3489ae-07b5-4927-896f-126cf5856d31\")>\nmethod = <selenium.webdriver.support.expected_conditions.presence_of_element_located object at 0x0504A770>\nmessage = 'Element: xpath->//div[3]/button not found in 5 seconds.'\n\n    def until(self, method, message=''):\n        \"\"\"Calls the method provided with the driver as an argument until the \\\n        return value is not False.\"\"\"\n        screen = None\n        stacktrace = None\n    \n        end_time = time.time() + self._timeout\n        while True:\n            try:\n                value = method(self._driver)\n                if value:\n                    return value\n            except self._ignored_exceptions as exc:\n                screen = getattr(exc, 'screen', None)\n                stacktrace = getattr(exc, 'stacktrace', None)\n            time.sleep(self._poll)\n            if time.time() > end_time:\n                break\n>       raise TimeoutException(message, screen, stacktrace)\nE       selenium.common.exceptions.TimeoutException: Message: Element: xpath->//div[3]/button not found in 5 seconds.\n\nD:\\Env\\ui_auto\\lib\\site-packages\\selenium\\webdriver\\support\\wait.py:80: TimeoutException"}, "attachments": [{"name": "log", "source": "78cb516d-eb41-4823-b04b-9de1e9894b18-attachment.txt", "type": "text/plain"}], "start": 1572676101441, "stop": 1572676115560, "uuid": "9b034fc0-151f-464e-afda-c6caed35931a", "historyId": "eeff835bc94316153805f2a10f989d72", "testCaseId": "40f03c619f202f55d795c82c7beca356", "fullName": "testcase.test_01_create_user.TestCreateUser#test_create_user", "labels": [{"name": "parentSuite", "value": "testcase"}, {"name": "suite", "value": "test_01_create_user"}, {"name": "subSuite", "value": "TestCreateUser"}, {"name": "host", "value": "wuzs"}, {"name": "thread", "value": "7064-MainThread"}, {"name": "framework", "value": "pytest"}, {"name": "language", "value": "cpython3"}, {"name": "package", "value": "testcase.test_01_create_user"}]}