{"name": "test_create_vdc", "status": "broken", "statusDetails": {"message": "selenium.common.exceptions.TimeoutException: Message: Element: xpath->//div[3]/button not found in 5 seconds.", "trace": "self = <test_10_craete_vdc.TestCreateVDC object at 0x050B9C90>\n\n    @pytest.mark.flaky(reruns=3)\n    def test_create_vdc(self):\n        vdc_a = vdcAction.VdcACction(self.dr)\n        vdc_pg = vdcPage.VdcPage(self.dr)\n        login = Login(self.dr)\n        datas = datainfo.get_xls_to_dict(\"user.xlsx\", \"Sheet1\")[0]\n        p_data = datainfo.get_xls_to_dict(\"vdc_vpool.xlsx\",\"Sheet1\")[0]\n        login.login(datas[\"username\"], datas[\"password\"])\n>       vdc_a.ceate_vdc(p_data[\"vdcname\"])\n\ntestcase\\test_10_craete_vdc.py:28: \n_ _ _ _ _ _ _ _ _ _ _ _ _ _ _ _ _ _ _ _ _ _ _ _ _ _ _ _ _ _ _ _ _ _ _ _ _ _ _ _\npublic\\appModel\\vdcAction.py:21: in ceate_vdc\n    self.vdcpage.click_new_vdc_buttun()\npublic\\pages\\vdcPage.py:19: in click_new_vdc_buttun\n    self.dr.click(\"xpath->//div[3]/button\")\npublic\\common\\pyselenium.py:213: in click\n    self.element_wait(css)\npublic\\common\\pyselenium.py:91: in element_wait\n    WebDriverWait(self.driver, secs, 1).until(EC.presence_of_element_located((By.XPATH, value)), messages)\n_ _ _ _ _ _ _ _ _ _ _ _ _ _ _ _ _ _ _ _ _ _ _ _ _ _ _ _ _ _ _ _ _ _ _ _ _ _ _ _\n\nself = <selenium.webdriver.support.wait.WebDriverWait (session=\"3563a867-d933-4d05-8f34-8d28e17a5720\")>\nmethod = <selenium.webdriver.support.expected_conditions.presence_of_element_located object at 0x050FCEB0>\nmessage = 'Element: xpath->//div[3]/button not found in 5 seconds.'\n\n    def until(self, method, message=''):\n        \"\"\"Calls the method provided with the driver as an argument until the \\\n        return value is not False.\"\"\"\n        screen = None\n        stacktrace = None\n    \n        end_time = time.time() + self._timeout\n        while True:\n            try:\n                value = method(self._driver)\n                if value:\n                    return value\n            except self._ignored_exceptions as exc:\n                screen = getattr(exc, 'screen', None)\n                stacktrace = getattr(exc, 'stacktrace', None)\n            time.sleep(self._poll)\n            if time.time() > end_time:\n                break\n>       raise TimeoutException(message, screen, stacktrace)\nE       selenium.common.exceptions.TimeoutException: Message: Element: xpath->//div[3]/button not found in 5 seconds.\n\nD:\\Env\\ui_auto\\lib\\site-packages\\selenium\\webdriver\\support\\wait.py:80: TimeoutException"}, "attachments": [{"name": "log", "source": "f4d29056-80e7-4f40-afe4-9b3073a8fc13-attachment.txt", "type": "text/plain"}], "start": 1572677013731, "stop": 1572677027543, "uuid": "e56750d6-3a29-498a-b4c7-76bd08950648", "historyId": "923cb143f731349d5e04c092a5921a20", "testCaseId": "c25d28231a4a9e413e7216051d70a178", "fullName": "testcase.test_10_craete_vdc.TestCreateVDC#test_create_vdc", "labels": [{"name": "parentSuite", "value": "testcase"}, {"name": "suite", "value": "test_10_craete_vdc"}, {"name": "subSuite", "value": "TestCreateVDC"}, {"name": "host", "value": "wuzs"}, {"name": "thread", "value": "7064-MainThread"}, {"name": "framework", "value": "pytest"}, {"name": "language", "value": "cpython3"}, {"name": "package", "value": "testcase.test_10_craete_vdc"}]}