{"name": "test_delete_tenant", "status": "broken", "statusDetails": {"message": "selenium.common.exceptions.TimeoutException: Message: Element: xpath->//div[@class='col-md-3 padding-0']/form/div/div/input not found in 5 seconds.", "trace": "self = <test_16_delete_tenant.TestTenantDelete object at 0x05069790>\n\n    @pytest.mark.flaky(reruns=3)\n    def test_delete_tenant(self):\n        login = Login(self.dr)\n        t_data = datainfo.get_xls_to_dict(\"tenantdata.xlsx\", \"Sheet1\")[0]\n    \n        tpg = authTenantPage.AuthTenantPage(self.dr)\n        ta = tenantAction.TenantAction(self.dr)\n        # login.login(\"wuzs0001\",\"1qaz!QAZ\")\n        login.login(\"系统管理员\",\"123456\")\n    \n        try:\n            ta.remove_post(t_data[\"tenantname\"])\n        except:\n            print(\"移除用户失败，请确认是否该岗位未关联用户\")\n>       ta.delete_tenant(t_data[\"tenantname\"])\n\ntestcase\\test_16_delete_tenant.py:34: \n_ _ _ _ _ _ _ _ _ _ _ _ _ _ _ _ _ _ _ _ _ _ _ _ _ _ _ _ _ _ _ _ _ _ _ _ _ _ _ _\npublic\\appModel\\tenantAction.py:40: in delete_tenant\n    self.tenantpg.input_secrch_tenant(\" \")\npublic\\pages\\authTenantPage.py:34: in input_secrch_tenant\n    self.dr.type_and_enter(\"xpath->//div[@class='col-md-3 padding-0']/form/div/div/input\",value)\npublic\\common\\pyselenium.py:588: in type_and_enter\n    self.element_wait(css)\npublic\\common\\pyselenium.py:91: in element_wait\n    WebDriverWait(self.driver, secs, 1).until(EC.presence_of_element_located((By.XPATH, value)), messages)\n_ _ _ _ _ _ _ _ _ _ _ _ _ _ _ _ _ _ _ _ _ _ _ _ _ _ _ _ _ _ _ _ _ _ _ _ _ _ _ _\n\nself = <selenium.webdriver.support.wait.WebDriverWait (session=\"969125c6-2571-4b94-be85-362138a29a72\")>\nmethod = <selenium.webdriver.support.expected_conditions.presence_of_element_located object at 0x050C99D0>\nmessage = \"Element: xpath->//div[@class='col-md-3 padding-0']/form/div/div/input not found in 5 seconds.\"\n\n    def until(self, method, message=''):\n        \"\"\"Calls the method provided with the driver as an argument until the \\\n        return value is not False.\"\"\"\n        screen = None\n        stacktrace = None\n    \n        end_time = time.time() + self._timeout\n        while True:\n            try:\n                value = method(self._driver)\n                if value:\n                    return value\n            except self._ignored_exceptions as exc:\n                screen = getattr(exc, 'screen', None)\n                stacktrace = getattr(exc, 'stacktrace', None)\n            time.sleep(self._poll)\n            if time.time() > end_time:\n                break\n>       raise TimeoutException(message, screen, stacktrace)\nE       selenium.common.exceptions.TimeoutException: Message: Element: xpath->//div[@class='col-md-3 padding-0']/form/div/div/input not found in 5 seconds.\n\nD:\\Env\\ui_auto\\lib\\site-packages\\selenium\\webdriver\\support\\wait.py:80: TimeoutException"}, "attachments": [{"name": "log", "source": "8a22879c-04c7-4f9f-bce0-7be051f5e96a-attachment.txt", "type": "text/plain"}], "start": 1572677637307, "stop": 1572677663217, "uuid": "e2b7f15c-2dec-4b24-b97b-e0270b1d0696", "historyId": "cb9ecdc0fabe1576ceb0fdb24b2e02dc", "testCaseId": "0c8f91caefe86e92e61f2192aab5cda4", "fullName": "testcase.test_16_delete_tenant.TestTenantDelete#test_delete_tenant", "labels": [{"name": "parentSuite", "value": "testcase"}, {"name": "suite", "value": "test_16_delete_tenant"}, {"name": "subSuite", "value": "TestTenantDelete"}, {"name": "host", "value": "wuzs"}, {"name": "thread", "value": "7064-MainThread"}, {"name": "framework", "value": "pytest"}, {"name": "language", "value": "cpython3"}, {"name": "package", "value": "testcase.test_16_delete_tenant"}]}