{"name": "test_create_user", "status": "broken", "statusDetails": {"message": "selenium.common.exceptions.TimeoutException: Message: Element: xpath->//div[@class='table-toolbar']/div/div//form/div/div/input not found in 5 seconds.", "trace": "self = <test_01_create_user.TestCreateUser object at 0x0512B830>\n\n    @pytest.mark.flaky(reruns=3)\n    def test_create_user(self):\n    \n        login = Login(self.dr)\n        login.login(\"系统管理员\",'123456')\n    \n        datas = datainfo.get_xls_to_dict(\"user.xlsx\", \"Sheet1\")[0]\n        upage = sysUorgMgrPage.SysUorgMgrPage(self.dr)\n        ua = userAction.UserAction(self.dr)\n    \n        ua.create_user(datas[\"mgrname\"],datas[\"username\"],datas[\"firstname\"],datas[\"password\"],datas[\"repassword\"],datas[\"email\"])\n        # upage.input_select_user(datas[\"username\"])\n        #查看用户，进行校验\n>       upage.input_select_user(datas[\"username\"])\n\ntestcase\\test_01_create_user.py:35: \n_ _ _ _ _ _ _ _ _ _ _ _ _ _ _ _ _ _ _ _ _ _ _ _ _ _ _ _ _ _ _ _ _ _ _ _ _ _ _ _\npublic\\pages\\sysUorgMgrPage.py:48: in input_select_user\n    self.dr.type_and_enter(\"xpath->//div[@class='table-toolbar']/div/div//form/div/div/input\",value)\npublic\\common\\pyselenium.py:588: in type_and_enter\n    self.element_wait(css)\npublic\\common\\pyselenium.py:91: in element_wait\n    WebDriverWait(self.driver, secs, 1).until(EC.presence_of_element_located((By.XPATH, value)), messages)\n_ _ _ _ _ _ _ _ _ _ _ _ _ _ _ _ _ _ _ _ _ _ _ _ _ _ _ _ _ _ _ _ _ _ _ _ _ _ _ _\n\nself = <selenium.webdriver.support.wait.WebDriverWait (session=\"aa50a2ca-974d-4f9b-84bc-fd71591772a0\")>\nmethod = <selenium.webdriver.support.expected_conditions.presence_of_element_located object at 0x058C93D0>\nmessage = \"Element: xpath->//div[@class='table-toolbar']/div/div//form/div/div/input not found in 5 seconds.\"\n\n    def until(self, method, message=''):\n        \"\"\"Calls the method provided with the driver as an argument until the \\\n        return value is not False.\"\"\"\n        screen = None\n        stacktrace = None\n    \n        end_time = time.time() + self._timeout\n        while True:\n            try:\n                value = method(self._driver)\n                if value:\n                    return value\n            except self._ignored_exceptions as exc:\n                screen = getattr(exc, 'screen', None)\n                stacktrace = getattr(exc, 'stacktrace', None)\n            time.sleep(self._poll)\n            if time.time() > end_time:\n                break\n>       raise TimeoutException(message, screen, stacktrace)\nE       selenium.common.exceptions.TimeoutException: Message: Element: xpath->//div[@class='table-toolbar']/div/div//form/div/div/input not found in 5 seconds.\n\nD:\\Env\\ui_auto\\lib\\site-packages\\selenium\\webdriver\\support\\wait.py:80: TimeoutException"}, "attachments": [{"name": "log", "source": "b8e2ed4c-c83b-45ab-890e-bd00992203af-attachment.txt", "type": "text/plain"}], "start": 1572683158706, "stop": 1572683177922, "uuid": "b4f4ebfe-f2b7-4464-b2a0-a1c7db4fa199", "historyId": "eeff835bc94316153805f2a10f989d72", "testCaseId": "40f03c619f202f55d795c82c7beca356", "fullName": "testcase.test_01_create_user.TestCreateUser#test_create_user", "labels": [{"name": "parentSuite", "value": "testcase"}, {"name": "suite", "value": "test_01_create_user"}, {"name": "subSuite", "value": "TestCreateUser"}, {"name": "host", "value": "wuzs"}, {"name": "thread", "value": "5348-MainThread"}, {"name": "framework", "value": "pytest"}, {"name": "language", "value": "cpython3"}, {"name": "package", "value": "testcase.test_01_create_user"}]}