{"name": "test_delete_vmware_endpoint", "status": "broken", "statusDetails": {"message": "selenium.common.exceptions.TimeoutException: Message: Element: xpath->//a[contains(.,'河南')]/parent::li//child::i not found in 5 seconds.", "trace": "self = <test_17_delete_endpoint.TestDeleteEndpoint object at 0x00755110>\n\n    @pytest.mark.flaky(reruns=3)\n    def test_delete_vmware_endpoint(self):\n        \"\"\"\n        测试删除vmware，endpoint\n        :return:\n        \"\"\"\n        p_data = datainfo.get_xls_to_dict(\"res_node_data.xlsx\", \"endpoint\")[0]\n        # self.arn.add_endpoint(p_data[\"regionname\"],p_data[\"nodename\"],p_data[\"servicename\"],p_data[\"url\"])\n>       self.arn.delete_endpoint(p_data[\"regionname\"],p_data[\"nodename\"],p_data[\"servicename\"])\n\ntestcase\\test_17_delete_endpoint.py:46: \n_ _ _ _ _ _ _ _ _ _ _ _ _ _ _ _ _ _ _ _ _ _ _ _ _ _ _ _ _ _ _ _ _ _ _ _ _ _ _ _\npublic\\appModel\\resNodeAction.py:129: in delete_endpoint\n    self.regionpg.click_region_tree(reginname)\npublic\\pages\\sys_regionMgrPage.py:60: in click_region_tree\n    self.dr.click(\"xpath->//a[contains(.,'%s')]/parent::li//child::i\"%value)\npublic\\common\\pyselenium.py:213: in click\n    self.element_wait(css)\npublic\\common\\pyselenium.py:91: in element_wait\n    WebDriverWait(self.driver, secs, 1).until(EC.presence_of_element_located((By.XPATH, value)), messages)\n_ _ _ _ _ _ _ _ _ _ _ _ _ _ _ _ _ _ _ _ _ _ _ _ _ _ _ _ _ _ _ _ _ _ _ _ _ _ _ _\n\nself = <selenium.webdriver.support.wait.WebDriverWait (session=\"7dfd8a92-3c11-46cd-97b0-02a6947a1d5d\")>\nmethod = <selenium.webdriver.support.expected_conditions.presence_of_element_located object at 0x00CD7150>\nmessage = \"Element: xpath->//a[contains(.,'河南')]/parent::li//child::i not found in 5 seconds.\"\n\n    def until(self, method, message=''):\n        \"\"\"Calls the method provided with the driver as an argument until the \\\n        return value is not False.\"\"\"\n        screen = None\n        stacktrace = None\n    \n        end_time = time.time() + self._timeout\n        while True:\n            try:\n                value = method(self._driver)\n                if value:\n                    return value\n            except self._ignored_exceptions as exc:\n                screen = getattr(exc, 'screen', None)\n                stacktrace = getattr(exc, 'stacktrace', None)\n            time.sleep(self._poll)\n            if time.time() > end_time:\n                break\n>       raise TimeoutException(message, screen, stacktrace)\nE       selenium.common.exceptions.TimeoutException: Message: Element: xpath->//a[contains(.,'河南')]/parent::li//child::i not found in 5 seconds.\n\nD:\\Env\\ui_auto\\lib\\site-packages\\selenium\\webdriver\\support\\wait.py:80: TimeoutException"}, "description": "\n        测试删除vmware，endpoint\n        :return:\n        ", "attachments": [{"name": "log", "source": "69f44a94-b754-465f-b384-ccbc617afcac-attachment.txt", "type": "text/plain"}], "start": 1572677763383, "stop": 1572677770661, "uuid": "095b5d06-d63c-42e1-a8d9-953d4c131333", "historyId": "43e94999e059f8fd1258cd6d742a475e", "testCaseId": "5ccc68a2129d588a6153df256e92510c", "fullName": "testcase.test_17_delete_endpoint.TestDeleteEndpoint#test_delete_vmware_endpoint", "labels": [{"name": "parentSuite", "value": "testcase"}, {"name": "suite", "value": "test_17_delete_endpoint"}, {"name": "subSuite", "value": "TestDeleteEndpoint"}, {"name": "host", "value": "wuzs"}, {"name": "thread", "value": "7064-MainThread"}, {"name": "framework", "value": "pytest"}, {"name": "language", "value": "cpython3"}, {"name": "package", "value": "testcase.test_17_delete_endpoint"}]}