{"name": "test_create_vpool", "status": "broken", "statusDetails": {"message": "selenium.common.exceptions.TimeoutException: Message: Element: xpath->(//input[@type='text'])[12] not found in 5 seconds.", "trace": "self = <test_11_ceate_crate_vpool.TestCreateVpool object at 0x05120B50>\n\n    @pytest.mark.flaky(reruns=3)\n    def test_create_vpool(self):\n        vdc_a = vdcAction.VdcACction(self.dr)\n        vdc_pg = vdcPage.VdcPage(self.dr)\n        login = Login(self.dr)\n        datas = datainfo.get_xls_to_dict(\"user.xlsx\", \"Sheet1\")[0]\n        p_data = datainfo.get_xls_to_dict(\"vdc_vpool.xlsx\",\"Sheet1\")[0]\n        login.login(datas[\"username\"], datas[\"password\"])\n        vdc_a.create_vpool(p_data[\"vdcname\"],p_data[\"vpoolname\"],\"虚拟资源\",\"数据中心\",\n>                          \"DC1\",p_data[\"vpooldesc\"])\n\ntestcase\\test_11_ceate_crate_vpool.py:30: \n_ _ _ _ _ _ _ _ _ _ _ _ _ _ _ _ _ _ _ _ _ _ _ _ _ _ _ _ _ _ _ _ _ _ _ _ _ _ _ _\npublic\\appModel\\vdcAction.py:36: in create_vpool\n    self.vdcpage.search_vdc(vdcname)\npublic\\pages\\vdcPage.py:28: in search_vdc\n    self.dr.type_and_enter(\"xpath->(//input[@type='text'])[12]\",value)\npublic\\common\\pyselenium.py:588: in type_and_enter\n    self.element_wait(css)\npublic\\common\\pyselenium.py:91: in element_wait\n    WebDriverWait(self.driver, secs, 1).until(EC.presence_of_element_located((By.XPATH, value)), messages)\n_ _ _ _ _ _ _ _ _ _ _ _ _ _ _ _ _ _ _ _ _ _ _ _ _ _ _ _ _ _ _ _ _ _ _ _ _ _ _ _\n\nself = <selenium.webdriver.support.wait.WebDriverWait (session=\"6a060a17-720b-43b9-9d8a-5a5dbf6200dc\")>\nmethod = <selenium.webdriver.support.expected_conditions.presence_of_element_located object at 0x050B9790>\nmessage = \"Element: xpath->(//input[@type='text'])[12] not found in 5 seconds.\"\n\n    def until(self, method, message=''):\n        \"\"\"Calls the method provided with the driver as an argument until the \\\n        return value is not False.\"\"\"\n        screen = None\n        stacktrace = None\n    \n        end_time = time.time() + self._timeout\n        while True:\n            try:\n                value = method(self._driver)\n                if value:\n                    return value\n            except self._ignored_exceptions as exc:\n                screen = getattr(exc, 'screen', None)\n                stacktrace = getattr(exc, 'stacktrace', None)\n            time.sleep(self._poll)\n            if time.time() > end_time:\n                break\n>       raise TimeoutException(message, screen, stacktrace)\nE       selenium.common.exceptions.TimeoutException: Message: Element: xpath->(//input[@type='text'])[12] not found in 5 seconds.\n\nD:\\Env\\ui_auto\\lib\\site-packages\\selenium\\webdriver\\support\\wait.py:80: TimeoutException"}, "attachments": [{"name": "log", "source": "0ac7542d-7ea0-4111-ba32-2355c96de4eb-attachment.txt", "type": "text/plain"}], "start": 1572677109885, "stop": 1572677124223, "uuid": "5a7fd1e3-45e7-49d5-b6db-bdf7e4274e1b", "historyId": "cf96f0fa38cf85928985b0aacdd2379e", "testCaseId": "fa657ae1d7f462e793cf746d83b18a5d", "fullName": "testcase.test_11_ceate_crate_vpool.TestCreateVpool#test_create_vpool", "labels": [{"name": "parentSuite", "value": "testcase"}, {"name": "suite", "value": "test_11_ceate_crate_vpool"}, {"name": "subSuite", "value": "TestCreateVpool"}, {"name": "host", "value": "wuzs"}, {"name": "thread", "value": "7064-MainThread"}, {"name": "framework", "value": "pytest"}, {"name": "language", "value": "cpython3"}, {"name": "package", "value": "testcase.test_11_ceate_crate_vpool"}]}