{"name": "test_create", "status": "broken", "statusDetails": {"message": "selenium.common.exceptions.TimeoutException: Message: Element: xpath->//button[contains(.,'新建运营部门')] not found in 5 seconds.", "trace": "self = <test_03_create_tenant.TestTeant object at 0x00766CF0>\n\n    @pytest.mark.flaky(reruns=3)\n    def test_create(self):\n    \n        login = Login(self.dr)\n        datas = datainfo.get_xls_to_dict(\"user.xlsx\", \"Sheet1\")[0]\n        t_data = datainfo.get_xls_to_dict(\"tenantdata.xlsx\",\"Sheet1\")[0]\n    \n        tpg = authTenantPage.AuthTenantPage(self.dr)\n        ta =  tenantAction.TenantAction(self.dr)\n        # login.login(\"wuzs0001\",\"1qaz!QAZ\")\n        login.login(datas[\"username\"],datas[\"password\"])\n>       ta.create_tenant(t_data[\"tenantname\"],t_data[\"linkmanname\"],t_data[\"linkmanphoneno\"])\n\ntestcase\\test_03_create_tenant.py:34: \n_ _ _ _ _ _ _ _ _ _ _ _ _ _ _ _ _ _ _ _ _ _ _ _ _ _ _ _ _ _ _ _ _ _ _ _ _ _ _ _\npublic\\appModel\\tenantAction.py:30: in create_tenant\n    self.tenantpg.click_create_tenant_button()\npublic\\pages\\authTenantPage.py:19: in click_create_tenant_button\n    self.dr.click(\"xpath->//button[contains(.,'新建运营部门')]\")\npublic\\common\\pyselenium.py:213: in click\n    self.element_wait(css)\npublic\\common\\pyselenium.py:91: in element_wait\n    WebDriverWait(self.driver, secs, 1).until(EC.presence_of_element_located((By.XPATH, value)), messages)\n_ _ _ _ _ _ _ _ _ _ _ _ _ _ _ _ _ _ _ _ _ _ _ _ _ _ _ _ _ _ _ _ _ _ _ _ _ _ _ _\n\nself = <selenium.webdriver.support.wait.WebDriverWait (session=\"c8630d2e-9257-4b34-85b5-aaa5d17a6e34\")>\nmethod = <selenium.webdriver.support.expected_conditions.presence_of_element_located object at 0x05113BB0>\nmessage = \"Element: xpath->//button[contains(.,'新建运营部门')] not found in 5 seconds.\"\n\n    def until(self, method, message=''):\n        \"\"\"Calls the method provided with the driver as an argument until the \\\n        return value is not False.\"\"\"\n        screen = None\n        stacktrace = None\n    \n        end_time = time.time() + self._timeout\n        while True:\n            try:\n                value = method(self._driver)\n                if value:\n                    return value\n            except self._ignored_exceptions as exc:\n                screen = getattr(exc, 'screen', None)\n                stacktrace = getattr(exc, 'stacktrace', None)\n            time.sleep(self._poll)\n            if time.time() > end_time:\n                break\n>       raise TimeoutException(message, screen, stacktrace)\nE       selenium.common.exceptions.TimeoutException: Message: Element: xpath->//button[contains(.,'新建运营部门')] not found in 5 seconds.\n\nD:\\Env\\ui_auto\\lib\\site-packages\\selenium\\webdriver\\support\\wait.py:80: TimeoutException"}, "attachments": [{"name": "log", "source": "d18291e7-81d5-4791-9aa4-d8aa5aefb97a-attachment.txt", "type": "text/plain"}], "start": 1572676306843, "stop": 1572676322024, "uuid": "7c4d6c06-a9ac-4b04-a1ed-3047c2f2b534", "historyId": "44c6656fe799e7f2ad411208bf6ac383", "testCaseId": "0c51a99e1150ad1d4da546de773002cf", "fullName": "testcase.test_03_create_tenant.TestTeant#test_create", "labels": [{"name": "parentSuite", "value": "testcase"}, {"name": "suite", "value": "test_03_create_tenant"}, {"name": "subSuite", "value": "TestTeant"}, {"name": "host", "value": "wuzs"}, {"name": "thread", "value": "7064-MainThread"}, {"name": "framework", "value": "pytest"}, {"name": "language", "value": "cpython3"}, {"name": "package", "value": "testcase.test_03_create_tenant"}]}