{"name": "test_delete_project", "status": "broken", "statusDetails": {"message": "selenium.common.exceptions.TimeoutException: Message: Element: xpath->//div[@class='table-toolbar']/div/div//form/div/div/input not found in 5 seconds.", "trace": "self = <test_15_delete_project.TestProjectDelete object at 0x051043B0>\n\n    @pytest.mark.flaky(reruns=3)\n    def test_delete_project(self):\n    \n        login = Login(self.dr)\n        datas = datainfo.get_xls_to_dict(\"user.xlsx\", \"Sheet1\")[0]\n        p_data = datainfo.get_xls_to_dict(\"projectdata.xlsx\",\"Sheet1\")[0]\n    \n        ppg = authProjectPage.AuthProjectPage(self.dr)\n        pac = projectAction.PojectAction(self.dr)\n        # login.login(\"wuzs0001\",\"1qaz!QAZ\")\n        login.login(datas[\"username\"],datas[\"password\"])\n        #tenantname,projectname,projectdesc\n>       pac.delete_project(p_data[\"projectname\"])\n\ntestcase\\test_15_delete_project.py:31: \n_ _ _ _ _ _ _ _ _ _ _ _ _ _ _ _ _ _ _ _ _ _ _ _ _ _ _ _ _ _ _ _ _ _ _ _ _ _ _ _\npublic\\appModel\\projectAction.py:36: in delete_project\n    self.propg.input_and_search_project(projectname)\npublic\\pages\\authProjectPage.py:42: in input_and_search_project\n    self.dr.type_and_enter(\"xpath->//div[@class='table-toolbar']/div/div//form/div/div/input\",value)\npublic\\common\\pyselenium.py:588: in type_and_enter\n    self.element_wait(css)\npublic\\common\\pyselenium.py:91: in element_wait\n    WebDriverWait(self.driver, secs, 1).until(EC.presence_of_element_located((By.XPATH, value)), messages)\n_ _ _ _ _ _ _ _ _ _ _ _ _ _ _ _ _ _ _ _ _ _ _ _ _ _ _ _ _ _ _ _ _ _ _ _ _ _ _ _\n\nself = <selenium.webdriver.support.wait.WebDriverWait (session=\"d3bdea6a-16c1-4fbd-b0d9-98b78635c4ca\")>\nmethod = <selenium.webdriver.support.expected_conditions.presence_of_element_located object at 0x007CB670>\nmessage = \"Element: xpath->//div[@class='table-toolbar']/div/div//form/div/div/input not found in 5 seconds.\"\n\n    def until(self, method, message=''):\n        \"\"\"Calls the method provided with the driver as an argument until the \\\n        return value is not False.\"\"\"\n        screen = None\n        stacktrace = None\n    \n        end_time = time.time() + self._timeout\n        while True:\n            try:\n                value = method(self._driver)\n                if value:\n                    return value\n            except self._ignored_exceptions as exc:\n                screen = getattr(exc, 'screen', None)\n                stacktrace = getattr(exc, 'stacktrace', None)\n            time.sleep(self._poll)\n            if time.time() > end_time:\n                break\n>       raise TimeoutException(message, screen, stacktrace)\nE       selenium.common.exceptions.TimeoutException: Message: Element: xpath->//div[@class='table-toolbar']/div/div//form/div/div/input not found in 5 seconds.\n\nD:\\Env\\ui_auto\\lib\\site-packages\\selenium\\webdriver\\support\\wait.py:80: TimeoutException"}, "attachments": [{"name": "log", "source": "303ed7fb-f5d7-4e09-ac4c-448a091d5861-attachment.txt", "type": "text/plain"}], "start": 1572677575707, "stop": 1572677589461, "uuid": "8bf11ed3-bf6f-46c6-8254-c84947a1b674", "historyId": "9c075488994ee6ae32a30f69a525744b", "testCaseId": "44994c7bcc229f0a8a1edac61b6bfb67", "fullName": "testcase.test_15_delete_project.TestProjectDelete#test_delete_project", "labels": [{"name": "parentSuite", "value": "testcase"}, {"name": "suite", "value": "test_15_delete_project"}, {"name": "subSuite", "value": "TestProjectDelete"}, {"name": "host", "value": "wuzs"}, {"name": "thread", "value": "7064-MainThread"}, {"name": "framework", "value": "pytest"}, {"name": "language", "value": "cpython3"}, {"name": "package", "value": "testcase.test_15_delete_project"}]}