{"name": "test_delete_openstack_endpoint", "status": "broken", "statusDetails": {"message": "selenium.common.exceptions.TimeoutException: Message: Element: xpath->(//a[contains(text(),'vmware_api')]) not found in 5 seconds.", "trace": "self = <test_17_delete_endpoint.TestDeleteEndpoint object at 0x01546330>\n\n    @allure.story(\"openstack删除endpoint\")\n    @pytest.mark.flaky(reruns=3)\n    def test_delete_openstack_endpoint(self):\n        \"\"\"\n        测试删除openstack，endpoint\n        :return:\n        \"\"\"\n    \n        p_data = datainfo.get_xls_to_dict(\"res_node_data.xlsx\", \"endpoint\")[1]\n        # self.arn.add_endpoint(p_data[\"regionname\"], p_data[\"nodename\"], p_data[\"servicename\"], p_data[\"url\"])\n>       self.arn.delete_endpoint(p_data[\"regionname\"], p_data[\"nodename\"], p_data[\"servicename\"])\n\ntestcase\\test_17_delete_endpoint.py:73: \n_ _ _ _ _ _ _ _ _ _ _ _ _ _ _ _ _ _ _ _ _ _ _ _ _ _ _ _ _ _ _ _ _ _ _ _ _ _ _ _\npublic\\appModel\\resNodeAction.py:130: in delete_endpoint\n    self.regionpg.click_tree_res_service(servicename)\npublic\\pages\\sys_regionMgrPage.py:90: in click_tree_res_service\n    self.dr.click(\"xpath->(//a[contains(text(),'%s')])\"%value)\npublic\\common\\pyselenium.py:213: in click\n    self.element_wait(css)\npublic\\common\\pyselenium.py:91: in element_wait\n    WebDriverWait(self.driver, secs, 1).until(EC.presence_of_element_located((By.XPATH, value)), messages)\n_ _ _ _ _ _ _ _ _ _ _ _ _ _ _ _ _ _ _ _ _ _ _ _ _ _ _ _ _ _ _ _ _ _ _ _ _ _ _ _\n\nself = <selenium.webdriver.support.wait.WebDriverWait (session=\"669cf64f-f18b-458f-8d35-047f488e5d80\")>\nmethod = <selenium.webdriver.support.expected_conditions.presence_of_element_located object at 0x013C4610>\nmessage = \"Element: xpath->(//a[contains(text(),'vmware_api')]) not found in 5 seconds.\"\n\n    def until(self, method, message=''):\n        \"\"\"Calls the method provided with the driver as an argument until the \\\n        return value is not False.\"\"\"\n        screen = None\n        stacktrace = None\n    \n        end_time = time.time() + self._timeout\n        while True:\n            try:\n                value = method(self._driver)\n                if value:\n                    return value\n            except self._ignored_exceptions as exc:\n                screen = getattr(exc, 'screen', None)\n                stacktrace = getattr(exc, 'stacktrace', None)\n            time.sleep(self._poll)\n            if time.time() > end_time:\n                break\n>       raise TimeoutException(message, screen, stacktrace)\nE       selenium.common.exceptions.TimeoutException: Message: Element: xpath->(//a[contains(text(),'vmware_api')]) not found in 5 seconds.\n\nD:\\Env\\ui_auto\\lib\\site-packages\\selenium\\webdriver\\support\\wait.py:80: TimeoutException"}, "description": "\n        测试删除openstack，endpoint\n        :return:\n        ", "attachments": [{"name": "log", "source": "d42ef9d6-a039-4419-9354-5ec38c0e9f8f-attachment.txt", "type": "text/plain"}], "start": 1572708961831, "stop": 1572708971459, "uuid": "5e9bcd02-7482-4567-baeb-1c73ac9aa543", "historyId": "fe057fe1de3fcfe5ae80ad0116cccbf5", "testCaseId": "92959492d8f383f8a5288ee2ada9e9be", "fullName": "testcase.test_17_delete_endpoint.TestDeleteEndpoint#test_delete_openstack_endpoint", "labels": [{"name": "story", "value": "openstack删除endpoint"}, {"name": "feature", "value": "资源节点管理"}, {"name": "parentSuite", "value": "testcase"}, {"name": "suite", "value": "test_17_delete_endpoint"}, {"name": "subSuite", "value": "TestDeleteEndpoint"}, {"name": "host", "value": "wuzs"}, {"name": "thread", "value": "9488-MainThread"}, {"name": "framework", "value": "pytest"}, {"name": "language", "value": "cpython3"}, {"name": "package", "value": "testcase.test_17_delete_endpoint"}]}